[Licensing::Module] Trying to connect to existing licensing client channel...
Built from '6000.4/staging' branch; Version is '6000.4.1f1 (8535861f39e1) revision 8729990'; Using compiler version '194234433'; Build Type 'Release'
OS: 'Windows 11  (10.0.26200) Core' Language: 'ru' Physical Memory: 32557 MB
[Licensing::IpcConnector] Successfully connected to: "LicenseClient-HYPERPC" at "2026-05-15T10:03:05.4039219Z"
BatchMode: 1, IsHumanControllingUs: 0, StartBugReporterOnCrash: 0, Is64bit: 1
System  architecture: x64
Process architecture: x64
Date: 2026-05-15T10:03:05Z

COMMAND LINE ARGUMENTS:
C:\Program Files\Unity\Hub\Editor\6000.4.1f1\Editor\Unity.exe
-batchmode
-quit
-projectPath
c:\Users\HYPERPC\Computer-game-The-Hero-\source code\My project
-executeMethod
TheHero.Editor.TheHeroFixCameraAndHeroFollow.FixCameraAndHeroFollow
-logFile
c:\Users\HYPERPC\Computer-game-The-Hero-\source code\My project\camera_fix_unity.log
Successfully changed project path to: c:\Users\HYPERPC\Computer-game-The-Hero-\source code\My project
C:/Users/HYPERPC/Computer-game-The-Hero-/source code/My project
[UnityMemory] Configuration Parameters - Can be set up in boot.config
    "memorysetup-temp-allocator-size-gi-baking-worker=262144"
    "memorysetup-temp-allocator-size-gi-baking-worker=262144"
    "memorysetup-temp-allocator-size-gi-baking-worker=262144"
    "memorysetup-temp-allocator-size-gi-baking-worker=262144"
    "memorysetup-temp-allocator-size-gi-baking-worker=262144"
    "memorysetup-temp-allocator-size-nav-mesh-worker=65536"
    "memorysetup-temp-allocator-size-audio-worker=65536"
    "memorysetup-temp-allocator-size-cloud-worker=32768"
    "memorysetup-temp-allocator-size-gfx=262144"
    "memorysetup-temp-allocator-size-preload-manager=33554432"
    "memorysetup-temp-allocator-size-job-worker=262144"
    "memorysetup-temp-allocator-size-background-worker=32768"
    "memorysetup-allocator-temp-initial-block-size-main=262144"
    "memorysetup-allocator-temp-initial-block-size-worker=262144"
    "memorysetup-bucket-allocator-granularity=16"
    "memorysetup-bucket-allocator-bucket-count=8"
    "memorysetup-bucket-allocator-block-size=33554432"
    "memorysetup-bucket-allocator-block-count=8"
    "memorysetup-main-allocator-block-size=16777216"
    "memorysetup-thread-allocator-block-size=16777216"
    "memorysetup-gfx-main-allocator-block-size=16777216"
    "memorysetup-gfx-thread-allocator-block-size=16777216"
    "memorysetup-cache-allocator-block-size=4194304"
    "memorysetup-typetree-allocator-block-size=2097152"
    "memorysetup-profiler-bucket-allocator-granularity=16"
    "memorysetup-profiler-bucket-allocator-bucket-count=8"
    "memorysetup-profiler-bucket-allocator-block-size=33554432"
    "memorysetup-profiler-bucket-allocator-block-count=8"
    "memorysetup-profiler-allocator-block-size=16777216"
    "memorysetup-profiler-editor-allocator-block-size=1048576"
    "memorysetup-temp-allocator-size-main=16777216"
    "memorysetup-job-temp-allocator-block-size=2097152"
    "memorysetup-job-temp-allocator-block-size-background=1048576"
    "memorysetup-job-temp-allocator-reduction-small-platforms=262144"
Player connection [11692]  Target information:

Player connection [11692]  * "[IP] 10.99.25.20 [Port] 55504 [Flags] 2 [Guid] 2305865335 [EditorId] 2305865335 [Version] 1048832 [Id] WindowsEditor(7,DESKTOP-5TNIE0I) [Debug] 1 [PackageName] WindowsEditor [ProjectName] Editor" 

Player connection [11692]  * "[IP] 172.25.112.1 [Port] 55504 [Flags] 2 [Guid] 2305865335 [EditorId] 2305865335 [Version] 1048832 [Id] WindowsEditor(7,DESKTOP-5TNIE0I) [Debug] 1 [PackageName] WindowsEditor [ProjectName] Editor" 

Player connection [11692]  * "[IP] 172.18.0.1 [Port] 55504 [Flags] 2 [Guid] 2305865335 [EditorId] 2305865335 [Version] 1048832 [Id] WindowsEditor(7,DESKTOP-5TNIE0I) [Debug] 1 [PackageName] WindowsEditor [ProjectName] Editor" 

Player connection [11692] Host joined multi-casting on [225.0.0.222:54997]...
Player connection [11692] Host joined alternative multi-casting on [225.0.0.222:34997]...
Input System module state changed to: Initialized.
[Physics::Module] Initialized fallback backend.
[Physics::Module] Id: 0xdecafbad
[Package Manager] Connected to IPC stream "Upm-32588" after 0.3 seconds.
[Licensing::Module] Licensing is not yet initialized.
[Licensing::Client] Error: HandshakeResponse reported an error:
	ResponseCode: 505
	ResponseStatus: Unsupported protocol version '1.18.1'.
[Licensing::Module] Error: Failed to handshake to channel: "LicenseClient-HYPERPC"
[Licensing::IpcConnector] LicenseClient-HYPERPC channel disconnected successfully.
[Licensing::IpcConnector] Channel LicenseClient-HYPERPC-6000.4.1 doesn't exist
[Licensing::Module] Successfully launched the LicensingClient (PId: 25436)
[Licensing::IpcConnector] Successfully connected to: "LicenseClient-HYPERPC-6000.4.1" at "2026-05-15T10:03:06.4804491Z"
[Licensing::Client] Handshaking with LicensingClient:
  Version:                 1.18.1+9fbee8e
  Session Id:              bacb71e3a9d04c10a5410d5329d4614a
  Correlation Id:          3b80ea6a7300297d4feb160b742885b7
  External correlation Id: 3415885955200501147
  Machine Id:              2bcfagqq1DNenXtoR+usphFc6NE=
[Licensing::Module] Successfully connected to LicensingClient on channel: "LicenseClient-HYPERPC-6000.4.1" (connect: 0.25s, validation: 0.04s, handshake: 0.77s)
[Licensing::IpcConnector] Successfully connected to: "LicenseClient-HYPERPC-6000.4.1-notifications" at "2026-05-15T10:03:07.2896233Z"
[Licensing::Module] Connected to LicensingClient (PId: 25436, launch time: 0.01, total connection time: 1.05s)
[Licensing::Module] Error: Access token is unavailable; failed to update
[Licensing::Client] Successfully resolved entitlement details
[Licensing::Module] License group:
  Id: 9072390612952-UnityPersXXXX
  Product: Unity Personal
  Type: Assigned
  Expiration: Unlimited
[Licensing::Client] Successfully updated license, isAsync: True, time: 0.01
[Licensing::Client] Successfully resolved entitlement details
[Licensing::Module] Licensing Background thread has ended after 1.91s
[Licensing::Module] Licensing is initialized (took 1.41s).
[Licensing::Client] Successfully resolved entitlement details
Library Redirect Path: Library/
[Physics::Module] Selected backend.
[Physics::Module] Name: PhysX
[Physics::Module] Id: 0xf2b8ea05
[Physics::Module] SDK Version: 4.1.2
[Physics::Module] Integration Version: 1.0.0
[Physics::Module] Threading Mode: Multi-Threaded
Artifact Garbage Collection - Removed 1 unused hashed content files
Initialize engine version: 6000.4.1f1 (8535861f39e1)
[Subsystems] Discovering subsystems at path C:/Program Files/Unity/Hub/Editor/6000.4.1f1/Editor/Data/Resources/UnitySubsystems
[Subsystems] Discovering subsystems at path C:/Users/HYPERPC/Computer-game-The-Hero-/source code/My project/Assets
GfxDevice: creating device client; kGfxThreadingModeNonThreaded
Direct3D:
    Version:  Direct3D 11.0 [level 11.1]
    Renderer: NVIDIA GeForce RTX 3050 (ID=0x2584)
    Vendor:   NVIDIA
    VRAM:     6002 MB
    Driver:   32.0.15.9186
Initialize mono
Mono path[0] = 'C:/Program Files/Unity/Hub/Editor/6000.4.1f1/Editor/Data/Managed'
Mono path[1] = 'C:/Program Files/Unity/Hub/Editor/6000.4.1f1/Editor/Data/MonoBleedingEdge/lib/mono/unityjit-win32'
Mono config path = 'C:/Program Files/Unity/Hub/Editor/6000.4.1f1/Editor/Data/MonoBleedingEdge/etc'
Using monoOptions --debugger-agent=transport=dt_socket,embedding=1,server=y,suspend=n,address=127.0.0.1:56588
CodeReloadManager initialized
Using cacheserver namespaces - metadata:defaultmetadata, artifacts:defaultartifacts
Using cacheserver namespaces - metadata:defaultmetadata, artifacts:defaultartifacts
ImportWorker Server TCP listen port: 0
AcceleratorClientConnectionCallback - disconnected - :0
Begin MonoManager ReloadAssembly
Registering precompiled unity dll's ...
Register platform support module: C:/Program Files/Unity/Hub/Editor/6000.4.1f1/Editor/Data/PlaybackEngines/WebGLSupport/UnityEditor.WebGL.Extensions.dll
Register platform support module: C:/Program Files/Unity/Hub/Editor/6000.4.1f1/Editor/Data/PlaybackEngines/WindowsStandaloneSupport/UnityEditor.WindowsStandalone.Extensions.dll
Registered in 0.001487 seconds.
Native extension for WindowsStandalone target not found
Native extension for WebGL target not found
Package Manager log level set to [2]
ScheduleIndexationOnStartup MainProcess:False IndexOnStartup:True
Mono: successfully reloaded assembly
- Finished resetting the current domain, in  0.362 seconds
Domain Reload Profiling: 753ms
	BeginReloadAssembly (114ms)
		CreateAndSetChildDomain (9ms)
	RebuildCommonClasses (37ms)
	RebuildNativeTypeToScriptingClass (11ms)
	initialDomainReloadingComplete (57ms)
	LoadAllAssembliesAndSetupDomain (172ms)
		LoadAssemblies (104ms)
		AnalyzeDomain (163ms)
			TypeCache.Refresh (163ms)
				TypeCache.ScanAssembly (152ms)
	FinalizeReload (363ms)
		SetupLoadedEditorAssemblies (0ms)
			InitializePlatformSupportModulesInManaged (46ms)
			BeforeProcessingInitializeOnLoad (80ms)
			ProcessInitializeOnLoadAttributes (96ms)
			ProcessInitializeOnLoadMethodAttributes (83ms)
[Licensing::Client] Successfully resolved entitlement details
Application.AssetDatabase Initial Refresh Start
[Package Manager] Restoring resolved packages state from cache
[Licensing::Client] Successfully resolved entitlement details
[Package Manager] Registered 76 packages:
  Packages from [https://packages.unity.com]:
    com.unity.2d.animation@14.0.3 (location: C:\Users\HYPERPC\Computer-game-The-Hero-\source code\My project\Library\PackageCache\com.unity.2d.animation@a6f2f1d22eb5)
    com.unity.2d.aseprite@4.0.1 (location: C:\Users\HYPERPC\Computer-game-The-Hero-\source code\My project\Library\PackageCache\com.unity.2d.aseprite@151b68d46c40)
    com.unity.2d.psdimporter@13.0.2 (location: C:\Users\HYPERPC\Computer-game-The-Hero-\source code\My project\Library\PackageCache\com.unity.2d.psdimporter@11a0e04e0561)
    com.unity.2d.spriteshape@14.0.1 (location: C:\Users\HYPERPC\Computer-game-The-Hero-\source code\My project\Library\PackageCache\com.unity.2d.spriteshape@da3647ffbbd7)
    com.unity.2d.tilemap.extras@7.0.1 (location: C:\Users\HYPERPC\Computer-game-The-Hero-\source code\My project\Library\PackageCache\com.unity.2d.tilemap.extras@66df903b3633)
    com.unity.2d.tooling@2.0.1 (location: C:\Users\HYPERPC\Computer-game-The-Hero-\source code\My project\Library\PackageCache\com.unity.2d.tooling@baa4133dcff2)
    com.unity.ai.assistant@2.8.0-pre.1 (location: C:\Users\HYPERPC\Computer-game-The-Hero-\source code\My project\Library\PackageCache\com.unity.ai.assistant@667f49aff9c0)
    com.unity.ai.inference@2.6.1 (location: C:\Users\HYPERPC\Computer-game-The-Hero-\source code\My project\Library\PackageCache\com.unity.ai.inference@9a123aee5df7)
    com.unity.collab-proxy@2.12.4 (location: C:\Users\HYPERPC\Computer-game-The-Hero-\source code\My project\Library\PackageCache\com.unity.collab-proxy@0b1559bcd34e)
    com.unity.ide.rider@3.0.39 (location: C:\Users\HYPERPC\Computer-game-The-Hero-\source code\My project\Library\PackageCache\com.unity.ide.rider@4504839d03f7)
    com.unity.ide.visualstudio@2.0.27 (location: C:\Users\HYPERPC\Computer-game-The-Hero-\source code\My project\Library\PackageCache\com.unity.ide.visualstudio@dc1ddd4f09b6)
    com.unity.inputsystem@1.19.0 (location: C:\Users\HYPERPC\Computer-game-The-Hero-\source code\My project\Library\PackageCache\com.unity.inputsystem@21a28c3a6c83)
    com.unity.microsoft.gdk@1.6.0 (location: C:\Users\HYPERPC\Computer-game-The-Hero-\source code\My project\Library\PackageCache\com.unity.microsoft.gdk@343e03cd89b8)
    com.unity.microsoft.gdk.tools@1.6.0 (location: C:\Users\HYPERPC\Computer-game-The-Hero-\source code\My project\Library\PackageCache\com.unity.microsoft.gdk.tools@5ae7d42b911f)
    com.unity.purchasing@5.3.0 (location: C:\Users\HYPERPC\Computer-game-The-Hero-\source code\My project\Library\PackageCache\com.unity.purchasing@c1f2e55dc464)
    com.unity.services.levelplay@9.4.1 (location: C:\Users\HYPERPC\Computer-game-The-Hero-\source code\My project\Library\PackageCache\com.unity.services.levelplay@4902ed73074e)
    com.unity.timeline@1.8.12 (location: C:\Users\HYPERPC\Computer-game-The-Hero-\source code\My project\Library\PackageCache\com.unity.timeline@8cd8509afae5)
    com.unity.visualscripting@1.9.11 (location: C:\Users\HYPERPC\Computer-game-The-Hero-\source code\My project\Library\PackageCache\com.unity.visualscripting@8bed5ad90189)
    com.unity.services.core@1.16.0 (location: C:\Users\HYPERPC\Computer-game-The-Hero-\source code\My project\Library\PackageCache\com.unity.services.core@8ba50f624741)
    com.unity.microsoft.gdk.discovery@1.3.0 (location: C:\Users\HYPERPC\Computer-game-The-Hero-\source code\My project\Library\PackageCache\com.unity.microsoft.gdk.discovery@9c2d1c88cf7f)
    com.unity.burst@1.8.28 (location: C:\Users\HYPERPC\Computer-game-The-Hero-\source code\My project\Library\PackageCache\com.unity.burst@07790c2d06d9)
    com.unity.dt.app-ui@2.1.1 (location: C:\Users\HYPERPC\Computer-game-The-Hero-\source code\My project\Library\PackageCache\com.unity.dt.app-ui@8ac7e730dd5d)
    com.unity.nuget.newtonsoft-json@3.2.2 (location: C:\Users\HYPERPC\Computer-game-The-Hero-\source code\My project\Library\PackageCache\com.unity.nuget.newtonsoft-json@4dfd81071c64)
    com.unity.mathematics@1.3.3 (location: C:\Users\HYPERPC\Computer-game-The-Hero-\source code\My project\Library\PackageCache\com.unity.mathematics@19a9377c4ffa)
    com.unity.cloud.gltfast@6.14.1 (location: C:\Users\HYPERPC\Computer-game-The-Hero-\source code\My project\Library\PackageCache\com.unity.cloud.gltfast@0847aee0f6da)
    com.unity.2d.common@13.0.1 (location: C:\Users\HYPERPC\Computer-game-The-Hero-\source code\My project\Library\PackageCache\com.unity.2d.common@49d8bea2bff3)
    com.unity.searcher@4.9.4 (location: C:\Users\HYPERPC\Computer-game-The-Hero-\source code\My project\Library\PackageCache\com.unity.searcher@d45a78918735)
    com.unity.nuget.mono-cecil@1.11.6 (location: C:\Users\HYPERPC\Computer-game-The-Hero-\source code\My project\Library\PackageCache\com.unity.nuget.mono-cecil@ecb9724e46ff)
    com.unity.test-framework.performance@3.2.0 (location: C:\Users\HYPERPC\Computer-game-The-Hero-\source code\My project\Library\PackageCache\com.unity.test-framework.performance@0840f58e4562)
  Built-in packages:
    com.unity.2d.sprite@1.0.0 (location: C:\Users\HYPERPC\Computer-game-The-Hero-\source code\My project\Library\PackageCache\com.unity.2d.sprite@929df5adbb1f)
    com.unity.2d.tilemap@1.0.0 (location: C:\Users\HYPERPC\Computer-game-The-Hero-\source code\My project\Library\PackageCache\com.unity.2d.tilemap@c457c5249013)
    com.unity.multiplayer.center@1.0.1 (location: C:\Users\HYPERPC\Computer-game-The-Hero-\source code\My project\Library\PackageCache\com.unity.multiplayer.center@f01f4ba8d00a)
    com.unity.render-pipelines.universal@17.4.0 (location: C:\Users\HYPERPC\Computer-game-The-Hero-\source code\My project\Library\PackageCache\com.unity.render-pipelines.universal@580a03820d50)
    com.unity.test-framework@1.6.0 (location: C:\Users\HYPERPC\Computer-game-The-Hero-\source code\My project\Library\PackageCache\com.unity.test-framework@76560ee600cb)
    com.unity.ugui@2.0.0 (location: C:\Users\HYPERPC\Computer-game-The-Hero-\source code\My project\Library\PackageCache\com.unity.ugui@d8a2716f3013)
    com.unity.modules.accessibility@1.0.0 (location: C:\Users\HYPERPC\Computer-game-The-Hero-\source code\My project\Library\PackageCache\com.unity.modules.accessibility)
    com.unity.modules.adaptiveperformance@1.0.0 (location: C:\Users\HYPERPC\Computer-game-The-Hero-\source code\My project\Library\PackageCache\com.unity.modules.adaptiveperformance)
    com.unity.modules.ai@1.0.0 (location: C:\Users\HYPERPC\Computer-game-The-Hero-\source code\My project\Library\PackageCache\com.unity.modules.ai)
    com.unity.modules.androidjni@1.0.0 (location: C:\Users\HYPERPC\Computer-game-The-Hero-\source code\My project\Library\PackageCache\com.unity.modules.androidjni)
    com.unity.modules.animation@1.0.0 (location: C:\Users\HYPERPC\Computer-game-The-Hero-\source code\My project\Library\PackageCache\com.unity.modules.animation)
    com.unity.modules.assetbundle@1.0.0 (location: C:\Users\HYPERPC\Computer-game-The-Hero-\source code\My project\Library\PackageCache\com.unity.modules.assetbundle)
    com.unity.modules.audio@1.0.0 (location: C:\Users\HYPERPC\Computer-game-The-Hero-\source code\My project\Library\PackageCache\com.unity.modules.audio)
    com.unity.modules.cloth@1.0.0 (location: C:\Users\HYPERPC\Computer-game-The-Hero-\source code\My project\Library\PackageCache\com.unity.modules.cloth)
    com.unity.modules.director@1.0.0 (location: C:\Users\HYPERPC\Computer-game-The-Hero-\source code\My project\Library\PackageCache\com.unity.modules.director)
    com.unity.modules.imageconversion@1.0.0 (location: C:\Users\HYPERPC\Computer-game-The-Hero-\source code\My project\Library\PackageCache\com.unity.modules.imageconversion)
    com.unity.modules.imgui@1.0.0 (location: C:\Users\HYPERPC\Computer-game-The-Hero-\source code\My project\Library\PackageCache\com.unity.modules.imgui)
    com.unity.modules.jsonserialize@1.0.0 (location: C:\Users\HYPERPC\Computer-game-The-Hero-\source code\My project\Library\PackageCache\com.unity.modules.jsonserialize)
    com.unity.modules.particlesystem@1.0.0 (location: C:\Users\HYPERPC\Computer-game-The-Hero-\source code\My project\Library\PackageCache\com.unity.modules.particlesystem)
    com.unity.modules.physics@1.0.0 (location: C:\Users\HYPERPC\Computer-game-The-Hero-\source code\My project\Library\PackageCache\com.unity.modules.physics)
    com.unity.modules.physics2d@1.0.0 (location: C:\Users\HYPERPC\Computer-game-The-Hero-\source code\My project\Library\PackageCache\com.unity.modules.physics2d)
    com.unity.modules.screencapture@1.0.0 (location: C:\Users\HYPERPC\Computer-game-The-Hero-\source code\My project\Library\PackageCache\com.unity.modules.screencapture)
    com.unity.modules.terrain@1.0.0 (location: C:\Users\HYPERPC\Computer-game-The-Hero-\source code\My project\Library\PackageCache\com.unity.modules.terrain)
    com.unity.modules.terrainphysics@1.0.0 (location: C:\Users\HYPERPC\Computer-game-The-Hero-\source code\My project\Library\PackageCache\com.unity.modules.terrainphysics)
    com.unity.modules.tilemap@1.0.0 (location: C:\Users\HYPERPC\Computer-game-The-Hero-\source code\My project\Library\PackageCache\com.unity.modules.tilemap)
    com.unity.modules.ui@1.0.0 (location: C:\Users\HYPERPC\Computer-game-The-Hero-\source code\My project\Library\PackageCache\com.unity.modules.ui)
    com.unity.modules.uielements@1.0.0 (location: C:\Users\HYPERPC\Computer-game-The-Hero-\source code\My project\Library\PackageCache\com.unity.modules.uielements)
    com.unity.modules.umbra@1.0.0 (location: C:\Users\HYPERPC\Computer-game-The-Hero-\source code\My project\Library\PackageCache\com.unity.modules.umbra)
    com.unity.modules.unityanalytics@1.0.0 (location: C:\Users\HYPERPC\Computer-game-The-Hero-\source code\My project\Library\PackageCache\com.unity.modules.unityanalytics)
    com.unity.modules.unitywebrequest@1.0.0 (location: C:\Users\HYPERPC\Computer-game-The-Hero-\source code\My project\Library\PackageCache\com.unity.modules.unitywebrequest)
    com.unity.modules.unitywebrequestassetbundle@1.0.0 (location: C:\Users\HYPERPC\Computer-game-The-Hero-\source code\My project\Library\PackageCache\com.unity.modules.unitywebrequestassetbundle)
    com.unity.modules.unitywebrequestaudio@1.0.0 (location: C:\Users\HYPERPC\Computer-game-The-Hero-\source code\My project\Library\PackageCache\com.unity.modules.unitywebrequestaudio)
    com.unity.modules.unitywebrequesttexture@1.0.0 (location: C:\Users\HYPERPC\Computer-game-The-Hero-\source code\My project\Library\PackageCache\com.unity.modules.unitywebrequesttexture)
    com.unity.modules.unitywebrequestwww@1.0.0 (location: C:\Users\HYPERPC\Computer-game-The-Hero-\source code\My project\Library\PackageCache\com.unity.modules.unitywebrequestwww)
    com.unity.modules.vectorgraphics@1.0.0 (location: C:\Users\HYPERPC\Computer-game-The-Hero-\source code\My project\Library\PackageCache\com.unity.modules.vectorgraphics)
    com.unity.modules.vehicles@1.0.0 (location: C:\Users\HYPERPC\Computer-game-The-Hero-\source code\My project\Library\PackageCache\com.unity.modules.vehicles)
    com.unity.modules.video@1.0.0 (location: C:\Users\HYPERPC\Computer-game-The-Hero-\source code\My project\Library\PackageCache\com.unity.modules.video)
    com.unity.modules.vr@1.0.0 (location: C:\Users\HYPERPC\Computer-game-The-Hero-\source code\My project\Library\PackageCache\com.unity.modules.vr)
    com.unity.modules.wind@1.0.0 (location: C:\Users\HYPERPC\Computer-game-The-Hero-\source code\My project\Library\PackageCache\com.unity.modules.wind)
    com.unity.modules.xr@1.0.0 (location: C:\Users\HYPERPC\Computer-game-The-Hero-\source code\My project\Library\PackageCache\com.unity.modules.xr)
    com.unity.modules.subsystems@1.0.0 (location: C:\Users\HYPERPC\Computer-game-The-Hero-\source code\My project\Library\PackageCache\com.unity.modules.subsystems)
    com.unity.modules.hierarchycore@1.0.0 (location: C:\Users\HYPERPC\Computer-game-The-Hero-\source code\My project\Library\PackageCache\com.unity.modules.hierarchycore)
    com.unity.ext.nunit@2.0.5 (location: C:\Users\HYPERPC\Computer-game-The-Hero-\source code\My project\Library\PackageCache\com.unity.ext.nunit@d8c07649098d)
    com.unity.render-pipelines.core@17.4.0 (location: C:\Users\HYPERPC\Computer-game-The-Hero-\source code\My project\Library\PackageCache\com.unity.render-pipelines.core@e6c93b445dd3)
    com.unity.shadergraph@17.4.0 (location: C:\Users\HYPERPC\Computer-game-The-Hero-\source code\My project\Library\PackageCache\com.unity.shadergraph@6ab0d236faac)
    com.unity.render-pipelines.universal-config@17.4.0 (location: C:\Users\HYPERPC\Computer-game-The-Hero-\source code\My project\Library\PackageCache\com.unity.render-pipelines.universal-config@0db4263b9e6b)
    com.unity.collections@6.4.0 (location: C:\Users\HYPERPC\Computer-game-The-Hero-\source code\My project\Library\PackageCache\com.unity.collections@538ace9075bc)
[Subsystems] No new subsystems found in resolved package list.
[Package Manager] Done registering packages in 0.02 seconds
Duplicate assembly 'System.Runtime.CompilerServices.Unsafe.dll' with different versions detected, using 'Packages/com.unity.ai.assistant/Plugins/Shared/System.Runtime.CompilerServices.Unsafe.dll, AssemblyName=System.Runtime.CompilerServices.Unsafe, Version=6.0.3.0, Culture=neutral, PublicKeyToken=b03f5f7f11d50a3a' and ignoring 'Packages/com.unity.collections/Unity.Collections.Tests/System.Runtime.CompilerServices.Unsafe/System.Runtime.CompilerServices.Unsafe.dll, AssemblyName=System.Runtime.CompilerServices.Unsafe, Version=6.0.0.0, Culture=neutral, PublicKeyToken=b03f5f7f11d50a3a'.Refreshing native plugins compatible for Editor in 9.88 ms, found 7 plugins.
Starting: C:\Program Files\Unity\Hub\Editor\6000.4.1f1\Editor\Data\Tools\BuildPipeline\bee_backend.exe --ipc --defer-dag-verification --dagfile="Library/Bee/1900b0aE.dag" --continue-on-failure --profile="Library/Bee/backend1.traceevents" ScriptAssemblies
WorkingDir: C:/Users/HYPERPC/Computer-game-The-Hero-/source code/My project
Duplicate assembly 'System.Runtime.CompilerServices.Unsafe.dll' with different versions detected, using 'Packages/com.unity.ai.assistant/Plugins/Shared/System.Runtime.CompilerServices.Unsafe.dll, AssemblyName=System.Runtime.CompilerServices.Unsafe, Version=6.0.3.0, Culture=neutral, PublicKeyToken=b03f5f7f11d50a3a' and ignoring 'Packages/com.unity.collections/Unity.Collections.Tests/System.Runtime.CompilerServices.Unsafe/System.Runtime.CompilerServices.Unsafe.dll, AssemblyName=System.Runtime.CompilerServices.Unsafe, Version=6.0.0.0, Culture=neutral, PublicKeyToken=b03f5f7f11d50a3a'.DisplayProgressbar: Compiling Scripts
ExitCode: 0 Duration: 0s403ms
[1605/2137  0s] ILPP-Configuration Library/ilpp-configuration.nevergeneratedoutput
*** Tundra build success (0.37 seconds), 1 items updated, 2137 evaluated
AssetDatabase: script compilation time: 0.840888s
Begin MonoManager ReloadAssembly
Duplicate assembly 'System.Runtime.CompilerServices.Unsafe.dll' with different versions detected, using 'Packages/com.unity.ai.assistant/Plugins/Shared/System.Runtime.CompilerServices.Unsafe.dll, AssemblyName=System.Runtime.CompilerServices.Unsafe, Version=6.0.3.0, Culture=neutral, PublicKeyToken=b03f5f7f11d50a3a' and ignoring 'Packages/com.unity.collections/Unity.Collections.Tests/System.Runtime.CompilerServices.Unsafe/System.Runtime.CompilerServices.Unsafe.dll, AssemblyName=System.Runtime.CompilerServices.Unsafe, Version=6.0.0.0, Culture=neutral, PublicKeyToken=b03f5f7f11d50a3a'.Assembly Assembly-CSharp-Editor-firstpass.dll at Library/ScriptAssemblies/Assembly-CSharp-Editor-firstpass.dll not valid. Loading of assembly skipped.
Assembly Assembly-CSharp-firstpass.dll at Library/ScriptAssemblies/Assembly-CSharp-firstpass.dll not valid. Loading of assembly skipped.
Assembly DocCodeExamples.dll at Library/ScriptAssemblies/DocCodeExamples.dll not valid. Loading of assembly skipped.
Assembly GdkToolsEditModeTests.dll at Library/ScriptAssemblies/GdkToolsEditModeTests.dll not valid. Loading of assembly skipped.
Assembly TestNewCustomAssembly.dll at Library/ScriptAssemblies/TestNewCustomAssembly.dll not valid. Loading of assembly skipped.
Assembly Unity.2D.Animation.EditorTests.dll at Library/ScriptAssemblies/Unity.2D.Animation.EditorTests.dll not valid. Loading of assembly skipped.
Assembly Unity.2D.Aseprite.EditorTests.dll at Library/ScriptAssemblies/Unity.2D.Aseprite.EditorTests.dll not valid. Loading of assembly skipped.
Assembly Unity.2D.Common.EditorTests.dll at Library/ScriptAssemblies/Unity.2D.Common.EditorTests.dll not valid. Loading of assembly skipped.
Assembly Unity.2D.Psdimporter.EditorTests.dll at Library/ScriptAssemblies/Unity.2D.Psdimporter.EditorTests.dll not valid. Loading of assembly skipped.
Assembly Unity.2D.Sprite.Package.EditorTests.dll at Library/ScriptAssemblies/Unity.2D.Sprite.Package.EditorTests.dll not valid. Loading of assembly skipped.
Assembly Unity.2D.SpriteShape.EditorTests.dll at Library/ScriptAssemblies/Unity.2D.SpriteShape.EditorTests.dll not valid. Loading of assembly skipped.
Assembly Unity.2D.Tilemap.Package.EditorTests.dll at Library/ScriptAssemblies/Unity.2D.Tilemap.Package.EditorTests.dll not valid. Loading of assembly skipped.
Assembly Unity.AI.Assistant.Integrations.Sample.Editor.dll at Library/ScriptAssemblies/Unity.AI.Assistant.Integrations.Sample.Editor.dll not valid. Loading of assembly skipped.
Assembly Unity.AppUI.Editor.Tests.dll at Library/ScriptAssemblies/Unity.AppUI.Editor.Tests.dll not valid. Loading of assembly skipped.
Assembly Unity.AppUI.Tests.dll at Library/ScriptAssemblies/Unity.AppUI.Tests.dll not valid. Loading of assembly skipped.
Assembly Unity.Collections.BurstCompatibilityGen.dll at Library/ScriptAssemblies/Unity.Collections.BurstCompatibilityGen.dll not valid. Loading of assembly skipped.
Assembly Unity.Collections.DocCodeSamples.dll at Library/ScriptAssemblies/Unity.Collections.DocCodeSamples.dll not valid. Loading of assembly skipped.
Assembly Unity.Collections.PerformanceTests.dll at Library/ScriptAssemblies/Unity.Collections.PerformanceTests.dll not valid. Loading of assembly skipped.
Assembly Unity.Collections.Tests.dll at Library/ScriptAssemblies/Unity.Collections.Tests.dll not valid. Loading of assembly skipped.
Assembly Unity.Collections.Tests.Playmode.dll at Library/ScriptAssemblies/Unity.Collections.Tests.Playmode.dll not valid. Loading of assembly skipped.
Assembly Unity.InputSystem.IntegrationTests.dll at Library/ScriptAssemblies/Unity.InputSystem.IntegrationTests.dll not valid. Loading of assembly skipped.
Assembly Unity.Mathematics.Tests.dll at Library/ScriptAssemblies/Unity.Mathematics.Tests.dll not valid. Loading of assembly skipped.
Assembly Unity.Microsoft.GDK.Discovery.EditModeTests.dll at Library/ScriptAssemblies/Unity.Microsoft.GDK.Discovery.EditModeTests.dll not valid. Loading of assembly skipped.
Assembly Unity.Microsoft.GDK.Tests.dll at Library/ScriptAssemblies/Unity.Microsoft.GDK.Tests.dll not valid. Loading of assembly skipped.
Assembly Unity.Multiplayer.Center.Editor.Tests.dll at Library/ScriptAssemblies/Unity.Multiplayer.Center.Editor.Tests.dll not valid. Loading of assembly skipped.
Assembly Unity.Multiplayer.Center.Tests.dll at Library/ScriptAssemblies/Unity.Multiplayer.Center.Tests.dll not valid. Loading of assembly skipped.
Assembly Unity.Nuget.Mono-Cecil.dll at Library/ScriptAssemblies/Unity.Nuget.Mono-Cecil.dll not valid. Loading of assembly skipped.
Assembly Unity.PathTracing.Editor.Tests.dll at Library/ScriptAssemblies/Unity.PathTracing.Editor.Tests.dll not valid. Loading of assembly skipped.
Assembly Unity.PathTracing.Runtime.Tests.dll at Library/ScriptAssemblies/Unity.PathTracing.Runtime.Tests.dll not valid. Loading of assembly skipped.
Assembly Unity.Purchasing.Apple.dll at Library/ScriptAssemblies/Unity.Purchasing.Apple.dll not valid. Loading of assembly skipped.
Assembly Unity.Purchasing.AppleMacos.dll at Library/ScriptAssemblies/Unity.Purchasing.AppleMacos.dll not valid. Loading of assembly skipped.
Assembly Unity.Purchasing.Security.dll at Library/ScriptAssemblies/Unity.Purchasing.Security.dll not valid. Loading of assembly skipped.
Assembly Unity.Purchasing.TransactionVerifier.dll at Library/ScriptAssemblies/Unity.Purchasing.TransactionVerifier.dll not valid. Loading of assembly skipped.
Assembly Unity.RenderPipelines.Core.Editor.Tests.dll at Library/ScriptAssemblies/Unity.RenderPipelines.Core.Editor.Tests.dll not valid. Loading of assembly skipped.
Assembly Unity.RenderPipelines.Core.Runtime.Tests.dll at Library/ScriptAssemblies/Unity.RenderPipelines.Core.Runtime.Tests.dll not valid. Loading of assembly skipped.
Assembly Unity.RenderPipelines.Universal.Config.Editor.Tests.dll at Library/ScriptAssemblies/Unity.RenderPipelines.Universal.Config.Editor.Tests.dll not valid. Loading of assembly skipped.
Assembly Unity.RenderPipelines.Universal.Editor.Tests.dll at Library/ScriptAssemblies/Unity.RenderPipelines.Universal.Editor.Tests.dll not valid. Loading of assembly skipped.
Assembly Unity.RenderPipelines.Universal.Runtime.Tests.dll at Library/ScriptAssemblies/Unity.RenderPipelines.Universal.Runtime.Tests.dll not valid. Loading of assembly skipped.
Assembly Unity.Searcher.EditorTests.dll at Library/ScriptAssemblies/Unity.Searcher.EditorTests.dll not valid. Loading of assembly skipped.
Assembly Unity.ShaderGraph.Editor.Tests.dll at Library/ScriptAssemblies/Unity.ShaderGraph.Editor.Tests.dll not valid. Loading of assembly skipped.
Assembly Unity.TextMeshPro.Editor.Tests.dll at Library/ScriptAssemblies/Unity.TextMeshPro.Editor.Tests.dll not valid. Loading of assembly skipped.
Assembly Unity.TextMeshPro.Tests.dll at Library/ScriptAssemblies/Unity.TextMeshPro.Tests.dll not valid. Loading of assembly skipped.
Assembly Unity.UnifiedRayTracing.Editor.Tests.dll at Library/ScriptAssemblies/Unity.UnifiedRayTracing.Editor.Tests.dll not valid. Loading of assembly skipped.
Assembly UnityEditor.UI.Common.Tests.dll at Library/ScriptAssemblies/UnityEditor.UI.Common.Tests.dll not valid. Loading of assembly skipped.
Assembly UnityEditor.UI.EditorTests.dll at Library/ScriptAssemblies/UnityEditor.UI.EditorTests.dll not valid. Loading of assembly skipped.
Assembly UnityEngine.UI.Tests.dll at Library/ScriptAssemblies/UnityEngine.UI.Tests.dll not valid. Loading of assembly skipped.
Refreshing native plugins compatible for Editor in 10.22 ms, found 7 plugins.
Native extension for WindowsStandalone target not found
Native extension for WebGL target not found
[THStartup] Set Play Mode start scene to: Assets/Scenes/MainMenu.unity
UnityEngine.Debug:ExtractStackTraceNoAlloc (byte*,int,string)
UnityEngine.StackTraceUtility:ExtractStackTrace ()
UnityEngine.DebugLogHandler:Internal_Log (UnityEngine.LogType,UnityEngine.LogOption,string,UnityEngine.Object)
UnityEngine.DebugLogHandler:LogFormat (UnityEngine.LogType,UnityEngine.Object,string,object[])
UnityEngine.Logger:Log (UnityEngine.LogType,object)
UnityEngine.Debug:Log (object)
THStartupSceneFixer:ApplyMainMenuStartScene () (at Assets/Editor/THStartupSceneFixer.cs:30)
THStartupSceneFixer:.cctor () (at Assets/Editor/THStartupSceneFixer.cs:15)
System.Runtime.CompilerServices.RuntimeHelpers:RunClassConstructor (System.RuntimeTypeHandle)
UnityEditor.EditorAssemblies:ProcessInitializeOnLoadAttributes (System.Type[])

(Filename: Assets/Editor/THStartupSceneFixer.cs Line: 30)

Refreshing native plugins compatible for Editor in 9.97 ms, found 7 plugins.
Duplicate assembly 'System.Runtime.CompilerServices.Unsafe.dll' with different versions detected, using 'Packages/com.unity.ai.assistant/Plugins/Shared/System.Runtime.CompilerServices.Unsafe.dll, AssemblyName=System.Runtime.CompilerServices.Unsafe, Version=6.0.3.0, Culture=neutral, PublicKeyToken=b03f5f7f11d50a3a' and ignoring 'Packages/com.unity.collections/Unity.Collections.Tests/System.Runtime.CompilerServices.Unsafe/System.Runtime.CompilerServices.Unsafe.dll, AssemblyName=System.Runtime.CompilerServices.Unsafe, Version=6.0.0.0, Culture=neutral, PublicKeyToken=b03f5f7f11d50a3a'.Refreshing native plugins compatible for Editor in 14.33 ms, found 7 plugins.
[Licensing::Client] Error: Code 404 while processing request (status: Found 0 entitlement groups and 0 free entitlements matching requested entitlement ids)
[Licensing::Client] Error: Code 404 while processing request (status: Found 0 entitlement groups and 0 free entitlements matching requested entitlement ids)
[Licensing::Client] Error: Code 404 while processing request (status: Found 0 entitlement groups and 0 free entitlements matching requested entitlement ids)
ScheduleIndexationOnStartup MainProcess:True IndexOnStartup:True
Mono: successfully reloaded assembly
- Finished resetting the current domain, in  5.087 seconds
Domain Reload Profiling: 6286ms
	BeginReloadAssembly (259ms)
		DisableScriptedObjects (9ms)
		CreateAndSetChildDomain (132ms)
	RebuildCommonClasses (29ms)
	RebuildNativeTypeToScriptingClass (10ms)
	initialDomainReloadingComplete (81ms)
	LoadAllAssembliesAndSetupDomain (818ms)
		LoadAssemblies (420ms)
		AnalyzeDomain (477ms)
			TypeCache.Refresh (341ms)
				TypeCache.ScanAssembly (322ms)
			BuildScriptInfoCaches (122ms)
			ResolveRequiredComponents (12ms)
	FinalizeReload (5088ms)
		SetupLoadedEditorAssemblies (0ms)
			InitializePlatformSupportModulesInManaged (21ms)
			BeforeProcessingInitializeOnLoad (219ms)
			ProcessInitializeOnLoadAttributes (4256ms)
			ProcessInitializeOnLoadMethodAttributes (420ms)
			AfterProcessingInitializeOnLoad (4ms)
		AwakeInstancesAfterBackupRestoration (7ms)
(Values over 0.050ms)
Asset Pipeline Refresh (id=e274e98e49f8c6d4c9bd031ec7e19e04): Total: 8.020 seconds - Initiated by InitialRefreshV2(ForceSynchronousImport)
	Summary:
		Imports: total=0 (actual=0, local cache=0, cache server=0)
		Asset DB Process Time: managed=0 ms, native=5783 ms
		Asset DB Callback time: managed=89 ms, native=21 ms
		Scripting: domain reloads=1, domain reload time=1203 ms, compile time=843 ms, other=78 ms
		Project Asset Count: scripts=3218, non-scripts=8625
		Asset File Changes: new=0, changed=0, moved=0, deleted=0
		Scan Filter Count: 0
	InvokePackagesCallback: 22.331ms
	ApplyChangesToAssetFolders: 0.603ms
	Scan: 165.158ms
	CategorizeScriptCompilationAssets: 79.171ms
	ProcessAssetsWithTransientArtifactChanges: 105.965ms
	CategorizeAssets: 120.959ms
	CompileScripts: 842.540ms
	ImportOutOfDateAssets: 5122.405ms (5118.477ms without children)
		UnloadImportedAssets: 0.199ms
		EnsureUptoDateAssetsAreRegisteredWithGuidPM: 2.656ms
		OnDemandSchedulerStart: 1.056ms
	PostProcessAllAssets: 89.970ms
		MonoPostProcessAllAssets: 89.848ms
			UniversalRenderPipelineGlobalSettingsPostprocessor.OnPostprocessAllAssets 68.650ms
			SyncVS.PostprocessSyncProject 2.944ms
			SpeedTree9Postprocessor.OnPostprocessAllAssets 2.134ms
			GraphRefreshPostprocessor.OnPostprocessAllAssets 2.005ms
			WindowAssetPostprocessingWatcher.OnPostprocessAllAssets 1.490ms
			AssetChangeDetector.OnPostprocessAllAssets 0.815ms
			InputActionAssetPostprocessor.OnPostprocessAllAssets 0.357ms
			ReferencedClipsPostProcessor.OnPostprocessAllAssets 0.315ms
			TerrainToolbarOverlayPostProcessor.OnPostprocessAllAssets 0.241ms
			ProjectSettingsPostprocessor.OnPostprocessAllAssets 0.237ms
			AssetDatabaseCallbacks.OnPostprocessAllAssets 0.159ms
			RenderPipelineGlobalSettingsPostprocessor.OnPostprocessAllAssets 0.088ms
	UnloadStreamsBegin: 3.360ms
	PersistCurrentRevisions: 0.410ms
	GenerateScriptTypeHashes: 3.840ms
	GenerateScriptTypeSerializationHashes: 6.485ms
	Untracked: 1463.966ms

Application.AssetDatabase Initial Refresh End
Launched and connected shader compiler UnityShaderCompiler.exe after 0.01 seconds
Scanning for USB devices : 2.747ms
Initializing Unity extensions:
[MODES] ModeService[none].Initialize
[MODES] ModeService[none].LoadModes
[MODES] Loading mode Default (0) for mode-current-id-The Hero
GetVirtualKey: Could not map char: z (122) to any virtual key
GetVirtualKey: Could not map char: y (121) to any virtual key
GetVirtualKey: Could not map char: x (120) to any virtual key
GetVirtualKey: Could not map char: c (99) to any virtual key
GetVirtualKey: Could not map char: v (118) to any virtual key
GetVirtualKey: Could not map char: V (86) to any virtual key
GetVirtualKey: Could not map char: d (100) to any virtual key
GetVirtualKey: Could not map char: f (102) to any virtual key
GetVirtualKey: Could not map char: f (102) to any virtual key
GetVirtualKey: Could not map char: a (97) to any virtual key
GetVirtualKey: Could not map char: d (100) to any virtual key
GetVirtualKey: Could not map char: c (99) to any virtual key
GetVirtualKey: Could not map char: r (114) to any virtual key
GetVirtualKey: Could not map char: i (105) to any virtual key
GetVirtualKey: Could not map char: l (108) to any virtual key
GetVirtualKey: Could not map char: f (102) to any virtual key
GetVirtualKey: Could not map char: k (107) to any virtual key
GetVirtualKey: Could not map char: p (112) to any virtual key
GetVirtualKey: Could not map char: p (112) to any virtual key
GetVirtualKey: Could not map char: p (112) to any virtual key
GetVirtualKey: Could not map char: c (99) to any virtual key
GetVirtualKey: Could not map char: r (114) to any virtual key
GetVirtualKey: Could not map char: G (71) to any virtual key
GetVirtualKey: Could not map char: G (71) to any virtual key
GetVirtualKey: Could not map char: P (80) to any virtual key
GetVirtualKey: Could not map char: n (110) to any virtual key
GetVirtualKey: Could not map char: n (110) to any virtual key
GetVirtualKey: Could not map char: g (103) to any virtual key
GetVirtualKey: Could not map char: f (102) to any virtual key
GetVirtualKey: Could not map char: f (102) to any virtual key
GetVirtualKey: Could not map char: a (97) to any virtual key
GetVirtualKey: Could not map char: a (97) to any virtual key
GetVirtualKey: Could not map char: n (110) to any virtual key
GetVirtualKey: Could not map char: o (111) to any virtual key
GetVirtualKey: Could not map char: s (115) to any virtual key
GetVirtualKey: Could not map char: s (115) to any virtual key
GetVirtualKey: Could not map char: b (98) to any virtual key
GetVirtualKey: Could not map char: b (98) to any virtual key
GetVirtualKey: Could not map char: c (99) to any virtual key
GetVirtualKey: Could not map char: u (117) to any virtual key
Unloading 181 Unused Serialized files (Serialized files now loaded: 0)
Unloading 13035 unused Assets / (19.3 MB). Loaded Objects now: 13817.
Memory consumption went from 338.9 MB to 319.6 MB.
Total: 25.843100 ms (FindLiveObjects: 1.044200 ms CreateObjectMapping: 1.345800 ms MarkObjects: 16.604200 ms  DeleteObjects: 6.844900 ms)

Opening scene 'Assets/Scenes/Map.unity'
Unloading 4 Unused Serialized files (Serialized files now loaded: 0)
Loaded scene 'Assets/Scenes/Map.unity'
	Deserialize:            228.561 ms
	Integration:            310.888 ms
	Integration of assets:  0.122 ms
	Thread Wait Time:       -0.052 ms
	Total Operation Time:   539.519 ms
Unloading 2 unused Assets / (1.1 KB). Loaded Objects now: 29079.
Memory consumption went from 310.8 MB to 310.8 MB.
Total: 17.544100 ms (FindLiveObjects: 1.768100 ms CreateObjectMapping: 0.689800 ms MarkObjects: 15.028500 ms  DeleteObjects: 0.056300 ms)

[TheHeroCameraFix] Map opened
UnityEngine.Debug:ExtractStackTraceNoAlloc (byte*,int,string)
UnityEngine.StackTraceUtility:ExtractStackTrace ()
UnityEngine.DebugLogHandler:Internal_Log (UnityEngine.LogType,UnityEngine.LogOption,string,UnityEngine.Object)
UnityEngine.DebugLogHandler:LogFormat (UnityEngine.LogType,UnityEngine.Object,string,object[])
UnityEngine.Logger:Log (UnityEngine.LogType,object)
UnityEngine.Debug:Log (object)
TheHero.Editor.TheHeroFixCameraAndHeroFollow:FixCameraAndHeroFollow () (at Assets/Editor/TheHeroFixCameraAndHeroFollow.cs:27)

(Filename: Assets/Editor/TheHeroFixCameraAndHeroFollow.cs Line: 27)

[TheHeroCameraFix] Hero found: Hero
UnityEngine.Debug:ExtractStackTraceNoAlloc (byte*,int,string)
UnityEngine.StackTraceUtility:ExtractStackTrace ()
UnityEngine.DebugLogHandler:Internal_Log (UnityEngine.LogType,UnityEngine.LogOption,string,UnityEngine.Object)
UnityEngine.DebugLogHandler:LogFormat (UnityEngine.LogType,UnityEngine.Object,string,object[])
UnityEngine.Logger:Log (UnityEngine.LogType,object)
UnityEngine.Debug:Log (object)
TheHero.Editor.TheHeroFixCameraAndHeroFollow:FindOrCreateActiveHero (TheHero.Editor.TheHeroFixCameraAndHeroFollow/FixReport) (at Assets/Editor/TheHeroFixCameraAndHeroFollow.cs:81)
TheHero.Editor.TheHeroFixCameraAndHeroFollow:FixCameraAndHeroFollow () (at Assets/Editor/TheHeroFixCameraAndHeroFollow.cs:29)

(Filename: Assets/Editor/TheHeroFixCameraAndHeroFollow.cs Line: 81)

[TheHeroCameraFix] Hero checked
UnityEngine.Debug:ExtractStackTraceNoAlloc (byte*,int,string)
UnityEngine.StackTraceUtility:ExtractStackTrace ()
UnityEngine.DebugLogHandler:Internal_Log (UnityEngine.LogType,UnityEngine.LogOption,string,UnityEngine.Object)
UnityEngine.DebugLogHandler:LogFormat (UnityEngine.LogType,UnityEngine.Object,string,object[])
UnityEngine.Logger:Log (UnityEngine.LogType,object)
UnityEngine.Debug:Log (object)
TheHero.Editor.TheHeroFixCameraAndHeroFollow:FixCameraAndHeroFollow () (at Assets/Editor/TheHeroFixCameraAndHeroFollow.cs:30)

(Filename: Assets/Editor/TheHeroFixCameraAndHeroFollow.cs Line: 30)

[TheHeroCameraFix] Active hero selected: Hero
UnityEngine.Debug:ExtractStackTraceNoAlloc (byte*,int,string)
UnityEngine.StackTraceUtility:ExtractStackTrace ()
UnityEngine.DebugLogHandler:Internal_Log (UnityEngine.LogType,UnityEngine.LogOption,string,UnityEngine.Object)
UnityEngine.DebugLogHandler:LogFormat (UnityEngine.LogType,UnityEngine.Object,string,object[])
UnityEngine.Logger:Log (UnityEngine.LogType,object)
UnityEngine.Debug:Log (object)
TheHero.Editor.TheHeroFixCameraAndHeroFollow:FixCameraAndHeroFollow () (at Assets/Editor/TheHeroFixCameraAndHeroFollow.cs:31)

(Filename: Assets/Editor/TheHeroFixCameraAndHeroFollow.cs Line: 31)

[TheHeroCameraFix] Duplicate heroes fixed
UnityEngine.Debug:ExtractStackTraceNoAlloc (byte*,int,string)
UnityEngine.StackTraceUtility:ExtractStackTrace ()
UnityEngine.DebugLogHandler:Internal_Log (UnityEngine.LogType,UnityEngine.LogOption,string,UnityEngine.Object)
UnityEngine.DebugLogHandler:LogFormat (UnityEngine.LogType,UnityEngine.Object,string,object[])
UnityEngine.Logger:Log (UnityEngine.LogType,object)
UnityEngine.Debug:Log (object)
TheHero.Editor.TheHeroFixCameraAndHeroFollow:FixCameraAndHeroFollow () (at Assets/Editor/TheHeroFixCameraAndHeroFollow.cs:35)

(Filename: Assets/Editor/TheHeroFixCameraAndHeroFollow.cs Line: 35)

[TheHeroCameraFix] Hero visual position verified
UnityEngine.Debug:ExtractStackTraceNoAlloc (byte*,int,string)
UnityEngine.StackTraceUtility:ExtractStackTrace ()
UnityEngine.DebugLogHandler:Internal_Log (UnityEngine.LogType,UnityEngine.LogOption,string,UnityEngine.Object)
UnityEngine.DebugLogHandler:LogFormat (UnityEngine.LogType,UnityEngine.Object,string,object[])
UnityEngine.Logger:Log (UnityEngine.LogType,object)
UnityEngine.Debug:Log (object)
TheHero.Editor.TheHeroFixCameraAndHeroFollow:FixCameraAndHeroFollow () (at Assets/Editor/TheHeroFixCameraAndHeroFollow.cs:38)

(Filename: Assets/Editor/TheHeroFixCameraAndHeroFollow.cs Line: 38)

[TheHeroCameraFix] Main Camera configured
UnityEngine.Debug:ExtractStackTraceNoAlloc (byte*,int,string)
UnityEngine.StackTraceUtility:ExtractStackTrace ()
UnityEngine.DebugLogHandler:Internal_Log (UnityEngine.LogType,UnityEngine.LogOption,string,UnityEngine.Object)
UnityEngine.DebugLogHandler:LogFormat (UnityEngine.LogType,UnityEngine.Object,string,object[])
UnityEngine.Logger:Log (UnityEngine.LogType,object)
UnityEngine.Debug:Log (object)
TheHero.Editor.TheHeroFixCameraAndHeroFollow:FixCameraAndHeroFollow () (at Assets/Editor/TheHeroFixCameraAndHeroFollow.cs:42)

(Filename: Assets/Editor/TheHeroFixCameraAndHeroFollow.cs Line: 42)

[TheHeroCameraFix] Camera target set to Hero
UnityEngine.Debug:ExtractStackTraceNoAlloc (byte*,int,string)
UnityEngine.StackTraceUtility:ExtractStackTrace ()
UnityEngine.DebugLogHandler:Internal_Log (UnityEngine.LogType,UnityEngine.LogOption,string,UnityEngine.Object)
UnityEngine.DebugLogHandler:LogFormat (UnityEngine.LogType,UnityEngine.Object,string,object[])
UnityEngine.Logger:Log (UnityEngine.LogType,object)
UnityEngine.Debug:Log (object)
TheHero.Generated.THCameraFollow:Configure (UnityEngine.Transform,UnityEngine.Bounds,bool) (at Assets/Scripts/TheHeroGenerated/THCameraFollow.cs:124)
TheHero.Editor.TheHeroFixCameraAndHeroFollow:ConfigureCameraFollow (UnityEngine.Camera,UnityEngine.Transform,TheHero.Editor.TheHeroFixCameraAndHeroFollow/FixReport) (at Assets/Editor/TheHeroFixCameraAndHeroFollow.cs:242)
TheHero.Editor.TheHeroFixCameraAndHeroFollow:FixCameraAndHeroFollow () (at Assets/Editor/TheHeroFixCameraAndHeroFollow.cs:44)

(Filename: Assets/Scripts/TheHeroGenerated/THCameraFollow.cs Line: 124)

[TheHeroCameraFix] Map bounds detected: min=(-1,-1) max=(73,48)
UnityEngine.Debug:ExtractStackTraceNoAlloc (byte*,int,string)
UnityEngine.StackTraceUtility:ExtractStackTrace ()
UnityEngine.DebugLogHandler:Internal_Log (UnityEngine.LogType,UnityEngine.LogOption,string,UnityEngine.Object)
UnityEngine.DebugLogHandler:LogFormat (UnityEngine.LogType,UnityEngine.Object,string,object[])
UnityEngine.Logger:Log (UnityEngine.LogType,object)
UnityEngine.Debug:Log (object)
TheHero.Generated.THCameraFollow:Configure (UnityEngine.Transform,UnityEngine.Bounds,bool) (at Assets/Scripts/TheHeroGenerated/THCameraFollow.cs:129)
TheHero.Editor.TheHeroFixCameraAndHeroFollow:ConfigureCameraFollow (UnityEngine.Camera,UnityEngine.Transform,TheHero.Editor.TheHeroFixCameraAndHeroFollow/FixReport) (at Assets/Editor/TheHeroFixCameraAndHeroFollow.cs:242)
TheHero.Editor.TheHeroFixCameraAndHeroFollow:FixCameraAndHeroFollow () (at Assets/Editor/TheHeroFixCameraAndHeroFollow.cs:44)

(Filename: Assets/Scripts/TheHeroGenerated/THCameraFollow.cs Line: 129)

[TheHeroCameraFix] Camera centered on Hero
UnityEngine.Debug:ExtractStackTraceNoAlloc (byte*,int,string)
UnityEngine.StackTraceUtility:ExtractStackTrace ()
UnityEngine.DebugLogHandler:Internal_Log (UnityEngine.LogType,UnityEngine.LogOption,string,UnityEngine.Object)
UnityEngine.DebugLogHandler:LogFormat (UnityEngine.LogType,UnityEngine.Object,string,object[])
UnityEngine.Logger:Log (UnityEngine.LogType,object)
UnityEngine.Debug:Log (object)
TheHero.Generated.THCameraFollow:CenterImmediately () (at Assets/Scripts/TheHeroGenerated/THCameraFollow.cs:148)
TheHero.Generated.THCameraFollow:Configure (UnityEngine.Transform,UnityEngine.Bounds,bool) (at Assets/Scripts/TheHeroGenerated/THCameraFollow.cs:132)
TheHero.Editor.TheHeroFixCameraAndHeroFollow:ConfigureCameraFollow (UnityEngine.Camera,UnityEngine.Transform,TheHero.Editor.TheHeroFixCameraAndHeroFollow/FixReport) (at Assets/Editor/TheHeroFixCameraAndHeroFollow.cs:242)
TheHero.Editor.TheHeroFixCameraAndHeroFollow:FixCameraAndHeroFollow () (at Assets/Editor/TheHeroFixCameraAndHeroFollow.cs:44)

(Filename: Assets/Scripts/TheHeroGenerated/THCameraFollow.cs Line: 148)

[TheHeroCameraFix] Camera follow installed
UnityEngine.Debug:ExtractStackTraceNoAlloc (byte*,int,string)
UnityEngine.StackTraceUtility:ExtractStackTrace ()
UnityEngine.DebugLogHandler:Internal_Log (UnityEngine.LogType,UnityEngine.LogOption,string,UnityEngine.Object)
UnityEngine.DebugLogHandler:LogFormat (UnityEngine.LogType,UnityEngine.Object,string,object[])
UnityEngine.Logger:Log (UnityEngine.LogType,object)
UnityEngine.Debug:Log (object)
TheHero.Editor.TheHeroFixCameraAndHeroFollow:FixCameraAndHeroFollow () (at Assets/Editor/TheHeroFixCameraAndHeroFollow.cs:45)

(Filename: Assets/Editor/TheHeroFixCameraAndHeroFollow.cs Line: 45)

[TheHeroCameraFix] Camera bounds updated
UnityEngine.Debug:ExtractStackTraceNoAlloc (byte*,int,string)
UnityEngine.StackTraceUtility:ExtractStackTrace ()
UnityEngine.DebugLogHandler:Internal_Log (UnityEngine.LogType,UnityEngine.LogOption,string,UnityEngine.Object)
UnityEngine.DebugLogHandler:LogFormat (UnityEngine.LogType,UnityEngine.Object,string,object[])
UnityEngine.Logger:Log (UnityEngine.LogType,object)
UnityEngine.Debug:Log (object)
TheHero.Editor.TheHeroFixCameraAndHeroFollow:FixCameraAndHeroFollow () (at Assets/Editor/TheHeroFixCameraAndHeroFollow.cs:46)

(Filename: Assets/Editor/TheHeroFixCameraAndHeroFollow.cs Line: 46)

[TheHeroCameraFix] Giant Castle UI removed
UnityEngine.Debug:ExtractStackTraceNoAlloc (byte*,int,string)
UnityEngine.StackTraceUtility:ExtractStackTrace ()
UnityEngine.DebugLogHandler:Internal_Log (UnityEngine.LogType,UnityEngine.LogOption,string,UnityEngine.Object)
UnityEngine.DebugLogHandler:LogFormat (UnityEngine.LogType,UnityEngine.Object,string,object[])
UnityEngine.Logger:Log (UnityEngine.LogType,object)
UnityEngine.Debug:Log (object)
TheHero.Editor.TheHeroFixCameraAndHeroFollow:FixCameraAndHeroFollow () (at Assets/Editor/TheHeroFixCameraAndHeroFollow.cs:51)

(Filename: Assets/Editor/TheHeroFixCameraAndHeroFollow.cs Line: 51)

[TheHeroCameraFix] Small Castle button fixed
UnityEngine.Debug:ExtractStackTraceNoAlloc (byte*,int,string)
UnityEngine.StackTraceUtility:ExtractStackTrace ()
UnityEngine.DebugLogHandler:Internal_Log (UnityEngine.LogType,UnityEngine.LogOption,string,UnityEngine.Object)
UnityEngine.DebugLogHandler:LogFormat (UnityEngine.LogType,UnityEngine.Object,string,object[])
UnityEngine.Logger:Log (UnityEngine.LogType,object)
UnityEngine.Debug:Log (object)
TheHero.Editor.TheHeroFixCameraAndHeroFollow:FixCameraAndHeroFollow () (at Assets/Editor/TheHeroFixCameraAndHeroFollow.cs:52)

(Filename: Assets/Editor/TheHeroFixCameraAndHeroFollow.cs Line: 52)

[TheHeroCameraFix] Small Castle button ready
UnityEngine.Debug:ExtractStackTraceNoAlloc (byte*,int,string)
UnityEngine.StackTraceUtility:ExtractStackTrace ()
UnityEngine.DebugLogHandler:Internal_Log (UnityEngine.LogType,UnityEngine.LogOption,string,UnityEngine.Object)
UnityEngine.DebugLogHandler:LogFormat (UnityEngine.LogType,UnityEngine.Object,string,object[])
UnityEngine.Logger:Log (UnityEngine.LogType,object)
UnityEngine.Debug:Log (object)
TheHero.Editor.TheHeroFixCameraAndHeroFollow:FixCameraAndHeroFollow () (at Assets/Editor/TheHeroFixCameraAndHeroFollow.cs:53)

(Filename: Assets/Editor/TheHeroFixCameraAndHeroFollow.cs Line: 53)

[TheHeroCameraFix] Hero sorting fixed
UnityEngine.Debug:ExtractStackTraceNoAlloc (byte*,int,string)
UnityEngine.StackTraceUtility:ExtractStackTrace ()
UnityEngine.DebugLogHandler:Internal_Log (UnityEngine.LogType,UnityEngine.LogOption,string,UnityEngine.Object)
UnityEngine.DebugLogHandler:LogFormat (UnityEngine.LogType,UnityEngine.Object,string,object[])
UnityEngine.Logger:Log (UnityEngine.LogType,object)
UnityEngine.Debug:Log (object)
TheHero.Editor.TheHeroFixCameraAndHeroFollow:FixCameraAndHeroFollow () (at Assets/Editor/TheHeroFixCameraAndHeroFollow.cs:56)

(Filename: Assets/Editor/TheHeroFixCameraAndHeroFollow.cs Line: 56)

Start importing ProjectSettings/EditorBuildSettings.asset using Guid(0000000000000000b000000000000000) (LibraryAssetImporter) -> (Import Result ID: 'a8e4eb4aa975cd688f756d5133caf018') in 0.0075827 seconds [static dependencies only]. Details - ImportResultOutputID=d777934f36c664454d62eda103573334 DependenciesID=5ae3df728d6e0ca4c8216d6539371702 StaticDependenciesID=9750a39729df08f8f4b2afd1e2c1aabf 
Refreshing native plugins compatible for Editor in 11.47 ms, found 7 plugins.
(Values over 0.050ms)
Asset Pipeline Refresh (id=2b0ba4f6edb94ce4f86a9777ebc32ac8): Total: 0.546 seconds - Initiated by StopAssetImportingV2(NoUpdateAssetOptions)
	Summary:
		Imports: total=1 (actual=1, local cache=0, cache server=0)
		Asset DB Process Time: managed=3 ms, native=98 ms
		Asset DB Callback time: managed=413 ms, native=29 ms
		Scripting: domain reloads=0, domain reload time=0 ms, compile time=0 ms, other=0 ms
		Project Asset Count: scripts=3218, non-scripts=8625
		Asset File Changes: new=0, changed=0, moved=0, deleted=0
		Scan Filter Count: 1
	ApplyChangesToAssetFolders: 0.098ms
	Scan: 14.256ms
	ProcessAssetsWithTransientArtifactChanges: 0.125ms
	CategorizeAssets: 66.213ms
	ImportOutOfDateAssets: 11.464ms (0.632ms without children)
		ImportManagerImport: 8.836ms (1.000ms without children)
		UnloadImportedAssets: 0.179ms
		EnsureUptoDateAssetsAreRegisteredWithGuidPM: 1.274ms
		OnDemandSchedulerStart: 0.508ms
	PostProcessAllAssets: 430.201ms
		XRBuildSystem.XRAssetImported 15.831ms
		MonoPostProcessAllAssets: 413.963ms
			AssetPostprocessor.OnPostprocessAllAssets 173.297ms
			AssetReferenceReimportMonitor.OnPostprocessAllAssets 22.501ms
			StyleCatalogPostProcessor.OnPostprocessAllAssets 20.399ms
			SpriteShapeAssetPostProcessor.OnPostprocessAllAssets 8.600ms
			BuilderAssetPostprocessor.OnPostprocessAllAssets 5.397ms
			VersionHandlerImpl.OnPostprocessAllAssets 1.609ms
			AssetChangedListener.OnPostprocessAllAssets 1.545ms
			RetainedModeAssetPostprocessor.OnPostprocessAllAssets 1.342ms
			InputActionJsonNameModifierAssetProcessor.OnPostprocessAllAssets 1.315ms
			ShaderGraphAssetPostProcessor.OnPostprocessAllAssets 1.246ms
			PackageManagerResolver.OnPostprocessAllAssets 1.033ms
			SpriteEditorTexturePostprocessor.OnPostprocessAllAssets 0.978ms
			MaterialPostprocessor.OnPostprocessAllAssets 0.792ms
			ModelAssetProcessor.OnPostprocessAllAssets 0.757ms
			SyncVS.PostprocessSyncProject 0.501ms
			AssetProcessor.OnPostprocessAllAssets 0.482ms
			TextAssetPostProcessor.OnPostprocessAllAssets 0.457ms
			PSDImporterAssetPostProcessor.OnPostprocessAllAssets 0.441ms
			ArtifactBrowserPostProcessor.OnPostprocessAllAssets 0.428ms
			PlayServicesResolver.OnPostprocessAllAssets 0.345ms
			IOSResolver.OnPostprocessAllAssets 0.325ms
			UVCSAssetPostprocessor.OnPostprocessAllAssets 0.322ms
			SkillsProjectAssetPostprocessor.OnPostprocessAllAssets 0.291ms
			PostProcessor.OnPostprocessAllAssets 0.286ms
			TMPro_TexturePostProcessor.OnPostprocessAllAssets 0.248ms
			GdkAssemblyAssetProcessor.OnPostprocessAllAssets 0.237ms
			AudioMixerPostprocessor.OnPostprocessAllAssets 0.233ms
			SpeedTreePostProcessor.OnPostprocessAllAssets 0.205ms
			SpriteLibraryAssetPostprocessor.OnPostprocessAllAssets 0.197ms
			AssetEvents.OnPostprocessAllAssets 0.192ms
			GraphRefreshPostprocessor.OnPostprocessAllAssets 0.183ms
			PSDImportPostProcessor.OnPostprocessAllAssets 0.149ms
			InputActionAssetPostprocessor.OnPostprocessAllAssets 0.144ms
			SamplePostprocessor.OnPostprocessAllAssets 0.144ms
			ConfigAssetsTracker.OnPostprocessAllAssets 0.126ms
			ScenarioDriftAssetsTracker.OnPostprocessAllAssets 0.112ms
			TrackSelectedAssetsProcessor.OnPostprocessAllAssets 0.060ms
			AudioContainerPostProcessor.OnPostprocessAllAssets 0.057ms
	PostAssetChangesProfiler: 13.491ms
	GatherAllCurrentPrimaryImportResultRevisions: 0.510ms
	UnloadStreamsBegin: 0.104ms
	PersistCurrentRevisions: 0.373ms
	Untracked: 8.664ms

Start importing Assets/Scenes/Map.unity using Guid(da3978d33114ad24f80626786b253bde) (DefaultImporter) -> (Import Result ID: 'eed9908f42d6540b8eb0d08547cf70e7') in 0.0008852 seconds [static dependencies only]. Details - ImportResultOutputID=d949174f9816b137f0bc0117a2b6642b DependenciesID=ba6e2e61b65ae85c78c3eaca04dbfed9 StaticDependenciesID=29c8c0052612c1da5a93db6e88148617 
Refreshing native plugins compatible for Editor in 10.50 ms, found 7 plugins.
Asset Pipeline Refresh (id=67f0ce8376e367143b5b2a0a97cd1dd6): Total: 0.197 seconds - Initiated by StopAssetImportingV2(NoUpdateAssetOptions)
Opening scene 'Assets/Scenes/Map.unity'
Unloading 36 Unused Serialized files (Serialized files now loaded: 0)
Loaded scene 'Assets/Scenes/Map.unity'
	Deserialize:            147.877 ms
	Integration:            272.199 ms
	Integration of assets:  0.022 ms
	Thread Wait Time:       0.057 ms
	Total Operation Time:   420.155 ms
Unloading 270 unused Assets / (53.4 MB). Loaded Objects now: 29102.
Memory consumption went from 385.6 MB to 332.2 MB.
Total: 17.286100 ms (FindLiveObjects: 1.131400 ms CreateObjectMapping: 0.409600 ms MarkObjects: 14.352500 ms  DeleteObjects: 1.391600 ms)

[TheHeroCameraValidation] PASS Hero exists
UnityEngine.Debug:ExtractStackTraceNoAlloc (byte*,int,string)
UnityEngine.StackTraceUtility:ExtractStackTrace ()
UnityEngine.DebugLogHandler:Internal_Log (UnityEngine.LogType,UnityEngine.LogOption,string,UnityEngine.Object)
UnityEngine.DebugLogHandler:LogFormat (UnityEngine.LogType,UnityEngine.Object,string,object[])
UnityEngine.Logger:Log (UnityEngine.LogType,object)
UnityEngine.Debug:Log (object)
TheHero.Editor.TheHeroValidateCameraFollow:Pass (string) (at Assets/Editor/TheHeroValidateCameraFollow.cs:236)
TheHero.Editor.TheHeroValidateCameraFollow:RunValidation (bool) (at Assets/Editor/TheHeroValidateCameraFollow.cs:37)
TheHero.Editor.TheHeroFixCameraAndHeroFollow:FixCameraAndHeroFollow () (at Assets/Editor/TheHeroFixCameraAndHeroFollow.cs:63)

(Filename: Assets/Editor/TheHeroValidateCameraFollow.cs Line: 236)

[TheHeroCameraValidation] PASS Hero has SpriteRenderer
UnityEngine.Debug:ExtractStackTraceNoAlloc (byte*,int,string)
UnityEngine.StackTraceUtility:ExtractStackTrace ()
UnityEngine.DebugLogHandler:Internal_Log (UnityEngine.LogType,UnityEngine.LogOption,string,UnityEngine.Object)
UnityEngine.DebugLogHandler:LogFormat (UnityEngine.LogType,UnityEngine.Object,string,object[])
UnityEngine.Logger:Log (UnityEngine.LogType,object)
UnityEngine.Debug:Log (object)
TheHero.Editor.TheHeroValidateCameraFollow:Pass (string) (at Assets/Editor/TheHeroValidateCameraFollow.cs:236)
TheHero.Editor.TheHeroValidateCameraFollow:RunValidation (bool) (at Assets/Editor/TheHeroValidateCameraFollow.cs:45)
TheHero.Editor.TheHeroFixCameraAndHeroFollow:FixCameraAndHeroFollow () (at Assets/Editor/TheHeroFixCameraAndHeroFollow.cs:63)

(Filename: Assets/Editor/TheHeroValidateCameraFollow.cs Line: 236)

[TheHeroCameraValidation] PASS Hero sprite not null
UnityEngine.Debug:ExtractStackTraceNoAlloc (byte*,int,string)
UnityEngine.StackTraceUtility:ExtractStackTrace ()
UnityEngine.DebugLogHandler:Internal_Log (UnityEngine.LogType,UnityEngine.LogOption,string,UnityEngine.Object)
UnityEngine.DebugLogHandler:LogFormat (UnityEngine.LogType,UnityEngine.Object,string,object[])
UnityEngine.Logger:Log (UnityEngine.LogType,object)
UnityEngine.Debug:Log (object)
TheHero.Editor.TheHeroValidateCameraFollow:Pass (string) (at Assets/Editor/TheHeroValidateCameraFollow.cs:236)
TheHero.Editor.TheHeroValidateCameraFollow:RunValidation (bool) (at Assets/Editor/TheHeroValidateCameraFollow.cs:50)
TheHero.Editor.TheHeroFixCameraAndHeroFollow:FixCameraAndHeroFollow () (at Assets/Editor/TheHeroFixCameraAndHeroFollow.cs:63)

(Filename: Assets/Editor/TheHeroValidateCameraFollow.cs Line: 236)

[TheHeroCameraValidation] PASS Hero scale not zero
UnityEngine.Debug:ExtractStackTraceNoAlloc (byte*,int,string)
UnityEngine.StackTraceUtility:ExtractStackTrace ()
UnityEngine.DebugLogHandler:Internal_Log (UnityEngine.LogType,UnityEngine.LogOption,string,UnityEngine.Object)
UnityEngine.DebugLogHandler:LogFormat (UnityEngine.LogType,UnityEngine.Object,string,object[])
UnityEngine.Logger:Log (UnityEngine.LogType,object)
UnityEngine.Debug:Log (object)
TheHero.Editor.TheHeroValidateCameraFollow:Pass (string) (at Assets/Editor/TheHeroValidateCameraFollow.cs:236)
TheHero.Editor.TheHeroValidateCameraFollow:RunValidation (bool) (at Assets/Editor/TheHeroValidateCameraFollow.cs:55)
TheHero.Editor.TheHeroFixCameraAndHeroFollow:FixCameraAndHeroFollow () (at Assets/Editor/TheHeroFixCameraAndHeroFollow.cs:63)

(Filename: Assets/Editor/TheHeroValidateCameraFollow.cs Line: 236)

[TheHeroCameraValidation] PASS Hero sorting above terrain
UnityEngine.Debug:ExtractStackTraceNoAlloc (byte*,int,string)
UnityEngine.StackTraceUtility:ExtractStackTrace ()
UnityEngine.DebugLogHandler:Internal_Log (UnityEngine.LogType,UnityEngine.LogOption,string,UnityEngine.Object)
UnityEngine.DebugLogHandler:LogFormat (UnityEngine.LogType,UnityEngine.Object,string,object[])
UnityEngine.Logger:Log (UnityEngine.LogType,object)
UnityEngine.Debug:Log (object)
TheHero.Editor.TheHeroValidateCameraFollow:Pass (string) (at Assets/Editor/TheHeroValidateCameraFollow.cs:236)
TheHero.Editor.TheHeroValidateCameraFollow:RunValidation (bool) (at Assets/Editor/TheHeroValidateCameraFollow.cs:61)
TheHero.Editor.TheHeroFixCameraAndHeroFollow:FixCameraAndHeroFollow () (at Assets/Editor/TheHeroFixCameraAndHeroFollow.cs:63)

(Filename: Assets/Editor/TheHeroValidateCameraFollow.cs Line: 236)

[TheHeroCameraValidation] PASS Main Camera exists
UnityEngine.Debug:ExtractStackTraceNoAlloc (byte*,int,string)
UnityEngine.StackTraceUtility:ExtractStackTrace ()
UnityEngine.DebugLogHandler:Internal_Log (UnityEngine.LogType,UnityEngine.LogOption,string,UnityEngine.Object)
UnityEngine.DebugLogHandler:LogFormat (UnityEngine.LogType,UnityEngine.Object,string,object[])
UnityEngine.Logger:Log (UnityEngine.LogType,object)
UnityEngine.Debug:Log (object)
TheHero.Editor.TheHeroValidateCameraFollow:Pass (string) (at Assets/Editor/TheHeroValidateCameraFollow.cs:236)
TheHero.Editor.TheHeroValidateCameraFollow:RunValidation (bool) (at Assets/Editor/TheHeroValidateCameraFollow.cs:67)
TheHero.Editor.TheHeroFixCameraAndHeroFollow:FixCameraAndHeroFollow () (at Assets/Editor/TheHeroFixCameraAndHeroFollow.cs:63)

(Filename: Assets/Editor/TheHeroValidateCameraFollow.cs Line: 236)

[TheHeroCameraValidation] PASS Main Camera is Orthographic
UnityEngine.Debug:ExtractStackTraceNoAlloc (byte*,int,string)
UnityEngine.StackTraceUtility:ExtractStackTrace ()
UnityEngine.DebugLogHandler:Internal_Log (UnityEngine.LogType,UnityEngine.LogOption,string,UnityEngine.Object)
UnityEngine.DebugLogHandler:LogFormat (UnityEngine.LogType,UnityEngine.Object,string,object[])
UnityEngine.Logger:Log (UnityEngine.LogType,object)
UnityEngine.Debug:Log (object)
TheHero.Editor.TheHeroValidateCameraFollow:Pass (string) (at Assets/Editor/TheHeroValidateCameraFollow.cs:236)
TheHero.Editor.TheHeroValidateCameraFollow:RunValidation (bool) (at Assets/Editor/TheHeroValidateCameraFollow.cs:72)
TheHero.Editor.TheHeroFixCameraAndHeroFollow:FixCameraAndHeroFollow () (at Assets/Editor/TheHeroFixCameraAndHeroFollow.cs:63)

(Filename: Assets/Editor/TheHeroValidateCameraFollow.cs Line: 236)

[TheHeroCameraValidation] PASS Main Camera has THCameraFollow
UnityEngine.Debug:ExtractStackTraceNoAlloc (byte*,int,string)
UnityEngine.StackTraceUtility:ExtractStackTrace ()
UnityEngine.DebugLogHandler:Internal_Log (UnityEngine.LogType,UnityEngine.LogOption,string,UnityEngine.Object)
UnityEngine.DebugLogHandler:LogFormat (UnityEngine.LogType,UnityEngine.Object,string,object[])
UnityEngine.Logger:Log (UnityEngine.LogType,object)
UnityEngine.Debug:Log (object)
TheHero.Editor.TheHeroValidateCameraFollow:Pass (string) (at Assets/Editor/TheHeroValidateCameraFollow.cs:236)
TheHero.Editor.TheHeroValidateCameraFollow:RunValidation (bool) (at Assets/Editor/TheHeroValidateCameraFollow.cs:78)
TheHero.Editor.TheHeroFixCameraAndHeroFollow:FixCameraAndHeroFollow () (at Assets/Editor/TheHeroFixCameraAndHeroFollow.cs:63)

(Filename: Assets/Editor/TheHeroValidateCameraFollow.cs Line: 236)

[TheHeroCameraValidation] PASS Camera follows Hero
UnityEngine.Debug:ExtractStackTraceNoAlloc (byte*,int,string)
UnityEngine.StackTraceUtility:ExtractStackTrace ()
UnityEngine.DebugLogHandler:Internal_Log (UnityEngine.LogType,UnityEngine.LogOption,string,UnityEngine.Object)
UnityEngine.DebugLogHandler:LogFormat (UnityEngine.LogType,UnityEngine.Object,string,object[])
UnityEngine.Logger:Log (UnityEngine.LogType,object)
UnityEngine.Debug:Log (object)
TheHero.Editor.TheHeroValidateCameraFollow:Pass (string) (at Assets/Editor/TheHeroValidateCameraFollow.cs:236)
TheHero.Editor.TheHeroValidateCameraFollow:RunValidation (bool) (at Assets/Editor/TheHeroValidateCameraFollow.cs:83)
TheHero.Editor.TheHeroFixCameraAndHeroFollow:FixCameraAndHeroFollow () (at Assets/Editor/TheHeroFixCameraAndHeroFollow.cs:63)

(Filename: Assets/Editor/TheHeroValidateCameraFollow.cs Line: 236)

[TheHeroCameraValidation] PASS Camera orthographicSize in range
UnityEngine.Debug:ExtractStackTraceNoAlloc (byte*,int,string)
UnityEngine.StackTraceUtility:ExtractStackTrace ()
UnityEngine.DebugLogHandler:Internal_Log (UnityEngine.LogType,UnityEngine.LogOption,string,UnityEngine.Object)
UnityEngine.DebugLogHandler:LogFormat (UnityEngine.LogType,UnityEngine.Object,string,object[])
UnityEngine.Logger:Log (UnityEngine.LogType,object)
UnityEngine.Debug:Log (object)
TheHero.Editor.TheHeroValidateCameraFollow:Pass (string) (at Assets/Editor/TheHeroValidateCameraFollow.cs:236)
TheHero.Editor.TheHeroValidateCameraFollow:RunValidation (bool) (at Assets/Editor/TheHeroValidateCameraFollow.cs:88)
TheHero.Editor.TheHeroFixCameraAndHeroFollow:FixCameraAndHeroFollow () (at Assets/Editor/TheHeroFixCameraAndHeroFollow.cs:63)

(Filename: Assets/Editor/TheHeroValidateCameraFollow.cs Line: 236)

[TheHeroCameraValidation] PASS Camera z is -10
UnityEngine.Debug:ExtractStackTraceNoAlloc (byte*,int,string)
UnityEngine.StackTraceUtility:ExtractStackTrace ()
UnityEngine.DebugLogHandler:Internal_Log (UnityEngine.LogType,UnityEngine.LogOption,string,UnityEngine.Object)
UnityEngine.DebugLogHandler:LogFormat (UnityEngine.LogType,UnityEngine.Object,string,object[])
UnityEngine.Logger:Log (UnityEngine.LogType,object)
UnityEngine.Debug:Log (object)
TheHero.Editor.TheHeroValidateCameraFollow:Pass (string) (at Assets/Editor/TheHeroValidateCameraFollow.cs:236)
TheHero.Editor.TheHeroValidateCameraFollow:RunValidation (bool) (at Assets/Editor/TheHeroValidateCameraFollow.cs:93)
TheHero.Editor.TheHeroFixCameraAndHeroFollow:FixCameraAndHeroFollow () (at Assets/Editor/TheHeroFixCameraAndHeroFollow.cs:63)

(Filename: Assets/Editor/TheHeroValidateCameraFollow.cs Line: 236)

[TheHeroCameraValidation] PASS No giant Castle UI
UnityEngine.Debug:ExtractStackTraceNoAlloc (byte*,int,string)
UnityEngine.StackTraceUtility:ExtractStackTrace ()
UnityEngine.DebugLogHandler:Internal_Log (UnityEngine.LogType,UnityEngine.LogOption,string,UnityEngine.Object)
UnityEngine.DebugLogHandler:LogFormat (UnityEngine.LogType,UnityEngine.Object,string,object[])
UnityEngine.Logger:Log (UnityEngine.LogType,object)
UnityEngine.Debug:Log (object)
TheHero.Editor.TheHeroValidateCameraFollow:Pass (string) (at Assets/Editor/TheHeroValidateCameraFollow.cs:236)
TheHero.Editor.TheHeroValidateCameraFollow:RunValidation (bool) (at Assets/Editor/TheHeroValidateCameraFollow.cs:98)
TheHero.Editor.TheHeroFixCameraAndHeroFollow:FixCameraAndHeroFollow () (at Assets/Editor/TheHeroFixCameraAndHeroFollow.cs:63)

(Filename: Assets/Editor/TheHeroValidateCameraFollow.cs Line: 236)

[TheHeroCameraValidation] PASS Small CastleButton exists
UnityEngine.Debug:ExtractStackTraceNoAlloc (byte*,int,string)
UnityEngine.StackTraceUtility:ExtractStackTrace ()
UnityEngine.DebugLogHandler:Internal_Log (UnityEngine.LogType,UnityEngine.LogOption,string,UnityEngine.Object)
UnityEngine.DebugLogHandler:LogFormat (UnityEngine.LogType,UnityEngine.Object,string,object[])
UnityEngine.Logger:Log (UnityEngine.LogType,object)
UnityEngine.Debug:Log (object)
TheHero.Editor.TheHeroValidateCameraFollow:Pass (string) (at Assets/Editor/TheHeroValidateCameraFollow.cs:236)
TheHero.Editor.TheHeroValidateCameraFollow:RunValidation (bool) (at Assets/Editor/TheHeroValidateCameraFollow.cs:104)
TheHero.Editor.TheHeroFixCameraAndHeroFollow:FixCameraAndHeroFollow () (at Assets/Editor/TheHeroFixCameraAndHeroFollow.cs:63)

(Filename: Assets/Editor/TheHeroValidateCameraFollow.cs Line: 236)

[TheHeroCameraValidation] PASS CastleButton size is safe
UnityEngine.Debug:ExtractStackTraceNoAlloc (byte*,int,string)
UnityEngine.StackTraceUtility:ExtractStackTrace ()
UnityEngine.DebugLogHandler:Internal_Log (UnityEngine.LogType,UnityEngine.LogOption,string,UnityEngine.Object)
UnityEngine.DebugLogHandler:LogFormat (UnityEngine.LogType,UnityEngine.Object,string,object[])
UnityEngine.Logger:Log (UnityEngine.LogType,object)
UnityEngine.Debug:Log (object)
TheHero.Editor.TheHeroValidateCameraFollow:Pass (string) (at Assets/Editor/TheHeroValidateCameraFollow.cs:236)
TheHero.Editor.TheHeroValidateCameraFollow:RunValidation (bool) (at Assets/Editor/TheHeroValidateCameraFollow.cs:109)
TheHero.Editor.TheHeroFixCameraAndHeroFollow:FixCameraAndHeroFollow () (at Assets/Editor/TheHeroFixCameraAndHeroFollow.cs:63)

(Filename: Assets/Editor/TheHeroValidateCameraFollow.cs Line: 236)

[TheHeroCameraValidation] PASS Movement script references active Hero
UnityEngine.Debug:ExtractStackTraceNoAlloc (byte*,int,string)
UnityEngine.StackTraceUtility:ExtractStackTrace ()
UnityEngine.DebugLogHandler:Internal_Log (UnityEngine.LogType,UnityEngine.LogOption,string,UnityEngine.Object)
UnityEngine.DebugLogHandler:LogFormat (UnityEngine.LogType,UnityEngine.Object,string,object[])
UnityEngine.Logger:Log (UnityEngine.LogType,object)
UnityEngine.Debug:Log (object)
TheHero.Editor.TheHeroValidateCameraFollow:Pass (string) (at Assets/Editor/TheHeroValidateCameraFollow.cs:236)
TheHero.Editor.TheHeroValidateCameraFollow:RunValidation (bool) (at Assets/Editor/TheHeroValidateCameraFollow.cs:114)
TheHero.Editor.TheHeroFixCameraAndHeroFollow:FixCameraAndHeroFollow () (at Assets/Editor/TheHeroFixCameraAndHeroFollow.cs:63)

(Filename: Assets/Editor/TheHeroValidateCameraFollow.cs Line: 236)

Asset Pipeline Refresh (id=53ce3a002f6aa804287a723fcc67d999): Total: 0.036 seconds - Initiated by RefreshV2(NoUpdateAssetOptions)
[TheHeroCameraFix] Ready for testing
UnityEngine.Debug:ExtractStackTraceNoAlloc (byte*,int,string)
UnityEngine.StackTraceUtility:ExtractStackTrace ()
UnityEngine.DebugLogHandler:Internal_Log (UnityEngine.LogType,UnityEngine.LogOption,string,UnityEngine.Object)
UnityEngine.DebugLogHandler:LogFormat (UnityEngine.LogType,UnityEngine.Object,string,object[])
UnityEngine.Logger:Log (UnityEngine.LogType,object)
UnityEngine.Debug:Log (object)
TheHero.Editor.TheHeroFixCameraAndHeroFollow:FixCameraAndHeroFollow () (at Assets/Editor/TheHeroFixCameraAndHeroFollow.cs:69)

(Filename: Assets/Editor/TheHeroFixCameraAndHeroFollow.cs Line: 69)

Batchmode quit successfully invoked - shutting down!
[Physics::Module] Cleanup current backend.
[Physics::Module] Id: 0xf2b8ea05
Input System module state changed to: ShutdownInProgress.
Input Polling Thread exited.
Input System module state changed to: Shutdown.
[Licensing::IpcConnector] LicenseClient-HYPERPC-6000.4.1-notifications channel disconnected successfully.
[Licensing::IpcConnector] LicenseClient-HYPERPC-6000.4.1 channel disconnected successfully.
AcceleratorClientConnectionCallback - disconnected - :0
Cleanup mono
CodeReloadManager destroyed
Exiting batchmode successfully now!
Exiting without the bug reporter. Application will terminate with return code 0