[Licensing::Module] Trying to connect to existing licensing client channel...
Built from '6000.4/staging' branch; Version is '6000.4.5f1 (cc83ebd631f8) revision 13403115'; Using compiler version '194234433'; Build Type 'Release'
OS: 'Windows 11  (10.0.26200) Core' Language: 'ru' Physical Memory: 32557 MB
BatchMode: 1, IsHumanControllingUs: 0, StartBugReporterOnCrash: 0, Is64bit: 1
[Licensing::IpcConnector] Successfully connected to: "LicenseClient-HYPERPC" at "2026-05-15T17:23:50.0089617Z"
System  architecture: x64
Process architecture: x64
Date: 2026-05-15T17:23:50Z

COMMAND LINE ARGUMENTS:
C:\Program Files\Unity\Hub\Editor\6000.4.5f1\Editor\Unity.exe
-batchmode
-quit
-projectPath
.
-executeMethod
TheHeroFixFinalThreeMapValidationFails.Fix
-logFile
TheHero_Final3Fix_Run2.log
Successfully changed project path to: C:/Users/HYPERPC/Computer-game-The-Hero-/source code/My project
C:/Users/HYPERPC/Computer-game-The-Hero-/source code/My project
[UnityMemory] Configuration Parameters - Can be set up in boot.config
    "memorysetup-temp-allocator-size-gi-baking-worker=262144"
    "memorysetup-temp-allocator-size-gi-baking-worker=262144"
    "memorysetup-temp-allocator-size-gi-baking-worker=262144"
    "memorysetup-temp-allocator-size-gi-baking-worker=262144"
    "memorysetup-temp-allocator-size-gi-baking-worker=262144"
    "memorysetup-temp-allocator-size-nav-mesh-worker=65536"
    "memorysetup-temp-allocator-size-audio-worker=65536"
    "memorysetup-temp-allocator-size-cloud-worker=32768"
    "memorysetup-temp-allocator-size-gfx=262144"
    "memorysetup-temp-allocator-size-preload-manager=33554432"
    "memorysetup-temp-allocator-size-job-worker=262144"
    "memorysetup-temp-allocator-size-background-worker=32768"
    "memorysetup-allocator-temp-initial-block-size-main=262144"
    "memorysetup-allocator-temp-initial-block-size-worker=262144"
    "memorysetup-bucket-allocator-granularity=16"
    "memorysetup-bucket-allocator-bucket-count=8"
    "memorysetup-bucket-allocator-block-size=33554432"
    "memorysetup-bucket-allocator-block-count=8"
    "memorysetup-main-allocator-block-size=16777216"
    "memorysetup-thread-allocator-block-size=16777216"
    "memorysetup-gfx-main-allocator-block-size=16777216"
    "memorysetup-gfx-thread-allocator-block-size=16777216"
    "memorysetup-cache-allocator-block-size=4194304"
    "memorysetup-typetree-allocator-block-size=2097152"
    "memorysetup-profiler-bucket-allocator-granularity=16"
    "memorysetup-profiler-bucket-allocator-bucket-count=8"
    "memorysetup-profiler-bucket-allocator-block-size=33554432"
    "memorysetup-profiler-bucket-allocator-block-count=8"
    "memorysetup-profiler-allocator-block-size=16777216"
    "memorysetup-profiler-editor-allocator-block-size=1048576"
    "memorysetup-temp-allocator-size-main=16777216"
    "memorysetup-job-temp-allocator-block-size=2097152"
    "memorysetup-job-temp-allocator-block-size-background=1048576"
    "memorysetup-job-temp-allocator-reduction-small-platforms=262144"
Player connection [29496]  Target information:

Player connection [29496]  * "[IP] 10.99.25.20 [Port] 55504 [Flags] 2 [Guid] 4035290043 [EditorId] 4035290043 [Version] 1048832 [Id] WindowsEditor(7,DESKTOP-5TNIE0I) [Debug] 1 [PackageName] WindowsEditor [ProjectName] Editor" 

Player connection [29496]  * "[IP] 172.25.112.1 [Port] 55504 [Flags] 2 [Guid] 4035290043 [EditorId] 4035290043 [Version] 1048832 [Id] WindowsEditor(7,DESKTOP-5TNIE0I) [Debug] 1 [PackageName] WindowsEditor [ProjectName] Editor" 

Player connection [29496]  * "[IP] 172.18.0.1 [Port] 55504 [Flags] 2 [Guid] 4035290043 [EditorId] 4035290043 [Version] 1048832 [Id] WindowsEditor(7,DESKTOP-5TNIE0I) [Debug] 1 [PackageName] WindowsEditor [ProjectName] Editor" 

Player connection [29496] Host joined multi-casting on [225.0.0.222:54997]...
Player connection [29496] Host joined alternative multi-casting on [225.0.0.222:34997]...
Input System module state changed to: Initialized.
[Physics::Module] Initialized fallback backend.
[Physics::Module] Id: 0xdecafbad
[Package Manager] Connected to IPC stream "Upm-34328" after 0.2 seconds.
[Licensing::Module] Licensing is not yet initialized.
[Licensing::Client] Error: HandshakeResponse reported an error:
	ResponseCode: 505
	ResponseStatus: Unsupported protocol version '1.18.1'.
[Licensing::Module] Error: Failed to handshake to channel: "LicenseClient-HYPERPC"
[Licensing::IpcConnector] LicenseClient-HYPERPC channel disconnected successfully.
[Licensing::IpcConnector] Channel LicenseClient-HYPERPC-6000.4.5 doesn't exist
[Licensing::Module] Successfully launched the LicensingClient (PId: 35116)
[Licensing::IpcConnector] Successfully connected to: "LicenseClient-HYPERPC-6000.4.5" at "2026-05-15T17:23:51.118433Z"
[Licensing::Client] Code 10 while verifying Licensing Client signature (process Id: 35116, path: "C:/Program Files/Unity/Hub/Editor/6000.4.5f1/Editor/Data/Resources/Licensing/Client/Unity.Licensing.Client.exe")
[Licensing::Module] LicensingClient has failed validation; ignoring
[Licensing::Client] Handshaking with LicensingClient:
  Version:                 1.18.1+9fbee8e
  Session Id:              7251d02eca8249bc9188c18cf3be66c4
  Correlation Id:          2f2653f68b035da352ff2ec2a5125bc6
  External correlation Id: 183078713870224860
  Machine Id:              2bcfagqq1DNenXtoR+usphFc6NE=
[Licensing::Module] Successfully connected to LicensingClient on channel: "LicenseClient-HYPERPC-6000.4.5" (connect: 0.24s, validation: 0.17s, handshake: 0.01s)
[Licensing::IpcConnector] Successfully connected to: "LicenseClient-HYPERPC-6000.4.5-notifications" at "2026-05-15T17:23:51.3026845Z"
[Licensing::Module] Connected to LicensingClient (PId: 35116, launch time: 0.00, total connection time: 0.43s)
[Licensing::Module] Error: Access token is unavailable; failed to update
[Licensing::Client] Successfully resolved entitlement details
[Licensing::Module] License group:
  Id: 9072390612952-UnityPersXXXX
  Product: Unity Personal
  Type: Assigned
  Expiration: Unlimited
[Licensing::Client] Successfully updated license, isAsync: True, time: 0.01
[Licensing::Client] Successfully resolved entitlement details
[Licensing::Module] Licensing Background thread has ended after 1.34s
[Licensing::Module] Licensing is initialized (took 0.87s).
[Licensing::Client] Successfully resolved entitlement details
Library Redirect Path: Library/
[Physics::Module] Selected backend.
[Physics::Module] Name: PhysX
[Physics::Module] Id: 0xf2b8ea05
[Physics::Module] SDK Version: 4.1.2
[Physics::Module] Integration Version: 1.0.0
[Physics::Module] Threading Mode: Multi-Threaded
Artifact Garbage Collection - Removed 2 unused hashed content files
Refreshing native plugins compatible for Editor in 2.03 ms, found 0 plugins.
Initialize engine version: 6000.4.5f1 (cc83ebd631f8)
[Subsystems] Discovering subsystems at path C:/Program Files/Unity/Hub/Editor/6000.4.5f1/Editor/Data/Resources/UnitySubsystems
[Subsystems] Discovering subsystems at path C:/Users/HYPERPC/Computer-game-The-Hero-/source code/My project/Assets
GfxDevice: creating device client; kGfxThreadingModeNonThreaded
Direct3D:
    Version:  Direct3D 11.0 [level 11.1]
    Renderer: NVIDIA GeForce RTX 3050 (ID=0x2584)
    Vendor:   NVIDIA
    VRAM:     6002 MB
    Driver:   32.0.15.9186
Initialize mono
Mono path[0] = 'C:/Program Files/Unity/Hub/Editor/6000.4.5f1/Editor/Data/Managed'
Mono path[1] = 'C:/Program Files/Unity/Hub/Editor/6000.4.5f1/Editor/Data/MonoBleedingEdge/lib/mono/unityjit-win32'
Mono config path = 'C:/Program Files/Unity/Hub/Editor/6000.4.5f1/Editor/Data/MonoBleedingEdge/etc'
Using monoOptions --debugger-agent=transport=dt_socket,embedding=1,server=y,suspend=n,address=127.0.0.1:56328
CodeReloadManager initialized
Using cacheserver namespaces - metadata:defaultmetadata, artifacts:defaultartifacts
Using cacheserver namespaces - metadata:defaultmetadata, artifacts:defaultartifacts
ImportWorker Server TCP listen port: 0
AcceleratorClientConnectionCallback - disconnected - :0
Begin MonoManager ReloadAssembly
Registering precompiled unity dll's ...
Register platform support module: C:/Program Files/Unity/Hub/Editor/6000.4.5f1/Editor/Data/PlaybackEngines/WebGLSupport/UnityEditor.WebGL.Extensions.dll
Register platform support module: C:/Program Files/Unity/Hub/Editor/6000.4.5f1/Editor/Data/PlaybackEngines/WindowsStandaloneSupport/UnityEditor.WindowsStandalone.Extensions.dll
[Licensing::Client] Successfully resolved entitlement details
Register platform support module: C:/Program Files/Unity/Hub/Editor/6000.4.5f1/Editor/Data/PlaybackEngines/MetroSupport/UnityEditor.UWP.Extensions.dll
Registered in 0.003540 seconds.
Native extension for UWP target not found
Native extension for WindowsStandalone target not found
Native extension for WebGL target not found
Package Manager log level set to [2]
ScheduleIndexationOnStartup MainProcess:False IndexOnStartup:True
Mono: successfully reloaded assembly
- Finished resetting the current domain, in  0.382 seconds
Domain Reload Profiling: 782ms
	BeginReloadAssembly (122ms)
		CreateAndSetChildDomain (15ms)
	RebuildCommonClasses (37ms)
	RebuildNativeTypeToScriptingClass (14ms)
	initialDomainReloadingComplete (52ms)
	LoadAllAssembliesAndSetupDomain (173ms)
		LoadAssemblies (106ms)
		AnalyzeDomain (165ms)
			TypeCache.Refresh (164ms)
				TypeCache.ScanAssembly (153ms)
	FinalizeReload (384ms)
		SetupLoadedEditorAssemblies (0ms)
			InitializePlatformSupportModulesInManaged (82ms)
			BeforeProcessingInitializeOnLoad (75ms)
			ProcessInitializeOnLoadAttributes (102ms)
			ProcessInitializeOnLoadMethodAttributes (58ms)
[Licensing::Client] Successfully resolved entitlement details
Application.AssetDatabase Initial Refresh Start
[Package Manager] Restoring resolved packages state from cache
[Licensing::Client] Successfully resolved entitlement details
[Package Manager] Registered 76 packages:
  Packages from [https://packages.unity.com]:
    com.unity.2d.animation@14.0.3 (location: C:\Users\HYPERPC\Computer-game-The-Hero-\source code\My project\Library\PackageCache\com.unity.2d.animation@a6f2f1d22eb5)
    com.unity.2d.aseprite@4.0.1 (location: C:\Users\HYPERPC\Computer-game-The-Hero-\source code\My project\Library\PackageCache\com.unity.2d.aseprite@151b68d46c40)
    com.unity.2d.psdimporter@13.0.2 (location: C:\Users\HYPERPC\Computer-game-The-Hero-\source code\My project\Library\PackageCache\com.unity.2d.psdimporter@11a0e04e0561)
    com.unity.2d.spriteshape@14.0.1 (location: C:\Users\HYPERPC\Computer-game-The-Hero-\source code\My project\Library\PackageCache\com.unity.2d.spriteshape@da3647ffbbd7)
    com.unity.2d.tilemap.extras@7.0.1 (location: C:\Users\HYPERPC\Computer-game-The-Hero-\source code\My project\Library\PackageCache\com.unity.2d.tilemap.extras@66df903b3633)
    com.unity.2d.tooling@2.0.1 (location: C:\Users\HYPERPC\Computer-game-The-Hero-\source code\My project\Library\PackageCache\com.unity.2d.tooling@baa4133dcff2)
    com.unity.ai.assistant@2.8.0-pre.1 (location: C:\Users\HYPERPC\Computer-game-The-Hero-\source code\My project\Library\PackageCache\com.unity.ai.assistant@667f49aff9c0)
    com.unity.ai.inference@2.6.1 (location: C:\Users\HYPERPC\Computer-game-The-Hero-\source code\My project\Library\PackageCache\com.unity.ai.inference@9a123aee5df7)
    com.unity.collab-proxy@2.12.4 (location: C:\Users\HYPERPC\Computer-game-The-Hero-\source code\My project\Library\PackageCache\com.unity.collab-proxy@0b1559bcd34e)
    com.unity.ide.rider@3.0.39 (location: C:\Users\HYPERPC\Computer-game-The-Hero-\source code\My project\Library\PackageCache\com.unity.ide.rider@4504839d03f7)
    com.unity.ide.visualstudio@2.0.27 (location: C:\Users\HYPERPC\Computer-game-The-Hero-\source code\My project\Library\PackageCache\com.unity.ide.visualstudio@dc1ddd4f09b6)
    com.unity.inputsystem@1.19.0 (location: C:\Users\HYPERPC\Computer-game-The-Hero-\source code\My project\Library\PackageCache\com.unity.inputsystem@21a28c3a6c83)
    com.unity.microsoft.gdk@1.6.0 (location: C:\Users\HYPERPC\Computer-game-The-Hero-\source code\My project\Library\PackageCache\com.unity.microsoft.gdk@343e03cd89b8)
    com.unity.microsoft.gdk.tools@1.6.0 (location: C:\Users\HYPERPC\Computer-game-The-Hero-\source code\My project\Library\PackageCache\com.unity.microsoft.gdk.tools@5ae7d42b911f)
    com.unity.purchasing@5.3.0 (location: C:\Users\HYPERPC\Computer-game-The-Hero-\source code\My project\Library\PackageCache\com.unity.purchasing@c1f2e55dc464)
    com.unity.services.levelplay@9.4.1 (location: C:\Users\HYPERPC\Computer-game-The-Hero-\source code\My project\Library\PackageCache\com.unity.services.levelplay@4902ed73074e)
    com.unity.timeline@1.8.12 (location: C:\Users\HYPERPC\Computer-game-The-Hero-\source code\My project\Library\PackageCache\com.unity.timeline@8cd8509afae5)
    com.unity.visualscripting@1.9.11 (location: C:\Users\HYPERPC\Computer-game-The-Hero-\source code\My project\Library\PackageCache\com.unity.visualscripting@8bed5ad90189)
    com.unity.services.core@1.16.0 (location: C:\Users\HYPERPC\Computer-game-The-Hero-\source code\My project\Library\PackageCache\com.unity.services.core@8ba50f624741)
    com.unity.microsoft.gdk.discovery@1.3.0 (location: C:\Users\HYPERPC\Computer-game-The-Hero-\source code\My project\Library\PackageCache\com.unity.microsoft.gdk.discovery@9c2d1c88cf7f)
    com.unity.burst@1.8.29 (location: C:\Users\HYPERPC\Computer-game-The-Hero-\source code\My project\Library\PackageCache\com.unity.burst@6bb9aca3ef38)
    com.unity.dt.app-ui@2.1.1 (location: C:\Users\HYPERPC\Computer-game-The-Hero-\source code\My project\Library\PackageCache\com.unity.dt.app-ui@8ac7e730dd5d)
    com.unity.nuget.newtonsoft-json@3.2.2 (location: C:\Users\HYPERPC\Computer-game-The-Hero-\source code\My project\Library\PackageCache\com.unity.nuget.newtonsoft-json@4dfd81071c64)
    com.unity.mathematics@1.3.3 (location: C:\Users\HYPERPC\Computer-game-The-Hero-\source code\My project\Library\PackageCache\com.unity.mathematics@19a9377c4ffa)
    com.unity.cloud.gltfast@6.14.1 (location: C:\Users\HYPERPC\Computer-game-The-Hero-\source code\My project\Library\PackageCache\com.unity.cloud.gltfast@0847aee0f6da)
    com.unity.2d.common@13.0.1 (location: C:\Users\HYPERPC\Computer-game-The-Hero-\source code\My project\Library\PackageCache\com.unity.2d.common@49d8bea2bff3)
    com.unity.searcher@4.9.4 (location: C:\Users\HYPERPC\Computer-game-The-Hero-\source code\My project\Library\PackageCache\com.unity.searcher@d45a78918735)
    com.unity.nuget.mono-cecil@1.11.6 (location: C:\Users\HYPERPC\Computer-game-The-Hero-\source code\My project\Library\PackageCache\com.unity.nuget.mono-cecil@ecb9724e46ff)
    com.unity.test-framework.performance@3.4.0 (location: C:\Users\HYPERPC\Computer-game-The-Hero-\source code\My project\Library\PackageCache\com.unity.test-framework.performance@aa81a99c4a75)
  Built-in packages:
    com.unity.2d.sprite@1.0.0 (location: C:\Users\HYPERPC\Computer-game-The-Hero-\source code\My project\Library\PackageCache\com.unity.2d.sprite@929df5adbb1f)
    com.unity.2d.tilemap@1.0.0 (location: C:\Users\HYPERPC\Computer-game-The-Hero-\source code\My project\Library\PackageCache\com.unity.2d.tilemap@c457c5249013)
    com.unity.multiplayer.center@1.0.1 (location: C:\Users\HYPERPC\Computer-game-The-Hero-\source code\My project\Library\PackageCache\com.unity.multiplayer.center@f01f4ba8d00a)
    com.unity.render-pipelines.universal@17.4.0 (location: C:\Users\HYPERPC\Computer-game-The-Hero-\source code\My project\Library\PackageCache\com.unity.render-pipelines.universal@4d008a28541a)
    com.unity.test-framework@1.6.0 (location: C:\Users\HYPERPC\Computer-game-The-Hero-\source code\My project\Library\PackageCache\com.unity.test-framework@76560ee600cb)
    com.unity.ugui@2.0.0 (location: C:\Users\HYPERPC\Computer-game-The-Hero-\source code\My project\Library\PackageCache\com.unity.ugui@d8a2716f3013)
    com.unity.modules.accessibility@1.0.0 (location: C:\Users\HYPERPC\Computer-game-The-Hero-\source code\My project\Library\PackageCache\com.unity.modules.accessibility)
    com.unity.modules.adaptiveperformance@1.0.0 (location: C:\Users\HYPERPC\Computer-game-The-Hero-\source code\My project\Library\PackageCache\com.unity.modules.adaptiveperformance)
    com.unity.modules.ai@1.0.0 (location: C:\Users\HYPERPC\Computer-game-The-Hero-\source code\My project\Library\PackageCache\com.unity.modules.ai)
    com.unity.modules.androidjni@1.0.0 (location: C:\Users\HYPERPC\Computer-game-The-Hero-\source code\My project\Library\PackageCache\com.unity.modules.androidjni)
    com.unity.modules.animation@1.0.0 (location: C:\Users\HYPERPC\Computer-game-The-Hero-\source code\My project\Library\PackageCache\com.unity.modules.animation)
    com.unity.modules.assetbundle@1.0.0 (location: C:\Users\HYPERPC\Computer-game-The-Hero-\source code\My project\Library\PackageCache\com.unity.modules.assetbundle)
    com.unity.modules.audio@1.0.0 (location: C:\Users\HYPERPC\Computer-game-The-Hero-\source code\My project\Library\PackageCache\com.unity.modules.audio)
    com.unity.modules.cloth@1.0.0 (location: C:\Users\HYPERPC\Computer-game-The-Hero-\source code\My project\Library\PackageCache\com.unity.modules.cloth)
    com.unity.modules.director@1.0.0 (location: C:\Users\HYPERPC\Computer-game-The-Hero-\source code\My project\Library\PackageCache\com.unity.modules.director)
    com.unity.modules.imageconversion@1.0.0 (location: C:\Users\HYPERPC\Computer-game-The-Hero-\source code\My project\Library\PackageCache\com.unity.modules.imageconversion)
    com.unity.modules.imgui@1.0.0 (location: C:\Users\HYPERPC\Computer-game-The-Hero-\source code\My project\Library\PackageCache\com.unity.modules.imgui)
    com.unity.modules.jsonserialize@1.0.0 (location: C:\Users\HYPERPC\Computer-game-The-Hero-\source code\My project\Library\PackageCache\com.unity.modules.jsonserialize)
    com.unity.modules.particlesystem@1.0.0 (location: C:\Users\HYPERPC\Computer-game-The-Hero-\source code\My project\Library\PackageCache\com.unity.modules.particlesystem)
    com.unity.modules.physics@1.0.0 (location: C:\Users\HYPERPC\Computer-game-The-Hero-\source code\My project\Library\PackageCache\com.unity.modules.physics)
    com.unity.modules.physics2d@1.0.0 (location: C:\Users\HYPERPC\Computer-game-The-Hero-\source code\My project\Library\PackageCache\com.unity.modules.physics2d)
    com.unity.modules.screencapture@1.0.0 (location: C:\Users\HYPERPC\Computer-game-The-Hero-\source code\My project\Library\PackageCache\com.unity.modules.screencapture)
    com.unity.modules.terrain@1.0.0 (location: C:\Users\HYPERPC\Computer-game-The-Hero-\source code\My project\Library\PackageCache\com.unity.modules.terrain)
    com.unity.modules.terrainphysics@1.0.0 (location: C:\Users\HYPERPC\Computer-game-The-Hero-\source code\My project\Library\PackageCache\com.unity.modules.terrainphysics)
    com.unity.modules.tilemap@1.0.0 (location: C:\Users\HYPERPC\Computer-game-The-Hero-\source code\My project\Library\PackageCache\com.unity.modules.tilemap)
    com.unity.modules.ui@1.0.0 (location: C:\Users\HYPERPC\Computer-game-The-Hero-\source code\My project\Library\PackageCache\com.unity.modules.ui)
    com.unity.modules.uielements@1.0.0 (location: C:\Users\HYPERPC\Computer-game-The-Hero-\source code\My project\Library\PackageCache\com.unity.modules.uielements)
    com.unity.modules.umbra@1.0.0 (location: C:\Users\HYPERPC\Computer-game-The-Hero-\source code\My project\Library\PackageCache\com.unity.modules.umbra)
    com.unity.modules.unityanalytics@1.0.0 (location: C:\Users\HYPERPC\Computer-game-The-Hero-\source code\My project\Library\PackageCache\com.unity.modules.unityanalytics)
    com.unity.modules.unitywebrequest@1.0.0 (location: C:\Users\HYPERPC\Computer-game-The-Hero-\source code\My project\Library\PackageCache\com.unity.modules.unitywebrequest)
    com.unity.modules.unitywebrequestassetbundle@1.0.0 (location: C:\Users\HYPERPC\Computer-game-The-Hero-\source code\My project\Library\PackageCache\com.unity.modules.unitywebrequestassetbundle)
    com.unity.modules.unitywebrequestaudio@1.0.0 (location: C:\Users\HYPERPC\Computer-game-The-Hero-\source code\My project\Library\PackageCache\com.unity.modules.unitywebrequestaudio)
    com.unity.modules.unitywebrequesttexture@1.0.0 (location: C:\Users\HYPERPC\Computer-game-The-Hero-\source code\My project\Library\PackageCache\com.unity.modules.unitywebrequesttexture)
    com.unity.modules.unitywebrequestwww@1.0.0 (location: C:\Users\HYPERPC\Computer-game-The-Hero-\source code\My project\Library\PackageCache\com.unity.modules.unitywebrequestwww)
    com.unity.modules.vectorgraphics@1.0.0 (location: C:\Users\HYPERPC\Computer-game-The-Hero-\source code\My project\Library\PackageCache\com.unity.modules.vectorgraphics)
    com.unity.modules.vehicles@1.0.0 (location: C:\Users\HYPERPC\Computer-game-The-Hero-\source code\My project\Library\PackageCache\com.unity.modules.vehicles)
    com.unity.modules.video@1.0.0 (location: C:\Users\HYPERPC\Computer-game-The-Hero-\source code\My project\Library\PackageCache\com.unity.modules.video)
    com.unity.modules.vr@1.0.0 (location: C:\Users\HYPERPC\Computer-game-The-Hero-\source code\My project\Library\PackageCache\com.unity.modules.vr)
    com.unity.modules.wind@1.0.0 (location: C:\Users\HYPERPC\Computer-game-The-Hero-\source code\My project\Library\PackageCache\com.unity.modules.wind)
    com.unity.modules.xr@1.0.0 (location: C:\Users\HYPERPC\Computer-game-The-Hero-\source code\My project\Library\PackageCache\com.unity.modules.xr)
    com.unity.modules.subsystems@1.0.0 (location: C:\Users\HYPERPC\Computer-game-The-Hero-\source code\My project\Library\PackageCache\com.unity.modules.subsystems)
    com.unity.modules.hierarchycore@1.0.0 (location: C:\Users\HYPERPC\Computer-game-The-Hero-\source code\My project\Library\PackageCache\com.unity.modules.hierarchycore)
    com.unity.ext.nunit@2.0.5 (location: C:\Users\HYPERPC\Computer-game-The-Hero-\source code\My project\Library\PackageCache\com.unity.ext.nunit@d8c07649098d)
    com.unity.render-pipelines.core@17.4.0 (location: C:\Users\HYPERPC\Computer-game-The-Hero-\source code\My project\Library\PackageCache\com.unity.render-pipelines.core@2269be549234)
    com.unity.shadergraph@17.4.0 (location: C:\Users\HYPERPC\Computer-game-The-Hero-\source code\My project\Library\PackageCache\com.unity.shadergraph@cd28a7c13031)
    com.unity.render-pipelines.universal-config@17.4.0 (location: C:\Users\HYPERPC\Computer-game-The-Hero-\source code\My project\Library\PackageCache\com.unity.render-pipelines.universal-config@0db4263b9e6b)
    com.unity.collections@6.4.0 (location: C:\Users\HYPERPC\Computer-game-The-Hero-\source code\My project\Library\PackageCache\com.unity.collections@9c2353fb96f6)
[Subsystems] No new subsystems found in resolved package list.
[Package Manager] Done registering packages in 0.02 seconds
Duplicate assembly 'System.Runtime.CompilerServices.Unsafe.dll' with different versions detected, using 'Packages/com.unity.ai.assistant/Plugins/Shared/System.Runtime.CompilerServices.Unsafe.dll, AssemblyName=System.Runtime.CompilerServices.Unsafe, Version=6.0.3.0, Culture=neutral, PublicKeyToken=b03f5f7f11d50a3a' and ignoring 'Packages/com.unity.collections/Unity.Collections.Tests/System.Runtime.CompilerServices.Unsafe/System.Runtime.CompilerServices.Unsafe.dll, AssemblyName=System.Runtime.CompilerServices.Unsafe, Version=6.0.0.0, Culture=neutral, PublicKeyToken=b03f5f7f11d50a3a'.Refreshing native plugins compatible for Editor in 18.68 ms, found 7 plugins.
Starting: C:\Program Files\Unity\Hub\Editor\6000.4.5f1\Editor\Data\Tools\BuildPipeline\bee_backend.exe --ipc --defer-dag-verification --dagfile="Library/Bee/1900b0aE.dag" --continue-on-failure --profile="Library/Bee/backend1.traceevents" ScriptAssemblies
WorkingDir: C:/Users/HYPERPC/Computer-game-The-Hero-/source code/My project
Duplicate assembly 'System.Runtime.CompilerServices.Unsafe.dll' with different versions detected, using 'Packages/com.unity.ai.assistant/Plugins/Shared/System.Runtime.CompilerServices.Unsafe.dll, AssemblyName=System.Runtime.CompilerServices.Unsafe, Version=6.0.3.0, Culture=neutral, PublicKeyToken=b03f5f7f11d50a3a' and ignoring 'Packages/com.unity.collections/Unity.Collections.Tests/System.Runtime.CompilerServices.Unsafe/System.Runtime.CompilerServices.Unsafe.dll, AssemblyName=System.Runtime.CompilerServices.Unsafe, Version=6.0.0.0, Culture=neutral, PublicKeyToken=b03f5f7f11d50a3a'.DisplayProgressbar: Compiling Scripts
ExitCode: 0 Duration: 0s418ms
[1606/2138  0s] ILPP-Configuration Library/ilpp-configuration.nevergeneratedoutput
*** Tundra build success (0.38 seconds), 1 items updated, 2138 evaluated
AssetDatabase: script compilation time: 0.889675s
Begin MonoManager ReloadAssembly
Duplicate assembly 'System.Runtime.CompilerServices.Unsafe.dll' with different versions detected, using 'Packages/com.unity.ai.assistant/Plugins/Shared/System.Runtime.CompilerServices.Unsafe.dll, AssemblyName=System.Runtime.CompilerServices.Unsafe, Version=6.0.3.0, Culture=neutral, PublicKeyToken=b03f5f7f11d50a3a' and ignoring 'Packages/com.unity.collections/Unity.Collections.Tests/System.Runtime.CompilerServices.Unsafe/System.Runtime.CompilerServices.Unsafe.dll, AssemblyName=System.Runtime.CompilerServices.Unsafe, Version=6.0.0.0, Culture=neutral, PublicKeyToken=b03f5f7f11d50a3a'.Assembly Assembly-CSharp-Editor-firstpass.dll at Library/ScriptAssemblies/Assembly-CSharp-Editor-firstpass.dll not valid. Loading of assembly skipped.
Assembly Assembly-CSharp-firstpass.dll at Library/ScriptAssemblies/Assembly-CSharp-firstpass.dll not valid. Loading of assembly skipped.
Assembly DocCodeExamples.dll at Library/ScriptAssemblies/DocCodeExamples.dll not valid. Loading of assembly skipped.
Assembly GdkToolsEditModeTests.dll at Library/ScriptAssemblies/GdkToolsEditModeTests.dll not valid. Loading of assembly skipped.
Assembly TestNewCustomAssembly.dll at Library/ScriptAssemblies/TestNewCustomAssembly.dll not valid. Loading of assembly skipped.
Assembly Unity.2D.Animation.EditorTests.dll at Library/ScriptAssemblies/Unity.2D.Animation.EditorTests.dll not valid. Loading of assembly skipped.
Assembly Unity.2D.Aseprite.EditorTests.dll at Library/ScriptAssemblies/Unity.2D.Aseprite.EditorTests.dll not valid. Loading of assembly skipped.
Assembly Unity.2D.Common.EditorTests.dll at Library/ScriptAssemblies/Unity.2D.Common.EditorTests.dll not valid. Loading of assembly skipped.
Assembly Unity.2D.Psdimporter.EditorTests.dll at Library/ScriptAssemblies/Unity.2D.Psdimporter.EditorTests.dll not valid. Loading of assembly skipped.
Assembly Unity.2D.Sprite.Package.EditorTests.dll at Library/ScriptAssemblies/Unity.2D.Sprite.Package.EditorTests.dll not valid. Loading of assembly skipped.
Assembly Unity.2D.SpriteShape.EditorTests.dll at Library/ScriptAssemblies/Unity.2D.SpriteShape.EditorTests.dll not valid. Loading of assembly skipped.
Assembly Unity.2D.Tilemap.Package.EditorTests.dll at Library/ScriptAssemblies/Unity.2D.Tilemap.Package.EditorTests.dll not valid. Loading of assembly skipped.
Assembly Unity.AI.Assistant.Integrations.Sample.Editor.dll at Library/ScriptAssemblies/Unity.AI.Assistant.Integrations.Sample.Editor.dll not valid. Loading of assembly skipped.
Assembly Unity.AppUI.Editor.Tests.dll at Library/ScriptAssemblies/Unity.AppUI.Editor.Tests.dll not valid. Loading of assembly skipped.
Assembly Unity.AppUI.Tests.dll at Library/ScriptAssemblies/Unity.AppUI.Tests.dll not valid. Loading of assembly skipped.
Assembly Unity.Collections.BurstCompatibilityGen.dll at Library/ScriptAssemblies/Unity.Collections.BurstCompatibilityGen.dll not valid. Loading of assembly skipped.
Assembly Unity.Collections.DocCodeSamples.dll at Library/ScriptAssemblies/Unity.Collections.DocCodeSamples.dll not valid. Loading of assembly skipped.
Assembly Unity.Collections.PerformanceTests.dll at Library/ScriptAssemblies/Unity.Collections.PerformanceTests.dll not valid. Loading of assembly skipped.
Assembly Unity.Collections.Tests.dll at Library/ScriptAssemblies/Unity.Collections.Tests.dll not valid. Loading of assembly skipped.
Assembly Unity.Collections.Tests.Playmode.dll at Library/ScriptAssemblies/Unity.Collections.Tests.Playmode.dll not valid. Loading of assembly skipped.
Assembly Unity.InputSystem.IntegrationTests.dll at Library/ScriptAssemblies/Unity.InputSystem.IntegrationTests.dll not valid. Loading of assembly skipped.
Assembly Unity.Mathematics.Tests.dll at Library/ScriptAssemblies/Unity.Mathematics.Tests.dll not valid. Loading of assembly skipped.
Assembly Unity.Microsoft.GDK.Discovery.EditModeTests.dll at Library/ScriptAssemblies/Unity.Microsoft.GDK.Discovery.EditModeTests.dll not valid. Loading of assembly skipped.
Assembly Unity.Microsoft.GDK.Tests.dll at Library/ScriptAssemblies/Unity.Microsoft.GDK.Tests.dll not valid. Loading of assembly skipped.
Assembly Unity.Multiplayer.Center.Editor.Tests.dll at Library/ScriptAssemblies/Unity.Multiplayer.Center.Editor.Tests.dll not valid. Loading of assembly skipped.
Assembly Unity.Multiplayer.Center.Tests.dll at Library/ScriptAssemblies/Unity.Multiplayer.Center.Tests.dll not valid. Loading of assembly skipped.
Assembly Unity.Nuget.Mono-Cecil.dll at Library/ScriptAssemblies/Unity.Nuget.Mono-Cecil.dll not valid. Loading of assembly skipped.
Assembly Unity.PathTracing.Editor.Tests.dll at Library/ScriptAssemblies/Unity.PathTracing.Editor.Tests.dll not valid. Loading of assembly skipped.
Assembly Unity.PathTracing.Runtime.Tests.dll at Library/ScriptAssemblies/Unity.PathTracing.Runtime.Tests.dll not valid. Loading of assembly skipped.
Assembly Unity.Purchasing.Apple.dll at Library/ScriptAssemblies/Unity.Purchasing.Apple.dll not valid. Loading of assembly skipped.
Assembly Unity.Purchasing.AppleMacos.dll at Library/ScriptAssemblies/Unity.Purchasing.AppleMacos.dll not valid. Loading of assembly skipped.
Assembly Unity.Purchasing.Security.dll at Library/ScriptAssemblies/Unity.Purchasing.Security.dll not valid. Loading of assembly skipped.
Assembly Unity.Purchasing.TransactionVerifier.dll at Library/ScriptAssemblies/Unity.Purchasing.TransactionVerifier.dll not valid. Loading of assembly skipped.
Assembly Unity.RenderPipelines.Core.Editor.Tests.dll at Library/ScriptAssemblies/Unity.RenderPipelines.Core.Editor.Tests.dll not valid. Loading of assembly skipped.
Assembly Unity.RenderPipelines.Core.Runtime.Tests.dll at Library/ScriptAssemblies/Unity.RenderPipelines.Core.Runtime.Tests.dll not valid. Loading of assembly skipped.
Assembly Unity.RenderPipelines.Universal.Config.Editor.Tests.dll at Library/ScriptAssemblies/Unity.RenderPipelines.Universal.Config.Editor.Tests.dll not valid. Loading of assembly skipped.
Assembly Unity.RenderPipelines.Universal.Editor.Tests.dll at Library/ScriptAssemblies/Unity.RenderPipelines.Universal.Editor.Tests.dll not valid. Loading of assembly skipped.
Assembly Unity.RenderPipelines.Universal.Runtime.Tests.dll at Library/ScriptAssemblies/Unity.RenderPipelines.Universal.Runtime.Tests.dll not valid. Loading of assembly skipped.
Assembly Unity.Searcher.EditorTests.dll at Library/ScriptAssemblies/Unity.Searcher.EditorTests.dll not valid. Loading of assembly skipped.
Assembly Unity.ShaderGraph.Editor.Tests.dll at Library/ScriptAssemblies/Unity.ShaderGraph.Editor.Tests.dll not valid. Loading of assembly skipped.
Assembly Unity.TextMeshPro.Editor.Tests.dll at Library/ScriptAssemblies/Unity.TextMeshPro.Editor.Tests.dll not valid. Loading of assembly skipped.
Assembly Unity.TextMeshPro.Tests.dll at Library/ScriptAssemblies/Unity.TextMeshPro.Tests.dll not valid. Loading of assembly skipped.
Assembly Unity.UnifiedRayTracing.Editor.Tests.dll at Library/ScriptAssemblies/Unity.UnifiedRayTracing.Editor.Tests.dll not valid. Loading of assembly skipped.
Assembly UnityEditor.UI.Common.Tests.dll at Library/ScriptAssemblies/UnityEditor.UI.Common.Tests.dll not valid. Loading of assembly skipped.
Assembly UnityEditor.UI.EditorTests.dll at Library/ScriptAssemblies/UnityEditor.UI.EditorTests.dll not valid. Loading of assembly skipped.
Assembly UnityEngine.UI.Tests.dll at Library/ScriptAssemblies/UnityEngine.UI.Tests.dll not valid. Loading of assembly skipped.
Refreshing native plugins compatible for Editor in 17.07 ms, found 7 plugins.
Native extension for UWP target not found
Native extension for WindowsStandalone target not found
Native extension for WebGL target not found
Refreshing native plugins compatible for Editor in 23.80 ms, found 7 plugins.
Duplicate assembly 'System.Runtime.CompilerServices.Unsafe.dll' with different versions detected, using 'Packages/com.unity.ai.assistant/Plugins/Shared/System.Runtime.CompilerServices.Unsafe.dll, AssemblyName=System.Runtime.CompilerServices.Unsafe, Version=6.0.3.0, Culture=neutral, PublicKeyToken=b03f5f7f11d50a3a' and ignoring 'Packages/com.unity.collections/Unity.Collections.Tests/System.Runtime.CompilerServices.Unsafe/System.Runtime.CompilerServices.Unsafe.dll, AssemblyName=System.Runtime.CompilerServices.Unsafe, Version=6.0.0.0, Culture=neutral, PublicKeyToken=b03f5f7f11d50a3a'.Refreshing native plugins compatible for Editor in 15.64 ms, found 7 plugins.
[Licensing::Client] Error: Code 404 while processing request (status: Found 0 entitlement groups and 0 free entitlements matching requested entitlement ids)
[Licensing::Client] Error: Code 404 while processing request (status: Found 0 entitlement groups and 0 free entitlements matching requested entitlement ids)
[Licensing::Client] Error: Code 404 while processing request (status: Found 0 entitlement groups and 0 free entitlements matching requested entitlement ids)
ScheduleIndexationOnStartup MainProcess:True IndexOnStartup:True
Mono: successfully reloaded assembly
- Finished resetting the current domain, in  4.888 seconds
Domain Reload Profiling: 6289ms
	BeginReloadAssembly (328ms)
		DisableScriptedObjects (45ms)
		CreateAndSetChildDomain (147ms)
	RebuildCommonClasses (41ms)
	RebuildNativeTypeToScriptingClass (21ms)
	initialDomainReloadingComplete (92ms)
	LoadAllAssembliesAndSetupDomain (919ms)
		LoadAssemblies (509ms)
		AnalyzeDomain (494ms)
			TypeCache.Refresh (357ms)
				TypeCache.ScanAssembly (338ms)
			BuildScriptInfoCaches (125ms)
			ResolveRequiredComponents (10ms)
	FinalizeReload (4888ms)
		SetupLoadedEditorAssemblies (0ms)
			InitializePlatformSupportModulesInManaged (32ms)
			BeforeProcessingInitializeOnLoad (254ms)
			ProcessInitializeOnLoadAttributes (3974ms)
			ProcessInitializeOnLoadMethodAttributes (441ms)
			AfterProcessingInitializeOnLoad (4ms)
		AwakeInstancesAfterBackupRestoration (18ms)
(Values over 0.050ms)
Asset Pipeline Refresh (id=4faf9d3dfeb566544a0d6208befe0249): Total: 8.157 seconds - Initiated by InitialRefreshV2(ForceSynchronousImport)
	Summary:
		Imports: total=0 (actual=0, local cache=0, cache server=0)
		Asset DB Process Time: managed=0 ms, native=5643 ms
		Asset DB Callback time: managed=107 ms, native=20 ms
		Scripting: domain reloads=1, domain reload time=1407 ms, compile time=891 ms, other=86 ms
		Project Asset Count: scripts=3212, non-scripts=8661
		Asset File Changes: new=0, changed=0, moved=0, deleted=0
		Scan Filter Count: 0
	InvokePackagesCallback: 21.840ms
	ApplyChangesToAssetFolders: 0.715ms
	Scan: 171.064ms
	CategorizeScriptCompilationAssets: 101.301ms
	ProcessAssetsWithTransientArtifactChanges: 104.219ms
	CategorizeAssets: 116.222ms
	CompileScripts: 891.486ms
	ImportOutOfDateAssets: 4936.955ms (4934.233ms without children)
		UnloadImportedAssets: 0.139ms
		EnsureUptoDateAssetsAreRegisteredWithGuidPM: 1.469ms
		OnDemandSchedulerStart: 1.103ms
	PostProcessAllAssets: 107.277ms
		MonoPostProcessAllAssets: 107.221ms
			UniversalRenderPipelineGlobalSettingsPostprocessor.OnPostprocessAllAssets 68.800ms
			SyncVS.PostprocessSyncProject 2.551ms
			GraphRefreshPostprocessor.OnPostprocessAllAssets 1.955ms
			WindowAssetPostprocessingWatcher.OnPostprocessAllAssets 1.785ms
			SpeedTree9Postprocessor.OnPostprocessAllAssets 1.759ms
			AssetChangeDetector.OnPostprocessAllAssets 0.820ms
			ReferencedClipsPostProcessor.OnPostprocessAllAssets 0.444ms
			InputActionAssetPostprocessor.OnPostprocessAllAssets 0.248ms
			AssetDatabaseCallbacks.OnPostprocessAllAssets 0.243ms
			TerrainToolbarOverlayPostProcessor.OnPostprocessAllAssets 0.195ms
			ProjectSettingsPostprocessor.OnPostprocessAllAssets 0.126ms
			RenderPipelineGlobalSettingsPostprocessor.OnPostprocessAllAssets 0.097ms
	UnloadStreamsBegin: 3.184ms
	PersistCurrentRevisions: 0.398ms
	GenerateScriptTypeHashes: 3.461ms
	GenerateScriptTypeSerializationHashes: 5.969ms
	Untracked: 1697.460ms

Application.AssetDatabase Initial Refresh End
Launched and connected shader compiler UnityShaderCompiler.exe after 0.02 seconds
Scanning for USB devices : 3.064ms
Initializing Unity extensions:
[MODES] ModeService[none].Initialize
[MODES] ModeService[none].LoadModes
[MODES] Loading mode Default (0) for mode-current-id-The Hero
GetVirtualKey: Could not map char: z (122) to any virtual key
GetVirtualKey: Could not map char: y (121) to any virtual key
GetVirtualKey: Could not map char: x (120) to any virtual key
GetVirtualKey: Could not map char: c (99) to any virtual key
GetVirtualKey: Could not map char: v (118) to any virtual key
GetVirtualKey: Could not map char: V (86) to any virtual key
GetVirtualKey: Could not map char: d (100) to any virtual key
GetVirtualKey: Could not map char: f (102) to any virtual key
GetVirtualKey: Could not map char: f (102) to any virtual key
GetVirtualKey: Could not map char: a (97) to any virtual key
GetVirtualKey: Could not map char: d (100) to any virtual key
GetVirtualKey: Could not map char: c (99) to any virtual key
GetVirtualKey: Could not map char: r (114) to any virtual key
GetVirtualKey: Could not map char: i (105) to any virtual key
GetVirtualKey: Could not map char: l (108) to any virtual key
GetVirtualKey: Could not map char: f (102) to any virtual key
GetVirtualKey: Could not map char: k (107) to any virtual key
GetVirtualKey: Could not map char: p (112) to any virtual key
GetVirtualKey: Could not map char: p (112) to any virtual key
GetVirtualKey: Could not map char: p (112) to any virtual key
GetVirtualKey: Could not map char: c (99) to any virtual key
GetVirtualKey: Could not map char: r (114) to any virtual key
GetVirtualKey: Could not map char: G (71) to any virtual key
GetVirtualKey: Could not map char: G (71) to any virtual key
GetVirtualKey: Could not map char: P (80) to any virtual key
GetVirtualKey: Could not map char: n (110) to any virtual key
GetVirtualKey: Could not map char: n (110) to any virtual key
GetVirtualKey: Could not map char: g (103) to any virtual key
GetVirtualKey: Could not map char: f (102) to any virtual key
GetVirtualKey: Could not map char: f (102) to any virtual key
GetVirtualKey: Could not map char: a (97) to any virtual key
GetVirtualKey: Could not map char: a (97) to any virtual key
GetVirtualKey: Could not map char: n (110) to any virtual key
GetVirtualKey: Could not map char: o (111) to any virtual key
GetVirtualKey: Could not map char: s (115) to any virtual key
GetVirtualKey: Could not map char: s (115) to any virtual key
GetVirtualKey: Could not map char: b (98) to any virtual key
GetVirtualKey: Could not map char: b (98) to any virtual key
GetVirtualKey: Could not map char: c (99) to any virtual key
GetVirtualKey: Could not map char: u (117) to any virtual key
Unloading 181 Unused Serialized files (Serialized files now loaded: 0)
Unloading 12944 unused Assets / (24.2 MB). Loaded Objects now: 13772.
Memory consumption went from 341.1 MB to 316.9 MB.
Total: 22.811800 ms (FindLiveObjects: 0.831500 ms CreateObjectMapping: 0.854400 ms MarkObjects: 15.128500 ms  DeleteObjects: 5.994700 ms)

Opening scene 'Assets/Scenes/Map.unity'
Unloading 5 Unused Serialized files (Serialized files now loaded: 0)
Loaded scene 'Assets/Scenes/Map.unity'
	Deserialize:            23.130 ms
	Integration:            411.622 ms
	Integration of assets:  0.277 ms
	Thread Wait Time:       0.086 ms
	Total Operation Time:   435.115 ms
Unloading 2 unused Assets / (3.6 MB). Loaded Objects now: 14280.
Memory consumption went from 295.4 MB to 291.8 MB.
Total: 16.784700 ms (FindLiveObjects: 0.658200 ms CreateObjectMapping: 0.604900 ms MarkObjects: 15.476200 ms  DeleteObjects: 0.044300 ms)

[TheHeroFinal3Fix] Opened Map.unity
UnityEngine.Debug:ExtractStackTraceNoAlloc (byte*,int,string)
UnityEngine.StackTraceUtility:ExtractStackTrace ()
UnityEngine.DebugLogHandler:Internal_Log (UnityEngine.LogType,UnityEngine.LogOption,string,UnityEngine.Object)
UnityEngine.DebugLogHandler:LogFormat (UnityEngine.LogType,UnityEngine.Object,string,object[])
UnityEngine.Logger:Log (UnityEngine.LogType,object)
UnityEngine.Debug:Log (object)
TheHeroFixFinalThreeMapValidationFails:Fix () (at Assets/Editor/TheHeroFixFinalThreeMapValidationFails.cs:49)

(Filename: Assets/Editor/TheHeroFixFinalThreeMapValidationFails.cs Line: 49)

Start importing ProjectSettings/EditorBuildSettings.asset using Guid(0000000000000000b000000000000000) (LibraryAssetImporter) -> (Import Result ID: 'a8e4eb4aa975cd688f756d5133caf018') in 0.011529 seconds [static dependencies only]. Details - ImportResultOutputID=d777934f36c664454d62eda103573334 DependenciesID=5ae3df728d6e0ca4c8216d6539371702 StaticDependenciesID=9750a39729df08f8f4b2afd1e2c1aabf 
Start importing Assets/GeneratedTiles/Ground_Grass.asset using Guid(dd6b2de1e7e27ff4b82aa644653f54be) (NativeFormatImporter) -> (Import Result ID: '6dc24546d0448b05607271f17198abc5') in 0.0020789 seconds [static dependencies only]. Details - ImportResultOutputID=41a8f66e258f3578fb755b5b5e90e0d6 DependenciesID=a6306efceebe3e0fa8cb67179fe5a739 StaticDependenciesID=75c7d00f78e1942bc4d989d5669833c7 
Refreshing native plugins compatible for Editor in 19.77 ms, found 7 plugins.
(Values over 0.050ms)
Asset Pipeline Refresh (id=adafaae692c25cc4d877c5249612ad9c): Total: 0.781 seconds - Initiated by StopAssetImportingV2(NoUpdateAssetOptions)
	Summary:
		Imports: total=2 (actual=2, local cache=0, cache server=0)
		Asset DB Process Time: managed=4 ms, native=125 ms
		Asset DB Callback time: managed=600 ms, native=49 ms
		Scripting: domain reloads=0, domain reload time=0 ms, compile time=0 ms, other=0 ms
		Project Asset Count: scripts=3212, non-scripts=8661
		Asset File Changes: new=0, changed=0, moved=0, deleted=0
		Scan Filter Count: 4
	ApplyChangesToAssetFolders: 0.140ms
	Scan: 16.860ms
	ProcessAssetsWithTransientArtifactChanges: 0.211ms
	CategorizeAssets: 81.188ms
	ImportOutOfDateAssets: 19.979ms (0.746ms without children)
		ImportManagerImport: 16.370ms (2.131ms without children)
		UnloadImportedAssets: 0.284ms
		EnsureUptoDateAssetsAreRegisteredWithGuidPM: 1.847ms
		OnDemandSchedulerStart: 0.685ms
	PostProcessAllAssets: 628.199ms
		XRBuildSystem.XRAssetImported 27.206ms
		MonoPostProcessAllAssets: 600.391ms
			AssetPostprocessor.OnPostprocessAllAssets 246.674ms
			StyleCatalogPostProcessor.OnPostprocessAllAssets 107.095ms
			AssetReferenceReimportMonitor.OnPostprocessAllAssets 34.235ms
			BuilderAssetPostprocessor.OnPostprocessAllAssets 6.495ms
			VersionHandlerImpl.OnPostprocessAllAssets 2.132ms
			PackageManagerResolver.OnPostprocessAllAssets 1.887ms
			ShaderGraphAssetPostProcessor.OnPostprocessAllAssets 1.479ms
			RetainedModeAssetPostprocessor.OnPostprocessAllAssets 1.363ms
			AssetChangedListener.OnPostprocessAllAssets 1.270ms
			SyncVS.PostprocessSyncProject 1.007ms
			MaterialPostprocessor.OnPostprocessAllAssets 0.864ms
			SpriteShapeAssetPostProcessor.OnPostprocessAllAssets 0.732ms
			ArtifactBrowserPostProcessor.OnPostprocessAllAssets 0.710ms
			SpriteEditorTexturePostprocessor.OnPostprocessAllAssets 0.657ms
			AssetProcessor.OnPostprocessAllAssets 0.595ms
			IOSResolver.OnPostprocessAllAssets 0.516ms
			SkillsProjectAssetPostprocessor.OnPostprocessAllAssets 0.455ms
			UVCSAssetPostprocessor.OnPostprocessAllAssets 0.414ms
			TextAssetPostProcessor.OnPostprocessAllAssets 0.406ms
			GraphRefreshPostprocessor.OnPostprocessAllAssets 0.404ms
			PlayServicesResolver.OnPostprocessAllAssets 0.404ms
			ModelAssetProcessor.OnPostprocessAllAssets 0.396ms
			GdkAssemblyAssetProcessor.OnPostprocessAllAssets 0.378ms
			InputActionJsonNameModifierAssetProcessor.OnPostprocessAllAssets 0.331ms
			AssetEvents.OnPostprocessAllAssets 0.299ms
			TMPro_TexturePostProcessor.OnPostprocessAllAssets 0.298ms
			AudioMixerPostprocessor.OnPostprocessAllAssets 0.288ms
			PostProcessor.OnPostprocessAllAssets 0.280ms
			SpriteLibraryAssetPostprocessor.OnPostprocessAllAssets 0.237ms
			ConfigAssetsTracker.OnPostprocessAllAssets 0.181ms
			SamplePostprocessor.OnPostprocessAllAssets 0.180ms
			SpeedTreePostProcessor.OnPostprocessAllAssets 0.180ms
			PSDImportPostProcessor.OnPostprocessAllAssets 0.156ms
			ScenarioDriftAssetsTracker.OnPostprocessAllAssets 0.148ms
			InputActionAssetPostprocessor.OnPostprocessAllAssets 0.127ms
			PSDImporterAssetPostProcessor.OnPostprocessAllAssets 0.097ms
			AudioContainerPostProcessor.OnPostprocessAllAssets 0.080ms
			TrackSelectedAssetsProcessor.OnPostprocessAllAssets 0.077ms
			ReferencedClipsPostProcessor.OnPostprocessAllAssets 0.051ms
	PostAssetChangesProfiler: 21.616ms
	GatherAllCurrentPrimaryImportResultRevisions: 0.621ms
	UnloadStreamsBegin: 0.084ms
	PersistCurrentRevisions: 0.423ms
	Untracked: 11.293ms

[TheHeroFinal3Fix] GroundTilemap tile count after fill: 1536
UnityEngine.Debug:ExtractStackTraceNoAlloc (byte*,int,string)
UnityEngine.StackTraceUtility:ExtractStackTrace ()
UnityEngine.DebugLogHandler:Internal_Log (UnityEngine.LogType,UnityEngine.LogOption,string,UnityEngine.Object)
UnityEngine.DebugLogHandler:LogFormat (UnityEngine.LogType,UnityEngine.Object,string,object[])
UnityEngine.Logger:Log (UnityEngine.LogType,object)
UnityEngine.Debug:Log (object)
TheHeroFixFinalThreeMapValidationFails:FillGroundTilemap (UnityEngine.SceneManagement.Scene) (at Assets/Editor/TheHeroFixFinalThreeMapValidationFails.cs:122)
TheHeroFixFinalThreeMapValidationFails:Fix () (at Assets/Editor/TheHeroFixFinalThreeMapValidationFails.cs:53)

(Filename: Assets/Editor/TheHeroFixFinalThreeMapValidationFails.cs Line: 122)

Start importing Assets/Scenes/Map.unity using Guid(da3978d33114ad24f80626786b253bde) (DefaultImporter) -> (Import Result ID: 'c53f3411fd8db53345cdf4295952b26f') in 0.001073 seconds [static dependencies only]. Details - ImportResultOutputID=d949174f9816b137f0bc0117a2b6642b DependenciesID=5bb7865010b6caf02da859f29fc575c5 StaticDependenciesID=681ae5813a39e1bb0ab6dc7942f81cfa 
Refreshing native plugins compatible for Editor in 23.16 ms, found 7 plugins.
Asset Pipeline Refresh (id=076f402b46803c049be1718463a2349a): Total: 0.252 seconds - Initiated by StopAssetImportingV2(NoUpdateAssetOptions)
Asset Pipeline Refresh (id=0f0e3767bea0e1d4fb3976a7763b9b74): Total: 0.010 seconds - Initiated by RefreshV2(NoUpdateAssetOptions)
Start importing Assets/GeneratedTiles/Road_Path.asset using Guid(8ea83181d892c5a4586b4a981230b0c7) (NativeFormatImporter) -> (Import Result ID: '953ca0786a1342b8f494e4fbd0e2bc88') in 0.0019462 seconds [static dependencies only]. Details - ImportResultOutputID=7516282124c4a91747fb41ed3d4863cc DependenciesID=bde90df5fad9a3a1a733012bc615296d StaticDependenciesID=c7cc2c6074780820a493727ffa49b642 
Refreshing native plugins compatible for Editor in 15.22 ms, found 7 plugins.
Asset Pipeline Refresh (id=ba72862529b6c524e9e866794d91a30b): Total: 0.041 seconds - Initiated by StopAssetImportingV2(NoUpdateAssetOptions)
[TheHeroFinal3Fix] RoadTilemap tile count after fill: 41
UnityEngine.Debug:ExtractStackTraceNoAlloc (byte*,int,string)
UnityEngine.StackTraceUtility:ExtractStackTrace ()
UnityEngine.DebugLogHandler:Internal_Log (UnityEngine.LogType,UnityEngine.LogOption,string,UnityEngine.Object)
UnityEngine.DebugLogHandler:LogFormat (UnityEngine.LogType,UnityEngine.Object,string,object[])
UnityEngine.Logger:Log (UnityEngine.LogType,object)
UnityEngine.Debug:Log (object)
TheHeroFixFinalThreeMapValidationFails:FillRoadTilemap (UnityEngine.SceneManagement.Scene) (at Assets/Editor/TheHeroFixFinalThreeMapValidationFails.cs:183)
TheHeroFixFinalThreeMapValidationFails:Fix () (at Assets/Editor/TheHeroFixFinalThreeMapValidationFails.cs:56)

(Filename: Assets/Editor/TheHeroFixFinalThreeMapValidationFails.cs Line: 183)

Start importing Assets/Scenes/Map.unity using Guid(da3978d33114ad24f80626786b253bde) (DefaultImporter) -> (Import Result ID: 'c53f3411fd8db53345cdf4295952b26f') in 0.0008586 seconds [static dependencies only]. Details - ImportResultOutputID=d949174f9816b137f0bc0117a2b6642b DependenciesID=5bb7865010b6caf02da859f29fc575c5 StaticDependenciesID=681ae5813a39e1bb0ab6dc7942f81cfa 
Refreshing native plugins compatible for Editor in 17.30 ms, found 7 plugins.
Asset Pipeline Refresh (id=a437381b0816d4b49ac4f53de8eec521): Total: 0.135 seconds - Initiated by StopAssetImportingV2(NoUpdateAssetOptions)
Asset Pipeline Refresh (id=5c90f83202baeee48979c2627c54d7cb): Total: 0.010 seconds - Initiated by RefreshV2(NoUpdateAssetOptions)
[TheHeroFinal3Fix] Warrior_Idle sprites found: 8
UnityEngine.Debug:ExtractStackTraceNoAlloc (byte*,int,string)
UnityEngine.StackTraceUtility:ExtractStackTrace ()
UnityEngine.DebugLogHandler:Internal_Log (UnityEngine.LogType,UnityEngine.LogOption,string,UnityEngine.Object)
UnityEngine.DebugLogHandler:LogFormat (UnityEngine.LogType,UnityEngine.Object,string,object[])
UnityEngine.Logger:Log (UnityEngine.LogType,object)
UnityEngine.Debug:Log (object)
TheHeroFixFinalThreeMapValidationFails:FixHeroSprite (UnityEngine.SceneManagement.Scene) (at Assets/Editor/TheHeroFixFinalThreeMapValidationFails.cs:204)
TheHeroFixFinalThreeMapValidationFails:Fix () (at Assets/Editor/TheHeroFixFinalThreeMapValidationFails.cs:59)

(Filename: Assets/Editor/TheHeroFixFinalThreeMapValidationFails.cs Line: 204)

[TheHeroFinal3Fix] Warrior_Idle sprite Warrior_Idle_0 rect=79x89 texture=1536x192
UnityEngine.Debug:ExtractStackTraceNoAlloc (byte*,int,string)
UnityEngine.StackTraceUtility:ExtractStackTrace ()
UnityEngine.DebugLogHandler:Internal_Log (UnityEngine.LogType,UnityEngine.LogOption,string,UnityEngine.Object)
UnityEngine.DebugLogHandler:LogFormat (UnityEngine.LogType,UnityEngine.Object,string,object[])
UnityEngine.Logger:Log (UnityEngine.LogType,object)
UnityEngine.Debug:Log (object)
TheHeroFixFinalThreeMapValidationFails:FixHeroSprite (UnityEngine.SceneManagement.Scene) (at Assets/Editor/TheHeroFixFinalThreeMapValidationFails.cs:209)
TheHeroFixFinalThreeMapValidationFails:Fix () (at Assets/Editor/TheHeroFixFinalThreeMapValidationFails.cs:59)

(Filename: Assets/Editor/TheHeroFixFinalThreeMapValidationFails.cs Line: 209)

[TheHeroFinal3Fix] Warrior_Idle sprite Warrior_Idle_1 rect=79x89 texture=1536x192
UnityEngine.Debug:ExtractStackTraceNoAlloc (byte*,int,string)
UnityEngine.StackTraceUtility:ExtractStackTrace ()
UnityEngine.DebugLogHandler:Internal_Log (UnityEngine.LogType,UnityEngine.LogOption,string,UnityEngine.Object)
UnityEngine.DebugLogHandler:LogFormat (UnityEngine.LogType,UnityEngine.Object,string,object[])
UnityEngine.Logger:Log (UnityEngine.LogType,object)
UnityEngine.Debug:Log (object)
TheHeroFixFinalThreeMapValidationFails:FixHeroSprite (UnityEngine.SceneManagement.Scene) (at Assets/Editor/TheHeroFixFinalThreeMapValidationFails.cs:209)
TheHeroFixFinalThreeMapValidationFails:Fix () (at Assets/Editor/TheHeroFixFinalThreeMapValidationFails.cs:59)

(Filename: Assets/Editor/TheHeroFixFinalThreeMapValidationFails.cs Line: 209)

[TheHeroFinal3Fix] Warrior_Idle sprite Warrior_Idle_2 rect=79x88 texture=1536x192
UnityEngine.Debug:ExtractStackTraceNoAlloc (byte*,int,string)
UnityEngine.StackTraceUtility:ExtractStackTrace ()
UnityEngine.DebugLogHandler:Internal_Log (UnityEngine.LogType,UnityEngine.LogOption,string,UnityEngine.Object)
UnityEngine.DebugLogHandler:LogFormat (UnityEngine.LogType,UnityEngine.Object,string,object[])
UnityEngine.Logger:Log (UnityEngine.LogType,object)
UnityEngine.Debug:Log (object)
TheHeroFixFinalThreeMapValidationFails:FixHeroSprite (UnityEngine.SceneManagement.Scene) (at Assets/Editor/TheHeroFixFinalThreeMapValidationFails.cs:209)
TheHeroFixFinalThreeMapValidationFails:Fix () (at Assets/Editor/TheHeroFixFinalThreeMapValidationFails.cs:59)

(Filename: Assets/Editor/TheHeroFixFinalThreeMapValidationFails.cs Line: 209)

[TheHeroFinal3Fix] Warrior_Idle sprite Warrior_Idle_3 rect=81x86 texture=1536x192
UnityEngine.Debug:ExtractStackTraceNoAlloc (byte*,int,string)
UnityEngine.StackTraceUtility:ExtractStackTrace ()
UnityEngine.DebugLogHandler:Internal_Log (UnityEngine.LogType,UnityEngine.LogOption,string,UnityEngine.Object)
UnityEngine.DebugLogHandler:LogFormat (UnityEngine.LogType,UnityEngine.Object,string,object[])
UnityEngine.Logger:Log (UnityEngine.LogType,object)
UnityEngine.Debug:Log (object)
TheHeroFixFinalThreeMapValidationFails:FixHeroSprite (UnityEngine.SceneManagement.Scene) (at Assets/Editor/TheHeroFixFinalThreeMapValidationFails.cs:209)
TheHeroFixFinalThreeMapValidationFails:Fix () (at Assets/Editor/TheHeroFixFinalThreeMapValidationFails.cs:59)

(Filename: Assets/Editor/TheHeroFixFinalThreeMapValidationFails.cs Line: 209)

[TheHeroFinal3Fix] Warrior_Idle sprite Warrior_Idle_4 rect=83x85 texture=1536x192
UnityEngine.Debug:ExtractStackTraceNoAlloc (byte*,int,string)
UnityEngine.StackTraceUtility:ExtractStackTrace ()
UnityEngine.DebugLogHandler:Internal_Log (UnityEngine.LogType,UnityEngine.LogOption,string,UnityEngine.Object)
UnityEngine.DebugLogHandler:LogFormat (UnityEngine.LogType,UnityEngine.Object,string,object[])
UnityEngine.Logger:Log (UnityEngine.LogType,object)
UnityEngine.Debug:Log (object)
TheHeroFixFinalThreeMapValidationFails:FixHeroSprite (UnityEngine.SceneManagement.Scene) (at Assets/Editor/TheHeroFixFinalThreeMapValidationFails.cs:209)
TheHeroFixFinalThreeMapValidationFails:Fix () (at Assets/Editor/TheHeroFixFinalThreeMapValidationFails.cs:59)

(Filename: Assets/Editor/TheHeroFixFinalThreeMapValidationFails.cs Line: 209)

[TheHeroFinal3Fix] Warrior_Idle sprite Warrior_Idle_5 rect=83x85 texture=1536x192
UnityEngine.Debug:ExtractStackTraceNoAlloc (byte*,int,string)
UnityEngine.StackTraceUtility:ExtractStackTrace ()
UnityEngine.DebugLogHandler:Internal_Log (UnityEngine.LogType,UnityEngine.LogOption,string,UnityEngine.Object)
UnityEngine.DebugLogHandler:LogFormat (UnityEngine.LogType,UnityEngine.Object,string,object[])
UnityEngine.Logger:Log (UnityEngine.LogType,object)
UnityEngine.Debug:Log (object)
TheHeroFixFinalThreeMapValidationFails:FixHeroSprite (UnityEngine.SceneManagement.Scene) (at Assets/Editor/TheHeroFixFinalThreeMapValidationFails.cs:209)
TheHeroFixFinalThreeMapValidationFails:Fix () (at Assets/Editor/TheHeroFixFinalThreeMapValidationFails.cs:59)

(Filename: Assets/Editor/TheHeroFixFinalThreeMapValidationFails.cs Line: 209)

[TheHeroFinal3Fix] Warrior_Idle sprite Warrior_Idle_6 rect=82x87 texture=1536x192
UnityEngine.Debug:ExtractStackTraceNoAlloc (byte*,int,string)
UnityEngine.StackTraceUtility:ExtractStackTrace ()
UnityEngine.DebugLogHandler:Internal_Log (UnityEngine.LogType,UnityEngine.LogOption,string,UnityEngine.Object)
UnityEngine.DebugLogHandler:LogFormat (UnityEngine.LogType,UnityEngine.Object,string,object[])
UnityEngine.Logger:Log (UnityEngine.LogType,object)
UnityEngine.Debug:Log (object)
TheHeroFixFinalThreeMapValidationFails:FixHeroSprite (UnityEngine.SceneManagement.Scene) (at Assets/Editor/TheHeroFixFinalThreeMapValidationFails.cs:209)
TheHeroFixFinalThreeMapValidationFails:Fix () (at Assets/Editor/TheHeroFixFinalThreeMapValidationFails.cs:59)

(Filename: Assets/Editor/TheHeroFixFinalThreeMapValidationFails.cs Line: 209)

[TheHeroFinal3Fix] Warrior_Idle sprite Warrior_Idle_7 rect=80x88 texture=1536x192
UnityEngine.Debug:ExtractStackTraceNoAlloc (byte*,int,string)
UnityEngine.StackTraceUtility:ExtractStackTrace ()
UnityEngine.DebugLogHandler:Internal_Log (UnityEngine.LogType,UnityEngine.LogOption,string,UnityEngine.Object)
UnityEngine.DebugLogHandler:LogFormat (UnityEngine.LogType,UnityEngine.Object,string,object[])
UnityEngine.Logger:Log (UnityEngine.LogType,object)
UnityEngine.Debug:Log (object)
TheHeroFixFinalThreeMapValidationFails:FixHeroSprite (UnityEngine.SceneManagement.Scene) (at Assets/Editor/TheHeroFixFinalThreeMapValidationFails.cs:209)
TheHeroFixFinalThreeMapValidationFails:Fix () (at Assets/Editor/TheHeroFixFinalThreeMapValidationFails.cs:59)

(Filename: Assets/Editor/TheHeroFixFinalThreeMapValidationFails.cs Line: 209)

[TheHeroFinal3Fix] Hero sprite assigned from Warrior_Idle frame 0 (imported sub-sprite)
UnityEngine.Debug:ExtractStackTraceNoAlloc (byte*,int,string)
UnityEngine.StackTraceUtility:ExtractStackTrace ()
UnityEngine.DebugLogHandler:Internal_Log (UnityEngine.LogType,UnityEngine.LogOption,string,UnityEngine.Object)
UnityEngine.DebugLogHandler:LogFormat (UnityEngine.LogType,UnityEngine.Object,string,object[])
UnityEngine.Logger:Log (UnityEngine.LogType,object)
UnityEngine.Debug:Log (object)
TheHeroFixFinalThreeMapValidationFails:FixHeroSprite (UnityEngine.SceneManagement.Scene) (at Assets/Editor/TheHeroFixFinalThreeMapValidationFails.cs:269)
TheHeroFixFinalThreeMapValidationFails:Fix () (at Assets/Editor/TheHeroFixFinalThreeMapValidationFails.cs:59)

(Filename: Assets/Editor/TheHeroFixFinalThreeMapValidationFails.cs Line: 269)

Start importing Assets/Scenes/Map.unity using Guid(da3978d33114ad24f80626786b253bde) (DefaultImporter) -> (Import Result ID: 'd1759f9440eb04f4ca4aadf33e7a4c17') in 0.0008924 seconds [static dependencies only]. Details - ImportResultOutputID=d949174f9816b137f0bc0117a2b6642b DependenciesID=ad1a92dd3f7ed1b7f119e57525c92d91 StaticDependenciesID=163cbafff614910db681d42df00d1572 
Refreshing native plugins compatible for Editor in 15.52 ms, found 7 plugins.
Asset Pipeline Refresh (id=3eacadb209a47824cab59f7b43194476): Total: 0.072 seconds - Initiated by StopAssetImportingV2(NoUpdateAssetOptions)
Asset Pipeline Refresh (id=8903b309d52a98049b56875f4e9acb41): Total: 0.013 seconds - Initiated by RefreshV2(NoUpdateAssetOptions)
Start importing Assets/Scenes/Map.unity using Guid(da3978d33114ad24f80626786b253bde) (DefaultImporter) -> (Import Result ID: 'd1759f9440eb04f4ca4aadf33e7a4c17') in 0.0009611 seconds [static dependencies only]. Details - ImportResultOutputID=d949174f9816b137f0bc0117a2b6642b DependenciesID=ad1a92dd3f7ed1b7f119e57525c92d91 StaticDependenciesID=163cbafff614910db681d42df00d1572 
Refreshing native plugins compatible for Editor in 14.76 ms, found 7 plugins.
Asset Pipeline Refresh (id=6a831e7cc6ba0f94abf60014c9962907): Total: 0.166 seconds - Initiated by StopAssetImportingV2(NoUpdateAssetOptions)
Asset Pipeline Refresh (id=edaa97e12898ac44c883d8a42c064164): Total: 0.010 seconds - Initiated by RefreshV2(NoUpdateAssetOptions)
[TheHeroFinal3Fix] Map saved
UnityEngine.Debug:ExtractStackTraceNoAlloc (byte*,int,string)
UnityEngine.StackTraceUtility:ExtractStackTrace ()
UnityEngine.DebugLogHandler:Internal_Log (UnityEngine.LogType,UnityEngine.LogOption,string,UnityEngine.Object)
UnityEngine.DebugLogHandler:LogFormat (UnityEngine.LogType,UnityEngine.Object,string,object[])
UnityEngine.Logger:Log (UnityEngine.LogType,object)
UnityEngine.Debug:Log (object)
TheHeroFixFinalThreeMapValidationFails:Fix () (at Assets/Editor/TheHeroFixFinalThreeMapValidationFails.cs:71)

(Filename: Assets/Editor/TheHeroFixFinalThreeMapValidationFails.cs Line: 71)

Start importing Assets/CodeAudit/Final_3_Map_Validation_Fix_Report.md using Guid(6e9b859a7e36bc246b365b8726fbc6b0) (TextScriptImporter) -> (Import Result ID: '7b24779a634e8ee609c5a0be19e3ffa2') in 0.0023922 seconds [static dependencies only]. Details - ImportResultOutputID=939c6cb17fa1c9d4f2b61487a19e4d3b DependenciesID=ee0e456d9aa3771f185b0caa43179739 StaticDependenciesID=ef0d5cbcce32a263b5126c7f2cfe20c5 
Refreshing native plugins compatible for Editor in 14.43 ms, found 7 plugins.
Asset Pipeline Refresh (id=445476efb65c8714f8a0d2d14a246030): Total: 0.069 seconds - Initiated by StopAssetImportingV2(NoUpdateAssetOptions)
Batchmode quit successfully invoked - shutting down!
[Physics::Module] Cleanup current backend.
[Physics::Module] Id: 0xf2b8ea05
Input System module state changed to: ShutdownInProgress.
Input Polling Thread exited.
Input System module state changed to: Shutdown.
[Licensing::IpcConnector] LicenseClient-HYPERPC-6000.4.5-notifications channel disconnected successfully.
[Licensing::IpcConnector] LicenseClient-HYPERPC-6000.4.5 channel disconnected successfully.
AcceleratorClientConnectionCallback - disconnected - :0
Cleanup mono
CodeReloadManager destroyed
Exiting batchmode successfully now!
Exiting without the bug reporter. Application will terminate with return code 0