[Licensing::Module] Trying to connect to existing licensing client channel...
Built from '6000.4/staging' branch; Version is '6000.4.1f1 (8535861f39e1) revision 8729990'; Using compiler version '194234433'; Build Type 'Release'
[Licensing::IpcConnector] Successfully connected to: "LicenseClient-HYPERPC" at "2026-05-14T23:34:23.9489028Z"
OS: 'Windows 11  (10.0.26200) Core' Language: 'ru' Physical Memory: 32557 MB
BatchMode: 1, IsHumanControllingUs: 0, StartBugReporterOnCrash: 0, Is64bit: 1
System  architecture: x64
Process architecture: x64
Date: 2026-05-14T23:34:23Z

COMMAND LINE ARGUMENTS:
Unity.exe
-batchmode
-nographics
-quit
-projectPath
C:\Users\HYPERPC\Computer-game-The-Hero-\source code\My project
-executeMethod
TheHeroPlayableBatch.PatchAndValidate
-logFile
C:\Users\HYPERPC\Computer-game-The-Hero-\source code\My project\unity_batch.log
Successfully changed project path to: C:\Users\HYPERPC\Computer-game-The-Hero-\source code\My project
C:/Users/HYPERPC/Computer-game-The-Hero-/source code/My project
[UnityMemory] Configuration Parameters - Can be set up in boot.config
    "memorysetup-temp-allocator-size-gi-baking-worker=262144"
    "memorysetup-temp-allocator-size-gi-baking-worker=262144"
    "memorysetup-temp-allocator-size-gi-baking-worker=262144"
    "memorysetup-temp-allocator-size-gi-baking-worker=262144"
    "memorysetup-temp-allocator-size-gi-baking-worker=262144"
    "memorysetup-temp-allocator-size-nav-mesh-worker=65536"
    "memorysetup-temp-allocator-size-audio-worker=65536"
    "memorysetup-temp-allocator-size-cloud-worker=32768"
    "memorysetup-temp-allocator-size-gfx=262144"
    "memorysetup-temp-allocator-size-preload-manager=33554432"
    "memorysetup-temp-allocator-size-job-worker=262144"
    "memorysetup-temp-allocator-size-background-worker=32768"
    "memorysetup-allocator-temp-initial-block-size-main=262144"
    "memorysetup-allocator-temp-initial-block-size-worker=262144"
    "memorysetup-bucket-allocator-granularity=16"
    "memorysetup-bucket-allocator-bucket-count=8"
    "memorysetup-bucket-allocator-block-size=33554432"
    "memorysetup-bucket-allocator-block-count=8"
    "memorysetup-main-allocator-block-size=16777216"
    "memorysetup-thread-allocator-block-size=16777216"
    "memorysetup-gfx-main-allocator-block-size=16777216"
    "memorysetup-gfx-thread-allocator-block-size=16777216"
    "memorysetup-cache-allocator-block-size=4194304"
    "memorysetup-typetree-allocator-block-size=2097152"
    "memorysetup-profiler-bucket-allocator-granularity=16"
    "memorysetup-profiler-bucket-allocator-bucket-count=8"
    "memorysetup-profiler-bucket-allocator-block-size=33554432"
    "memorysetup-profiler-bucket-allocator-block-count=8"
    "memorysetup-profiler-allocator-block-size=16777216"
    "memorysetup-profiler-editor-allocator-block-size=1048576"
    "memorysetup-temp-allocator-size-main=16777216"
    "memorysetup-job-temp-allocator-block-size=2097152"
    "memorysetup-job-temp-allocator-block-size-background=1048576"
    "memorysetup-job-temp-allocator-reduction-small-platforms=262144"
Player connection [28504]  Target information:

Player connection [28504]  * "[IP] 10.99.25.20 [Port] 55504 [Flags] 2 [Guid] 3700982012 [EditorId] 3700982012 [Version] 1048832 [Id] WindowsEditor(7,DESKTOP-5TNIE0I) [Debug] 1 [PackageName] WindowsEditor [ProjectName] Editor" 

Player connection [28504]  * "[IP] 172.25.112.1 [Port] 55504 [Flags] 2 [Guid] 3700982012 [EditorId] 3700982012 [Version] 1048832 [Id] WindowsEditor(7,DESKTOP-5TNIE0I) [Debug] 1 [PackageName] WindowsEditor [ProjectName] Editor" 

Player connection [28504]  * "[IP] 172.18.0.1 [Port] 55504 [Flags] 2 [Guid] 3700982012 [EditorId] 3700982012 [Version] 1048832 [Id] WindowsEditor(7,DESKTOP-5TNIE0I) [Debug] 1 [PackageName] WindowsEditor [ProjectName] Editor" 

Player connection [28504] Host joined multi-casting on [225.0.0.222:54997]...
Player connection [28504] Host joined alternative multi-casting on [225.0.0.222:34997]...
Input System module state changed to: Initialized.
[Physics::Module] Initialized fallback backend.
[Physics::Module] Id: 0xdecafbad
[Package Manager] Connected to IPC stream "Upm-32268" after 0.3 seconds.
[Licensing::Module] Licensing is not yet initialized.
[Licensing::Client] Error: HandshakeResponse reported an error:
	ResponseCode: 505
	ResponseStatus: Unsupported protocol version '1.18.1'.
[Licensing::Module] Error: Failed to handshake to channel: "LicenseClient-HYPERPC"
[Licensing::IpcConnector] LicenseClient-HYPERPC channel disconnected successfully.
[Licensing::IpcConnector] Channel LicenseClient-HYPERPC-6000.4.1 doesn't exist
[Licensing::Module] Successfully launched the LicensingClient (PId: 10144)
Starting IPC server.
Waiting for clients to connect on \\.\pipe\Unity-LicenseClient-HYPERPC-6000.4.1, press Ctrl-C to exit.
[Licensing::IpcConnector] Successfully connected to: "LicenseClient-HYPERPC-6000.4.1" at "2026-05-14T23:34:25.1468531Z"
[Licensing::Client] Handshaking with LicensingClient:
  Version:                 1.18.1+9fbee8e
  Session Id:              5d74e0bc6545428b9c4765319ac047ce
  Correlation Id:          decaa9592349cb69e89020d36f2470b8
  External correlation Id: 7661056409852715981
  Machine Id:              2bcfagqq1DNenXtoR+usphFc6NE=
[Licensing::Module] Successfully connected to LicensingClient on channel: "LicenseClient-HYPERPC-6000.4.1" (connect: 0.24s, validation: 0.04s, handshake: 0.86s)
[Licensing::IpcConnector] Successfully connected to: "LicenseClient-HYPERPC-6000.4.1-notifications" at "2026-05-14T23:34:26.045484Z"
[Licensing::Module] Connected to LicensingClient (PId: 10144, launch time: 0.00, total connection time: 1.14s)
[Licensing::Module] Error: Access token is unavailable; failed to update
[Licensing::Client] Successfully resolved entitlement details
[Licensing::Module] License group:
  Id: 9072390612952-UnityPersXXXX
  Product: Unity Personal
  Type: Assigned
  Expiration: Unlimited
[Licensing::Client] Successfully updated license, isAsync: True, time: 0.01
[Licensing::Client] Successfully resolved entitlement details
[Licensing::Module] Licensing Background thread has ended after 2.13s
[Licensing::Module] Licensing is initialized (took 1.50s).
[Licensing::Client] Successfully resolved entitlement details
Library Redirect Path: Library/
[Physics::Module] Selected backend.
[Physics::Module] Name: PhysX
[Physics::Module] Id: 0xf2b8ea05
[Physics::Module] SDK Version: 4.1.2
[Physics::Module] Integration Version: 1.0.0
[Physics::Module] Threading Mode: Multi-Threaded
Initialize engine version: 6000.4.1f1 (8535861f39e1)
[Subsystems] Discovering subsystems at path C:/Program Files/Unity/Hub/Editor/6000.4.1f1/Editor/Data/Resources/UnitySubsystems
[Subsystems] Discovering subsystems at path C:/Users/HYPERPC/Computer-game-The-Hero-/source code/My project/Assets
Forcing GfxDevice: Null
GfxDevice: creating device client; kGfxThreadingModeNonThreaded
NullGfxDevice:
    Version:  NULL 1.0 [1.0]
    Renderer: Null Device
    Vendor:   Unity Technologies
Shader Hidden/ChartRasterizerHardware is not supported: GPU does not support conservative rasterization
Initialize mono
Mono path[0] = 'C:/Program Files/Unity/Hub/Editor/6000.4.1f1/Editor/Data/Managed'
Mono path[1] = 'C:/Program Files/Unity/Hub/Editor/6000.4.1f1/Editor/Data/MonoBleedingEdge/lib/mono/unityjit-win32'
Mono config path = 'C:/Program Files/Unity/Hub/Editor/6000.4.1f1/Editor/Data/MonoBleedingEdge/etc'
Using monoOptions --debugger-agent=transport=dt_socket,embedding=1,server=y,suspend=n,address=127.0.0.1:56268
CodeReloadManager initialized
Using cacheserver namespaces - metadata:defaultmetadata, artifacts:defaultartifacts
Using cacheserver namespaces - metadata:defaultmetadata, artifacts:defaultartifacts
ImportWorker Server TCP listen port: 0
AcceleratorClientConnectionCallback - disconnected - :0
Begin MonoManager ReloadAssembly
Registering precompiled unity dll's ...
Register platform support module: C:/Program Files/Unity/Hub/Editor/6000.4.1f1/Editor/Data/PlaybackEngines/WebGLSupport/UnityEditor.WebGL.Extensions.dll
Register platform support module: C:/Program Files/Unity/Hub/Editor/6000.4.1f1/Editor/Data/PlaybackEngines/WindowsStandaloneSupport/UnityEditor.WindowsStandalone.Extensions.dll
Registered in 0.001573 seconds.
Native extension for WindowsStandalone target not found
Native extension for WebGL target not found
Package Manager log level set to [2]
ScheduleIndexationOnStartup MainProcess:False IndexOnStartup:True
Mono: successfully reloaded assembly
- Finished resetting the current domain, in  0.381 seconds
Domain Reload Profiling: 789ms
	BeginReloadAssembly (121ms)
		CreateAndSetChildDomain (12ms)
	RebuildCommonClasses (32ms)
	RebuildNativeTypeToScriptingClass (11ms)
	initialDomainReloadingComplete (65ms)
	LoadAllAssembliesAndSetupDomain (177ms)
		LoadAssemblies (106ms)
		AnalyzeDomain (169ms)
			TypeCache.Refresh (168ms)
				TypeCache.ScanAssembly (157ms)
	FinalizeReload (383ms)
		SetupLoadedEditorAssemblies (0ms)
			InitializePlatformSupportModulesInManaged (47ms)
			BeforeProcessingInitializeOnLoad (81ms)
			ProcessInitializeOnLoadAttributes (109ms)
			ProcessInitializeOnLoadMethodAttributes (82ms)
[Licensing::Client] Successfully resolved entitlement details
Application.AssetDatabase Initial Refresh Start
[Package Manager] Restoring resolved packages state from cache
[Licensing::Client] Successfully resolved entitlement details
[Package Manager] Registered 76 packages:
  Packages from [https://packages.unity.com]:
    com.unity.2d.animation@14.0.3 (location: C:\Users\HYPERPC\Computer-game-The-Hero-\source code\My project\Library\PackageCache\com.unity.2d.animation@a6f2f1d22eb5)
    com.unity.2d.aseprite@4.0.1 (location: C:\Users\HYPERPC\Computer-game-The-Hero-\source code\My project\Library\PackageCache\com.unity.2d.aseprite@151b68d46c40)
    com.unity.2d.psdimporter@13.0.2 (location: C:\Users\HYPERPC\Computer-game-The-Hero-\source code\My project\Library\PackageCache\com.unity.2d.psdimporter@11a0e04e0561)
    com.unity.2d.spriteshape@14.0.1 (location: C:\Users\HYPERPC\Computer-game-The-Hero-\source code\My project\Library\PackageCache\com.unity.2d.spriteshape@da3647ffbbd7)
    com.unity.2d.tilemap.extras@7.0.1 (location: C:\Users\HYPERPC\Computer-game-The-Hero-\source code\My project\Library\PackageCache\com.unity.2d.tilemap.extras@66df903b3633)
    com.unity.2d.tooling@2.0.1 (location: C:\Users\HYPERPC\Computer-game-The-Hero-\source code\My project\Library\PackageCache\com.unity.2d.tooling@baa4133dcff2)
    com.unity.ai.assistant@2.8.0-pre.1 (location: C:\Users\HYPERPC\Computer-game-The-Hero-\source code\My project\Library\PackageCache\com.unity.ai.assistant@667f49aff9c0)
    com.unity.ai.inference@2.6.1 (location: C:\Users\HYPERPC\Computer-game-The-Hero-\source code\My project\Library\PackageCache\com.unity.ai.inference@9a123aee5df7)
    com.unity.collab-proxy@2.12.4 (location: C:\Users\HYPERPC\Computer-game-The-Hero-\source code\My project\Library\PackageCache\com.unity.collab-proxy@0b1559bcd34e)
    com.unity.ide.rider@3.0.39 (location: C:\Users\HYPERPC\Computer-game-The-Hero-\source code\My project\Library\PackageCache\com.unity.ide.rider@4504839d03f7)
    com.unity.ide.visualstudio@2.0.27 (location: C:\Users\HYPERPC\Computer-game-The-Hero-\source code\My project\Library\PackageCache\com.unity.ide.visualstudio@dc1ddd4f09b6)
    com.unity.inputsystem@1.19.0 (location: C:\Users\HYPERPC\Computer-game-The-Hero-\source code\My project\Library\PackageCache\com.unity.inputsystem@21a28c3a6c83)
    com.unity.microsoft.gdk@1.6.0 (location: C:\Users\HYPERPC\Computer-game-The-Hero-\source code\My project\Library\PackageCache\com.unity.microsoft.gdk@343e03cd89b8)
    com.unity.microsoft.gdk.tools@1.6.0 (location: C:\Users\HYPERPC\Computer-game-The-Hero-\source code\My project\Library\PackageCache\com.unity.microsoft.gdk.tools@5ae7d42b911f)
    com.unity.purchasing@5.3.0 (location: C:\Users\HYPERPC\Computer-game-The-Hero-\source code\My project\Library\PackageCache\com.unity.purchasing@c1f2e55dc464)
    com.unity.services.levelplay@9.4.1 (location: C:\Users\HYPERPC\Computer-game-The-Hero-\source code\My project\Library\PackageCache\com.unity.services.levelplay@4902ed73074e)
    com.unity.timeline@1.8.12 (location: C:\Users\HYPERPC\Computer-game-The-Hero-\source code\My project\Library\PackageCache\com.unity.timeline@8cd8509afae5)
    com.unity.visualscripting@1.9.11 (location: C:\Users\HYPERPC\Computer-game-The-Hero-\source code\My project\Library\PackageCache\com.unity.visualscripting@8bed5ad90189)
    com.unity.services.core@1.16.0 (location: C:\Users\HYPERPC\Computer-game-The-Hero-\source code\My project\Library\PackageCache\com.unity.services.core@8ba50f624741)
    com.unity.microsoft.gdk.discovery@1.3.0 (location: C:\Users\HYPERPC\Computer-game-The-Hero-\source code\My project\Library\PackageCache\com.unity.microsoft.gdk.discovery@9c2d1c88cf7f)
    com.unity.burst@1.8.28 (location: C:\Users\HYPERPC\Computer-game-The-Hero-\source code\My project\Library\PackageCache\com.unity.burst@07790c2d06d9)
    com.unity.dt.app-ui@2.1.1 (location: C:\Users\HYPERPC\Computer-game-The-Hero-\source code\My project\Library\PackageCache\com.unity.dt.app-ui@8ac7e730dd5d)
    com.unity.nuget.newtonsoft-json@3.2.2 (location: C:\Users\HYPERPC\Computer-game-The-Hero-\source code\My project\Library\PackageCache\com.unity.nuget.newtonsoft-json@4dfd81071c64)
    com.unity.mathematics@1.3.3 (location: C:\Users\HYPERPC\Computer-game-The-Hero-\source code\My project\Library\PackageCache\com.unity.mathematics@19a9377c4ffa)
    com.unity.cloud.gltfast@6.14.1 (location: C:\Users\HYPERPC\Computer-game-The-Hero-\source code\My project\Library\PackageCache\com.unity.cloud.gltfast@0847aee0f6da)
    com.unity.2d.common@13.0.1 (location: C:\Users\HYPERPC\Computer-game-The-Hero-\source code\My project\Library\PackageCache\com.unity.2d.common@49d8bea2bff3)
    com.unity.searcher@4.9.4 (location: C:\Users\HYPERPC\Computer-game-The-Hero-\source code\My project\Library\PackageCache\com.unity.searcher@d45a78918735)
    com.unity.nuget.mono-cecil@1.11.6 (location: C:\Users\HYPERPC\Computer-game-The-Hero-\source code\My project\Library\PackageCache\com.unity.nuget.mono-cecil@ecb9724e46ff)
    com.unity.test-framework.performance@3.2.0 (location: C:\Users\HYPERPC\Computer-game-The-Hero-\source code\My project\Library\PackageCache\com.unity.test-framework.performance@0840f58e4562)
  Built-in packages:
    com.unity.2d.sprite@1.0.0 (location: C:\Users\HYPERPC\Computer-game-The-Hero-\source code\My project\Library\PackageCache\com.unity.2d.sprite@929df5adbb1f)
    com.unity.2d.tilemap@1.0.0 (location: C:\Users\HYPERPC\Computer-game-The-Hero-\source code\My project\Library\PackageCache\com.unity.2d.tilemap@c457c5249013)
    com.unity.multiplayer.center@1.0.1 (location: C:\Users\HYPERPC\Computer-game-The-Hero-\source code\My project\Library\PackageCache\com.unity.multiplayer.center@f01f4ba8d00a)
    com.unity.render-pipelines.universal@17.4.0 (location: C:\Users\HYPERPC\Computer-game-The-Hero-\source code\My project\Library\PackageCache\com.unity.render-pipelines.universal@580a03820d50)
    com.unity.test-framework@1.6.0 (location: C:\Users\HYPERPC\Computer-game-The-Hero-\source code\My project\Library\PackageCache\com.unity.test-framework@76560ee600cb)
    com.unity.ugui@2.0.0 (location: C:\Users\HYPERPC\Computer-game-The-Hero-\source code\My project\Library\PackageCache\com.unity.ugui@d8a2716f3013)
    com.unity.modules.accessibility@1.0.0 (location: C:\Users\HYPERPC\Computer-game-The-Hero-\source code\My project\Library\PackageCache\com.unity.modules.accessibility)
    com.unity.modules.adaptiveperformance@1.0.0 (location: C:\Users\HYPERPC\Computer-game-The-Hero-\source code\My project\Library\PackageCache\com.unity.modules.adaptiveperformance)
    com.unity.modules.ai@1.0.0 (location: C:\Users\HYPERPC\Computer-game-The-Hero-\source code\My project\Library\PackageCache\com.unity.modules.ai)
    com.unity.modules.androidjni@1.0.0 (location: C:\Users\HYPERPC\Computer-game-The-Hero-\source code\My project\Library\PackageCache\com.unity.modules.androidjni)
    com.unity.modules.animation@1.0.0 (location: C:\Users\HYPERPC\Computer-game-The-Hero-\source code\My project\Library\PackageCache\com.unity.modules.animation)
    com.unity.modules.assetbundle@1.0.0 (location: C:\Users\HYPERPC\Computer-game-The-Hero-\source code\My project\Library\PackageCache\com.unity.modules.assetbundle)
    com.unity.modules.audio@1.0.0 (location: C:\Users\HYPERPC\Computer-game-The-Hero-\source code\My project\Library\PackageCache\com.unity.modules.audio)
    com.unity.modules.cloth@1.0.0 (location: C:\Users\HYPERPC\Computer-game-The-Hero-\source code\My project\Library\PackageCache\com.unity.modules.cloth)
    com.unity.modules.director@1.0.0 (location: C:\Users\HYPERPC\Computer-game-The-Hero-\source code\My project\Library\PackageCache\com.unity.modules.director)
    com.unity.modules.imageconversion@1.0.0 (location: C:\Users\HYPERPC\Computer-game-The-Hero-\source code\My project\Library\PackageCache\com.unity.modules.imageconversion)
    com.unity.modules.imgui@1.0.0 (location: C:\Users\HYPERPC\Computer-game-The-Hero-\source code\My project\Library\PackageCache\com.unity.modules.imgui)
    com.unity.modules.jsonserialize@1.0.0 (location: C:\Users\HYPERPC\Computer-game-The-Hero-\source code\My project\Library\PackageCache\com.unity.modules.jsonserialize)
    com.unity.modules.particlesystem@1.0.0 (location: C:\Users\HYPERPC\Computer-game-The-Hero-\source code\My project\Library\PackageCache\com.unity.modules.particlesystem)
    com.unity.modules.physics@1.0.0 (location: C:\Users\HYPERPC\Computer-game-The-Hero-\source code\My project\Library\PackageCache\com.unity.modules.physics)
    com.unity.modules.physics2d@1.0.0 (location: C:\Users\HYPERPC\Computer-game-The-Hero-\source code\My project\Library\PackageCache\com.unity.modules.physics2d)
    com.unity.modules.screencapture@1.0.0 (location: C:\Users\HYPERPC\Computer-game-The-Hero-\source code\My project\Library\PackageCache\com.unity.modules.screencapture)
    com.unity.modules.terrain@1.0.0 (location: C:\Users\HYPERPC\Computer-game-The-Hero-\source code\My project\Library\PackageCache\com.unity.modules.terrain)
    com.unity.modules.terrainphysics@1.0.0 (location: C:\Users\HYPERPC\Computer-game-The-Hero-\source code\My project\Library\PackageCache\com.unity.modules.terrainphysics)
    com.unity.modules.tilemap@1.0.0 (location: C:\Users\HYPERPC\Computer-game-The-Hero-\source code\My project\Library\PackageCache\com.unity.modules.tilemap)
    com.unity.modules.ui@1.0.0 (location: C:\Users\HYPERPC\Computer-game-The-Hero-\source code\My project\Library\PackageCache\com.unity.modules.ui)
    com.unity.modules.uielements@1.0.0 (location: C:\Users\HYPERPC\Computer-game-The-Hero-\source code\My project\Library\PackageCache\com.unity.modules.uielements)
    com.unity.modules.umbra@1.0.0 (location: C:\Users\HYPERPC\Computer-game-The-Hero-\source code\My project\Library\PackageCache\com.unity.modules.umbra)
    com.unity.modules.unityanalytics@1.0.0 (location: C:\Users\HYPERPC\Computer-game-The-Hero-\source code\My project\Library\PackageCache\com.unity.modules.unityanalytics)
    com.unity.modules.unitywebrequest@1.0.0 (location: C:\Users\HYPERPC\Computer-game-The-Hero-\source code\My project\Library\PackageCache\com.unity.modules.unitywebrequest)
    com.unity.modules.unitywebrequestassetbundle@1.0.0 (location: C:\Users\HYPERPC\Computer-game-The-Hero-\source code\My project\Library\PackageCache\com.unity.modules.unitywebrequestassetbundle)
    com.unity.modules.unitywebrequestaudio@1.0.0 (location: C:\Users\HYPERPC\Computer-game-The-Hero-\source code\My project\Library\PackageCache\com.unity.modules.unitywebrequestaudio)
    com.unity.modules.unitywebrequesttexture@1.0.0 (location: C:\Users\HYPERPC\Computer-game-The-Hero-\source code\My project\Library\PackageCache\com.unity.modules.unitywebrequesttexture)
    com.unity.modules.unitywebrequestwww@1.0.0 (location: C:\Users\HYPERPC\Computer-game-The-Hero-\source code\My project\Library\PackageCache\com.unity.modules.unitywebrequestwww)
    com.unity.modules.vectorgraphics@1.0.0 (location: C:\Users\HYPERPC\Computer-game-The-Hero-\source code\My project\Library\PackageCache\com.unity.modules.vectorgraphics)
    com.unity.modules.vehicles@1.0.0 (location: C:\Users\HYPERPC\Computer-game-The-Hero-\source code\My project\Library\PackageCache\com.unity.modules.vehicles)
    com.unity.modules.video@1.0.0 (location: C:\Users\HYPERPC\Computer-game-The-Hero-\source code\My project\Library\PackageCache\com.unity.modules.video)
    com.unity.modules.vr@1.0.0 (location: C:\Users\HYPERPC\Computer-game-The-Hero-\source code\My project\Library\PackageCache\com.unity.modules.vr)
    com.unity.modules.wind@1.0.0 (location: C:\Users\HYPERPC\Computer-game-The-Hero-\source code\My project\Library\PackageCache\com.unity.modules.wind)
    com.unity.modules.xr@1.0.0 (location: C:\Users\HYPERPC\Computer-game-The-Hero-\source code\My project\Library\PackageCache\com.unity.modules.xr)
    com.unity.modules.subsystems@1.0.0 (location: C:\Users\HYPERPC\Computer-game-The-Hero-\source code\My project\Library\PackageCache\com.unity.modules.subsystems)
    com.unity.modules.hierarchycore@1.0.0 (location: C:\Users\HYPERPC\Computer-game-The-Hero-\source code\My project\Library\PackageCache\com.unity.modules.hierarchycore)
    com.unity.ext.nunit@2.0.5 (location: C:\Users\HYPERPC\Computer-game-The-Hero-\source code\My project\Library\PackageCache\com.unity.ext.nunit@d8c07649098d)
    com.unity.render-pipelines.core@17.4.0 (location: C:\Users\HYPERPC\Computer-game-The-Hero-\source code\My project\Library\PackageCache\com.unity.render-pipelines.core@e6c93b445dd3)
    com.unity.shadergraph@17.4.0 (location: C:\Users\HYPERPC\Computer-game-The-Hero-\source code\My project\Library\PackageCache\com.unity.shadergraph@6ab0d236faac)
    com.unity.render-pipelines.universal-config@17.4.0 (location: C:\Users\HYPERPC\Computer-game-The-Hero-\source code\My project\Library\PackageCache\com.unity.render-pipelines.universal-config@0db4263b9e6b)
    com.unity.collections@6.4.0 (location: C:\Users\HYPERPC\Computer-game-The-Hero-\source code\My project\Library\PackageCache\com.unity.collections@538ace9075bc)
[Subsystems] No new subsystems found in resolved package list.
[Package Manager] Done registering packages in 0.02 seconds
[ScriptCompilation] Requested script compilation because: AssetDatabase observed changes in script compilation related files
Duplicate assembly 'System.Runtime.CompilerServices.Unsafe.dll' with different versions detected, using 'Packages/com.unity.ai.assistant/Plugins/Shared/System.Runtime.CompilerServices.Unsafe.dll, AssemblyName=System.Runtime.CompilerServices.Unsafe, Version=6.0.3.0, Culture=neutral, PublicKeyToken=b03f5f7f11d50a3a' and ignoring 'Packages/com.unity.collections/Unity.Collections.Tests/System.Runtime.CompilerServices.Unsafe/System.Runtime.CompilerServices.Unsafe.dll, AssemblyName=System.Runtime.CompilerServices.Unsafe, Version=6.0.0.0, Culture=neutral, PublicKeyToken=b03f5f7f11d50a3a'.info: Microsoft.Hosting.Lifetime[14]
      Now listening on: http://localhost:80
info: Microsoft.Hosting.Lifetime[0]
      Application started. Press Ctrl+C to shut down.
info: Microsoft.Hosting.Lifetime[0]
      Hosting environment: Production
info: Microsoft.Hosting.Lifetime[0]
      Content root path: C:\Users\HYPERPC\Computer-game-The-Hero-\source code\My project
info: Microsoft.AspNetCore.Hosting.Diagnostics[1]
      Request starting HTTP/2 POST http://ilpp/UnityILPP.PostProcessing/Ping - application/grpc -
info: Microsoft.AspNetCore.Routing.EndpointMiddleware[0]
      Executing endpoint 'gRPC - /UnityILPP.PostProcessing/Ping'
info: Microsoft.AspNetCore.Routing.EndpointMiddleware[1]
      Executed endpoint 'gRPC - /UnityILPP.PostProcessing/Ping'
info: Microsoft.AspNetCore.Hosting.Diagnostics[2]
      Request finished HTTP/2 POST http://ilpp/UnityILPP.PostProcessing/Ping - 200 - application/grpc 34.0043ms
Refreshing native plugins compatible for Editor in 14.17 ms, found 7 plugins.
Starting: C:\Program Files\Unity\Hub\Editor\6000.4.1f1\Editor\Data\Tools\BuildPipeline\bee_backend.exe --ipc --defer-dag-verification --dagfile="Library/Bee/1900b0aE.dag" --continue-on-failure --profile="Library/Bee/backend1.traceevents" ScriptAssemblies
WorkingDir: C:/Users/HYPERPC/Computer-game-The-Hero-/source code/My project
Duplicate assembly 'System.Runtime.CompilerServices.Unsafe.dll' with different versions detected, using 'Packages/com.unity.ai.assistant/Plugins/Shared/System.Runtime.CompilerServices.Unsafe.dll, AssemblyName=System.Runtime.CompilerServices.Unsafe, Version=6.0.3.0, Culture=neutral, PublicKeyToken=b03f5f7f11d50a3a' and ignoring 'Packages/com.unity.collections/Unity.Collections.Tests/System.Runtime.CompilerServices.Unsafe/System.Runtime.CompilerServices.Unsafe.dll, AssemblyName=System.Runtime.CompilerServices.Unsafe, Version=6.0.0.0, Culture=neutral, PublicKeyToken=b03f5f7f11d50a3a'.info: Microsoft.AspNetCore.Hosting.Diagnostics[1]
      Request starting HTTP/2 POST http://ilpp/UnityILPP.PostProcessing/ConfigurePostProcessors - application/grpc -
info: Microsoft.AspNetCore.Routing.EndpointMiddleware[0]
      Executing endpoint 'gRPC - /UnityILPP.PostProcessing/ConfigurePostProcessors'
warn: Unity.ILPP.Runner.PostProcessingAssemblyLoadContext[0]
      Assembly system.runtime.interopservices.windowsruntime has duplicate hint path. Ignoring "C:\Program Files\Unity\Hub\Editor\6000.4.1f1\Editor\Data\UnityReferenceAssemblies\unity-4.8-api\Facades\System.Runtime.InteropServices.WindowsRuntime.dll" in favor of "C:\Program Files\Unity\Hub\Editor\6000.4.1f1\Editor\Data\NetStandard\Extensions\2.0.0\System.Runtime.InteropServices.WindowsRuntime.dll"
warn: Unity.ILPP.Runner.PostProcessingAssemblyLoadContext[0]
      Assembly system.componentmodel.composition has duplicate hint path. Ignoring "C:\Program Files\Unity\Hub\Editor\6000.4.1f1\Editor\Data\UnityReferenceAssemblies\unity-4.8-api\System.ComponentModel.Composition.dll" in favor of "C:\Program Files\Unity\Hub\Editor\6000.4.1f1\Editor\Data\NetStandard\compat\2.1.0\shims\netfx\System.ComponentModel.Composition.dll"
info: Unity.ILPP.Runner.PostProcessingAssemblyLoadContext[0]
      Resolved Unity.Burst.Cecil, Version=0.11.4.0, Culture=neutral, PublicKeyToken=50cebf1cceb9d05e with Library\PackageCache\com.unity.burst@07790c2d06d9\Unity.Burst.CodeGen\Unity.Burst.Cecil.dll
info: Unity.ILPP.Runner.PostProcessingAssemblyLoadContext[0]
      Resolved Mono.Cecil, Version=0.11.5.0, Culture=neutral, PublicKeyToken=50cebf1cceb9d05e with Library\PackageCache\com.unity.nuget.mono-cecil@ecb9724e46ff\Mono.Cecil.dll
info: Microsoft.AspNetCore.Routing.EndpointMiddleware[1]
      Executed endpoint 'gRPC - /UnityILPP.PostProcessing/ConfigurePostProcessors'
info: Microsoft.AspNetCore.Hosting.Diagnostics[2]
      Request finished HTTP/2 POST http://ilpp/UnityILPP.PostProcessing/ConfigurePostProcessors - 200 - application/grpc 77.1939ms
DisplayProgressbar: Compiling Scripts
Starting: C:\Program Files\Unity\Hub\Editor\6000.4.1f1\Editor\Data\netcorerun\netcorerun.exe "C:\Program Files\Unity\Hub\Editor\6000.4.1f1\Editor\Data\Tools\BuildPipeline\ScriptCompilationBuildProgram.exe" "Library/Bee/1900b0aE.dag.json" "Library/Bee/1900b0aE-inputdata.json" "Library\Bee\buildprogram0.traceevents"
WorkingDir: C:/Users/HYPERPC/Computer-game-The-Hero-/source code/My project
ExitCode: 4 Duration: 2s540ms
[1604/2137  0s] ILPP-Configuration Library/ilpp-configuration.nevergeneratedoutput
Rebuilding DAG because FileSignature timestamp changed: Library/Bee/1900b0aE-inputdata.json
*** Tundra requires additional run (2.50 seconds), 2 items updated, 1603 evaluated
ExitCode: 0 Duration: 2s210ms
Starting: C:\Program Files\Unity\Hub\Editor\6000.4.1f1\Editor\Data\Tools\BuildPipeline\bee_backend.exe --ipc --defer-dag-verification --dagfile="Library/Bee/1900b0aE.dag" --continue-on-failure --dagfilejson="Library\Bee\1900b0aE.dag.json" --profile="Library/Bee/backend2.traceevents" ScriptAssemblies
WorkingDir: C:/Users/HYPERPC/Computer-game-The-Hero-/source code/My project
info: Microsoft.AspNetCore.Hosting.Diagnostics[1]
      Request starting HTTP/2 POST http://ilpp/UnityILPP.PostProcessing/ConfigurePostProcessors - application/grpc -
info: Microsoft.AspNetCore.Routing.EndpointMiddleware[0]
      Executing endpoint 'gRPC - /UnityILPP.PostProcessing/ConfigurePostProcessors'
info: Unity.ILPP.Runner.PostProcessingAssemblyLoadContext[0]
      Current configuration matches the requested one, skipping
info: Microsoft.AspNetCore.Routing.EndpointMiddleware[1]
      Executed endpoint 'gRPC - /UnityILPP.PostProcessing/ConfigurePostProcessors'
info: Microsoft.AspNetCore.Hosting.Diagnostics[2]
      Request finished HTTP/2 POST http://ilpp/UnityILPP.PostProcessing/ConfigurePostProcessors - 200 - application/grpc 1.3154ms
info: Microsoft.AspNetCore.Hosting.Diagnostics[1]
      Request starting HTTP/2 POST http://ilpp/UnityILPP.PostProcessing/PostProcessAssembly - application/grpc -
info: Microsoft.AspNetCore.Routing.EndpointMiddleware[0]
      Executing endpoint 'gRPC - /UnityILPP.PostProcessing/PostProcessAssembly'
info: Unity.ILPP.Runner.PostProcessingPipeline[0]
      Processing assembly Library/Bee/artifacts/1900b0aE.dag/Assembly-CSharp-Editor.dll, with 142 defines and 411 references
info: Unity.ILPP.Runner.PostProcessingPipeline[0]
      processors: Unity.Jobs.CodeGen.JobsILPostProcessor, zzzUnity.Burst.CodeGen.BurstILPostProcessor
info: Unity.ILPP.Runner.PostProcessingPipeline[0]
      running Unity.Jobs.CodeGen.JobsILPostProcessor
info: Unity.ILPP.Runner.PostProcessingAssemblyLoadContext[0]
      Resolved Unity.Collections, Version=0.0.0.0, Culture=neutral, PublicKeyToken=null with Library\Bee\artifacts\1900b0aE.dag\Unity.Collections.dll
info: Unity.ILPP.Runner.PostProcessingAssemblyLoadContext[0]
      Resolved UnityEditor.CoreModule, Version=0.0.0.0, Culture=neutral, PublicKeyToken=null with C:\Program Files\Unity\Hub\Editor\6000.4.1f1\Editor\Data\Managed\UnityEngine\UnityEditor.CoreModule.dll
info: Unity.ILPP.Runner.PostProcessingAssemblyLoadContext[0]
      Resolved UnityEngine.CoreModule, Version=0.0.0.0, Culture=neutral, PublicKeyToken=null with C:\Program Files\Unity\Hub\Editor\6000.4.1f1\Editor\Data\Managed\UnityEngine\UnityEngine.CoreModule.dll
info: Unity.ILPP.Runner.PostProcessingPipeline[0]
      running zzzUnity.Burst.CodeGen.BurstILPostProcessor
info: Unity.ILPP.Runner.PostProcessingAssemblyLoadContext[0]
      Resolved Unity.Burst.Cecil.Rocks, Version=0.11.4.0, Culture=neutral, PublicKeyToken=50cebf1cceb9d05e with Library\PackageCache\com.unity.burst@07790c2d06d9\Unity.Burst.CodeGen\Unity.Burst.Cecil.Rocks.dll
info: Microsoft.AspNetCore.Routing.EndpointMiddleware[1]
      Executed endpoint 'gRPC - /UnityILPP.PostProcessing/PostProcessAssembly'
info: Microsoft.AspNetCore.Hosting.Diagnostics[2]
      Request finished HTTP/2 POST http://ilpp/UnityILPP.PostProcessing/PostProcessAssembly - 200 - application/grpc 412.1555ms
ExitCode: 0 Duration: 3s700ms
Finished compiling graph: 2141 nodes, 46307 flattened edges (37159 ToBuild, 366 ToUse), maximum node priority 2445
[1066/2137  0s] WriteText Library/Bee/artifacts/1900b0aE.dag/Assembly-CSharp-Editor.rsp
[1604/2137  0s] ILPP-Configuration Library/ilpp-configuration.nevergeneratedoutput
[2133/2137  1s] Csc Library/Bee/artifacts/1900b0aE.dag/Assembly-CSharp-Editor.dll (+2 others)
Assets\Editor\TheHeroFixBaseLayoutAndMissingRefs.cs(20,94): warning CS0618: 'FindObjectsSortMode' is obsolete: 'FindObjectsSortMode has been deprecated. Use the FindObjectsByType overloads that do not take a FindObjectsSortMode parameter.'

Assets\Editor\TheHeroFixBaseLayoutAndMissingRefs.cs(20,28): warning CS0618: 'Object.FindObjectsByType<T>(FindObjectsInactive, FindObjectsSortMode)' is obsolete: 'FindObjectsByType with FindObjectsSortMode parameter has been deprecated. Use FindObjectsByType<T>() or FindObjectsByType<T>(FindObjectsInactive) instead. InstanceID will be replaced in the future with EntityId and previous sort order cannot be maintained.'

Assets\Editor\TheHeroFixBaseLayoutAndMissingRefs.cs(27,97): warning CS0618: 'FindObjectsSortMode' is obsolete: 'FindObjectsSortMode has been deprecated. Use the FindObjectsByType overloads that do not take a FindObjectsSortMode parameter.'

Assets\Editor\TheHeroFixBaseLayoutAndMissingRefs.cs(27,35): warning CS0618: 'Object.FindObjectsByType<T>(FindObjectsInactive, FindObjectsSortMode)' is obsolete: 'FindObjectsByType with FindObjectsSortMode parameter has been deprecated. Use FindObjectsByType<T>() or FindObjectsByType<T>(FindObjectsInactive) instead. InstanceID will be replaced in the future with EntityId and previous sort order cannot be maintained.'

Assets\Editor\TheHeroFixBaseOnly.cs(40,94): warning CS0618: 'FindObjectsSortMode' is obsolete: 'FindObjectsSortMode has been deprecated. Use the FindObjectsByType overloads that do not take a FindObjectsSortMode parameter.'

Assets\Editor\TheHeroFixBaseOnly.cs(40,28): warning CS0618: 'Object.FindObjectsByType<T>(FindObjectsInactive, FindObjectsSortMode)' is obsolete: 'FindObjectsByType with FindObjectsSortMode parameter has been deprecated. Use FindObjectsByType<T>() or FindObjectsByType<T>(FindObjectsInactive) instead. InstanceID will be replaced in the future with EntityId and previous sort order cannot be maintained.'

Assets\Editor\TheHeroFixBaseOnly.cs(50,95): warning CS0618: 'FindObjectsSortMode' is obsolete: 'FindObjectsSortMode has been deprecated. Use the FindObjectsByType overloads that do not take a FindObjectsSortMode parameter.'

Assets\Editor\TheHeroFixBaseOnly.cs(50,28): warning CS0618: 'Object.FindObjectsByType<T>(FindObjectsInactive, FindObjectsSortMode)' is obsolete: 'FindObjectsByType with FindObjectsSortMode parameter has been deprecated. Use FindObjectsByType<T>() or FindObjectsByType<T>(FindObjectsInactive) instead. InstanceID will be replaced in the future with EntityId and previous sort order cannot be maintained.'

Assets\Editor\TheHeroFixBaseOnly.cs(59,97): warning CS0618: 'FindObjectsSortMode' is obsolete: 'FindObjectsSortMode has been deprecated. Use the FindObjectsByType overloads that do not take a FindObjectsSortMode parameter.'

Assets\Editor\TheHeroFixBaseOnly.cs(59,35): warning CS0618: 'Object.FindObjectsByType<T>(FindObjectsInactive, FindObjectsSortMode)' is obsolete: 'FindObjectsByType with FindObjectsSortMode parameter has been deprecated. Use FindObjectsByType<T>() or FindObjectsByType<T>(FindObjectsInactive) instead. InstanceID will be replaced in the future with EntityId and previous sort order cannot be maintained.'

Assets\Editor\TheHeroFixBaseLayoutAndMissingRefs.cs(73,90): warning CS0618: 'FindObjectsSortMode' is obsolete: 'FindObjectsSortMode has been deprecated. Use the FindObjectsByType overloads that do not take a FindObjectsSortMode parameter.'

Assets\Editor\TheHeroFixBaseLayoutAndMissingRefs.cs(73,23): warning CS0618: 'Object.FindObjectsByType<T>(FindObjectsInactive, FindObjectsSortMode)' is obsolete: 'FindObjectsByType with FindObjectsSortMode parameter has been deprecated. Use FindObjectsByType<T>() or FindObjectsByType<T>(FindObjectsInactive) instead. InstanceID will be replaced in the future with EntityId and previous sort order cannot be maintained.'

Assets\Editor\TheHeroRestoreMapGameplayObjects.cs(154,25): warning CS0618: 'Object.FindFirstObjectByType<T>()' is obsolete: 'FindFirstObjectByType has been deprecated because it relies on instance ID ordering. Use FindAnyObjectByType instead, which does not depend on ordering.'

Assets\Editor\TheHeroBuildMapFromCainosPack.cs(649,32): warning CS0618: 'Object.FindObjectOfType<T>()' is obsolete: 'Object.FindObjectOfType has been deprecated. Use Object.FindFirstObjectByType instead or if finding any instance is acceptable the faster Object.FindAnyObjectByType'

Assets\Editor\TheHeroValidateMapGameplay.cs(75,34): warning CS0618: 'Object.FindFirstObjectByType<T>()' is obsolete: 'FindFirstObjectByType has been deprecated because it relies on instance ID ordering. Use FindAnyObjectByType instead, which does not depend on ordering.'

Assets\Editor\TheHeroFixTileGapsAndProperMap.cs(628,32): warning CS0618: 'Object.FindObjectOfType<T>()' is obsolete: 'Object.FindObjectOfType has been deprecated. Use Object.FindFirstObjectByType instead or if finding any instance is acceptable the faster Object.FindAnyObjectByType'
[2134/2137  0s] ILPostProcess Library/Bee/artifacts/1900b0aE.dag/post-processed/Assembly-CSharp-Editor.dll (+pdb)
Processing assembly Library/Bee/artifacts/1900b0aE.dag/Assembly-CSharp-Editor.dll, with 142 defines and 411 references

processors: Unity.Jobs.CodeGen.JobsILPostProcessor, zzzUnity.Burst.CodeGen.BurstILPostProcessor

running Unity.Jobs.CodeGen.JobsILPostProcessor

running zzzUnity.Burst.CodeGen.BurstILPostProcessor
[2135/2137  0s] CopyFiles Library/ScriptAssemblies/Assembly-CSharp-Editor.pdb
[2136/2137  0s] CopyFiles Library/ScriptAssemblies/Assembly-CSharp-Editor.dll
*** Tundra build success (3.67 seconds), 6 items updated, 2137 evaluated
Assets\Editor\TheHeroFixBaseLayoutAndMissingRefs.cs(20,94): warning CS0618: 'FindObjectsSortMode' is obsolete: 'FindObjectsSortMode has been deprecated. Use the FindObjectsByType overloads that do not take a FindObjectsSortMode parameter.'
Assets\Editor\TheHeroFixBaseLayoutAndMissingRefs.cs(20,28): warning CS0618: 'Object.FindObjectsByType<T>(FindObjectsInactive, FindObjectsSortMode)' is obsolete: 'FindObjectsByType with FindObjectsSortMode parameter has been deprecated. Use FindObjectsByType<T>() or FindObjectsByType<T>(FindObjectsInactive) instead. InstanceID will be replaced in the future with EntityId and previous sort order cannot be maintained.'
Assets\Editor\TheHeroFixBaseLayoutAndMissingRefs.cs(27,97): warning CS0618: 'FindObjectsSortMode' is obsolete: 'FindObjectsSortMode has been deprecated. Use the FindObjectsByType overloads that do not take a FindObjectsSortMode parameter.'
Assets\Editor\TheHeroFixBaseLayoutAndMissingRefs.cs(27,35): warning CS0618: 'Object.FindObjectsByType<T>(FindObjectsInactive, FindObjectsSortMode)' is obsolete: 'FindObjectsByType with FindObjectsSortMode parameter has been deprecated. Use FindObjectsByType<T>() or FindObjectsByType<T>(FindObjectsInactive) instead. InstanceID will be replaced in the future with EntityId and previous sort order cannot be maintained.'
Assets\Editor\TheHeroFixBaseOnly.cs(40,94): warning CS0618: 'FindObjectsSortMode' is obsolete: 'FindObjectsSortMode has been deprecated. Use the FindObjectsByType overloads that do not take a FindObjectsSortMode parameter.'
Assets\Editor\TheHeroFixBaseOnly.cs(40,28): warning CS0618: 'Object.FindObjectsByType<T>(FindObjectsInactive, FindObjectsSortMode)' is obsolete: 'FindObjectsByType with FindObjectsSortMode parameter has been deprecated. Use FindObjectsByType<T>() or FindObjectsByType<T>(FindObjectsInactive) instead. InstanceID will be replaced in the future with EntityId and previous sort order cannot be maintained.'
Assets\Editor\TheHeroFixBaseOnly.cs(50,95): warning CS0618: 'FindObjectsSortMode' is obsolete: 'FindObjectsSortMode has been deprecated. Use the FindObjectsByType overloads that do not take a FindObjectsSortMode parameter.'
Assets\Editor\TheHeroFixBaseOnly.cs(50,28): warning CS0618: 'Object.FindObjectsByType<T>(FindObjectsInactive, FindObjectsSortMode)' is obsolete: 'FindObjectsByType with FindObjectsSortMode parameter has been deprecated. Use FindObjectsByType<T>() or FindObjectsByType<T>(FindObjectsInactive) instead. InstanceID will be replaced in the future with EntityId and previous sort order cannot be maintained.'
Assets\Editor\TheHeroFixBaseOnly.cs(59,97): warning CS0618: 'FindObjectsSortMode' is obsolete: 'FindObjectsSortMode has been deprecated. Use the FindObjectsByType overloads that do not take a FindObjectsSortMode parameter.'
Assets\Editor\TheHeroFixBaseOnly.cs(59,35): warning CS0618: 'Object.FindObjectsByType<T>(FindObjectsInactive, FindObjectsSortMode)' is obsolete: 'FindObjectsByType with FindObjectsSortMode parameter has been deprecated. Use FindObjectsByType<T>() or FindObjectsByType<T>(FindObjectsInactive) instead. InstanceID will be replaced in the future with EntityId and previous sort order cannot be maintained.'
Assets\Editor\TheHeroFixBaseLayoutAndMissingRefs.cs(73,90): warning CS0618: 'FindObjectsSortMode' is obsolete: 'FindObjectsSortMode has been deprecated. Use the FindObjectsByType overloads that do not take a FindObjectsSortMode parameter.'
Assets\Editor\TheHeroFixBaseLayoutAndMissingRefs.cs(73,23): warning CS0618: 'Object.FindObjectsByType<T>(FindObjectsInactive, FindObjectsSortMode)' is obsolete: 'FindObjectsByType with FindObjectsSortMode parameter has been deprecated. Use FindObjectsByType<T>() or FindObjectsByType<T>(FindObjectsInactive) instead. InstanceID will be replaced in the future with EntityId and previous sort order cannot be maintained.'
Assets\Editor\TheHeroRestoreMapGameplayObjects.cs(154,25): warning CS0618: 'Object.FindFirstObjectByType<T>()' is obsolete: 'FindFirstObjectByType has been deprecated because it relies on instance ID ordering. Use FindAnyObjectByType instead, which does not depend on ordering.'
Assets\Editor\TheHeroBuildMapFromCainosPack.cs(649,32): warning CS0618: 'Object.FindObjectOfType<T>()' is obsolete: 'Object.FindObjectOfType has been deprecated. Use Object.FindFirstObjectByType instead or if finding any instance is acceptable the faster Object.FindAnyObjectByType'
Assets\Editor\TheHeroValidateMapGameplay.cs(75,34): warning CS0618: 'Object.FindFirstObjectByType<T>()' is obsolete: 'FindFirstObjectByType has been deprecated because it relies on instance ID ordering. Use FindAnyObjectByType instead, which does not depend on ordering.'
Assets\Editor\TheHeroFixTileGapsAndProperMap.cs(628,32): warning CS0618: 'Object.FindObjectOfType<T>()' is obsolete: 'Object.FindObjectOfType has been deprecated. Use Object.FindFirstObjectByType instead or if finding any instance is acceptable the faster Object.FindAnyObjectByType'
AssetDatabase: script compilation time: 8.997049s
Begin MonoManager ReloadAssembly
Duplicate assembly 'System.Runtime.CompilerServices.Unsafe.dll' with different versions detected, using 'Packages/com.unity.ai.assistant/Plugins/Shared/System.Runtime.CompilerServices.Unsafe.dll, AssemblyName=System.Runtime.CompilerServices.Unsafe, Version=6.0.3.0, Culture=neutral, PublicKeyToken=b03f5f7f11d50a3a' and ignoring 'Packages/com.unity.collections/Unity.Collections.Tests/System.Runtime.CompilerServices.Unsafe/System.Runtime.CompilerServices.Unsafe.dll, AssemblyName=System.Runtime.CompilerServices.Unsafe, Version=6.0.0.0, Culture=neutral, PublicKeyToken=b03f5f7f11d50a3a'.Assembly Assembly-CSharp-Editor-firstpass.dll at Library/ScriptAssemblies/Assembly-CSharp-Editor-firstpass.dll not valid. Loading of assembly skipped.
Assembly Assembly-CSharp-firstpass.dll at Library/ScriptAssemblies/Assembly-CSharp-firstpass.dll not valid. Loading of assembly skipped.
Assembly DocCodeExamples.dll at Library/ScriptAssemblies/DocCodeExamples.dll not valid. Loading of assembly skipped.
Assembly GdkToolsEditModeTests.dll at Library/ScriptAssemblies/GdkToolsEditModeTests.dll not valid. Loading of assembly skipped.
Assembly TestNewCustomAssembly.dll at Library/ScriptAssemblies/TestNewCustomAssembly.dll not valid. Loading of assembly skipped.
Assembly Unity.2D.Animation.EditorTests.dll at Library/ScriptAssemblies/Unity.2D.Animation.EditorTests.dll not valid. Loading of assembly skipped.
Assembly Unity.2D.Aseprite.EditorTests.dll at Library/ScriptAssemblies/Unity.2D.Aseprite.EditorTests.dll not valid. Loading of assembly skipped.
Assembly Unity.2D.Common.EditorTests.dll at Library/ScriptAssemblies/Unity.2D.Common.EditorTests.dll not valid. Loading of assembly skipped.
Assembly Unity.2D.Psdimporter.EditorTests.dll at Library/ScriptAssemblies/Unity.2D.Psdimporter.EditorTests.dll not valid. Loading of assembly skipped.
Assembly Unity.2D.Sprite.Package.EditorTests.dll at Library/ScriptAssemblies/Unity.2D.Sprite.Package.EditorTests.dll not valid. Loading of assembly skipped.
Assembly Unity.2D.SpriteShape.EditorTests.dll at Library/ScriptAssemblies/Unity.2D.SpriteShape.EditorTests.dll not valid. Loading of assembly skipped.
Assembly Unity.2D.Tilemap.Package.EditorTests.dll at Library/ScriptAssemblies/Unity.2D.Tilemap.Package.EditorTests.dll not valid. Loading of assembly skipped.
Assembly Unity.AI.Assistant.Integrations.Sample.Editor.dll at Library/ScriptAssemblies/Unity.AI.Assistant.Integrations.Sample.Editor.dll not valid. Loading of assembly skipped.
Assembly Unity.AppUI.Editor.Tests.dll at Library/ScriptAssemblies/Unity.AppUI.Editor.Tests.dll not valid. Loading of assembly skipped.
Assembly Unity.AppUI.Tests.dll at Library/ScriptAssemblies/Unity.AppUI.Tests.dll not valid. Loading of assembly skipped.
Assembly Unity.Collections.BurstCompatibilityGen.dll at Library/ScriptAssemblies/Unity.Collections.BurstCompatibilityGen.dll not valid. Loading of assembly skipped.
Assembly Unity.Collections.DocCodeSamples.dll at Library/ScriptAssemblies/Unity.Collections.DocCodeSamples.dll not valid. Loading of assembly skipped.
Assembly Unity.Collections.PerformanceTests.dll at Library/ScriptAssemblies/Unity.Collections.PerformanceTests.dll not valid. Loading of assembly skipped.
Assembly Unity.Collections.Tests.dll at Library/ScriptAssemblies/Unity.Collections.Tests.dll not valid. Loading of assembly skipped.
Assembly Unity.Collections.Tests.Playmode.dll at Library/ScriptAssemblies/Unity.Collections.Tests.Playmode.dll not valid. Loading of assembly skipped.
Assembly Unity.InputSystem.IntegrationTests.dll at Library/ScriptAssemblies/Unity.InputSystem.IntegrationTests.dll not valid. Loading of assembly skipped.
Assembly Unity.Mathematics.Tests.dll at Library/ScriptAssemblies/Unity.Mathematics.Tests.dll not valid. Loading of assembly skipped.
Assembly Unity.Microsoft.GDK.Discovery.EditModeTests.dll at Library/ScriptAssemblies/Unity.Microsoft.GDK.Discovery.EditModeTests.dll not valid. Loading of assembly skipped.
Assembly Unity.Microsoft.GDK.Tests.dll at Library/ScriptAssemblies/Unity.Microsoft.GDK.Tests.dll not valid. Loading of assembly skipped.
Assembly Unity.Multiplayer.Center.Editor.Tests.dll at Library/ScriptAssemblies/Unity.Multiplayer.Center.Editor.Tests.dll not valid. Loading of assembly skipped.
Assembly Unity.Multiplayer.Center.Tests.dll at Library/ScriptAssemblies/Unity.Multiplayer.Center.Tests.dll not valid. Loading of assembly skipped.
Assembly Unity.Nuget.Mono-Cecil.dll at Library/ScriptAssemblies/Unity.Nuget.Mono-Cecil.dll not valid. Loading of assembly skipped.
Assembly Unity.PathTracing.Editor.Tests.dll at Library/ScriptAssemblies/Unity.PathTracing.Editor.Tests.dll not valid. Loading of assembly skipped.
Assembly Unity.PathTracing.Runtime.Tests.dll at Library/ScriptAssemblies/Unity.PathTracing.Runtime.Tests.dll not valid. Loading of assembly skipped.
Assembly Unity.Purchasing.Apple.dll at Library/ScriptAssemblies/Unity.Purchasing.Apple.dll not valid. Loading of assembly skipped.
Assembly Unity.Purchasing.AppleMacos.dll at Library/ScriptAssemblies/Unity.Purchasing.AppleMacos.dll not valid. Loading of assembly skipped.
Assembly Unity.Purchasing.Security.dll at Library/ScriptAssemblies/Unity.Purchasing.Security.dll not valid. Loading of assembly skipped.
Assembly Unity.Purchasing.TransactionVerifier.dll at Library/ScriptAssemblies/Unity.Purchasing.TransactionVerifier.dll not valid. Loading of assembly skipped.
Assembly Unity.RenderPipelines.Core.Editor.Tests.dll at Library/ScriptAssemblies/Unity.RenderPipelines.Core.Editor.Tests.dll not valid. Loading of assembly skipped.
Assembly Unity.RenderPipelines.Core.Runtime.Tests.dll at Library/ScriptAssemblies/Unity.RenderPipelines.Core.Runtime.Tests.dll not valid. Loading of assembly skipped.
Assembly Unity.RenderPipelines.Universal.Config.Editor.Tests.dll at Library/ScriptAssemblies/Unity.RenderPipelines.Universal.Config.Editor.Tests.dll not valid. Loading of assembly skipped.
Assembly Unity.RenderPipelines.Universal.Editor.Tests.dll at Library/ScriptAssemblies/Unity.RenderPipelines.Universal.Editor.Tests.dll not valid. Loading of assembly skipped.
Assembly Unity.RenderPipelines.Universal.Runtime.Tests.dll at Library/ScriptAssemblies/Unity.RenderPipelines.Universal.Runtime.Tests.dll not valid. Loading of assembly skipped.
Assembly Unity.Searcher.EditorTests.dll at Library/ScriptAssemblies/Unity.Searcher.EditorTests.dll not valid. Loading of assembly skipped.
Assembly Unity.ShaderGraph.Editor.Tests.dll at Library/ScriptAssemblies/Unity.ShaderGraph.Editor.Tests.dll not valid. Loading of assembly skipped.
Assembly Unity.TextMeshPro.Editor.Tests.dll at Library/ScriptAssemblies/Unity.TextMeshPro.Editor.Tests.dll not valid. Loading of assembly skipped.
Assembly Unity.TextMeshPro.Tests.dll at Library/ScriptAssemblies/Unity.TextMeshPro.Tests.dll not valid. Loading of assembly skipped.
Assembly Unity.UnifiedRayTracing.Editor.Tests.dll at Library/ScriptAssemblies/Unity.UnifiedRayTracing.Editor.Tests.dll not valid. Loading of assembly skipped.
Assembly UnityEditor.UI.Common.Tests.dll at Library/ScriptAssemblies/UnityEditor.UI.Common.Tests.dll not valid. Loading of assembly skipped.
Assembly UnityEditor.UI.EditorTests.dll at Library/ScriptAssemblies/UnityEditor.UI.EditorTests.dll not valid. Loading of assembly skipped.
Assembly UnityEngine.UI.Tests.dll at Library/ScriptAssemblies/UnityEngine.UI.Tests.dll not valid. Loading of assembly skipped.
Symbol file LoadedFromMemory is not a mono symbol file
Symbol file LoadedFromMemory is not a mono symbol file
Refreshing native plugins compatible for Editor in 11.80 ms, found 7 plugins.
Native extension for WindowsStandalone target not found
Native extension for WebGL target not found
[THStartup] Set Play Mode start scene to: Assets/Scenes/MainMenu.unity
UnityEngine.Debug:ExtractStackTraceNoAlloc (byte*,int,string)
UnityEngine.StackTraceUtility:ExtractStackTrace ()
UnityEngine.DebugLogHandler:Internal_Log (UnityEngine.LogType,UnityEngine.LogOption,string,UnityEngine.Object)
UnityEngine.DebugLogHandler:LogFormat (UnityEngine.LogType,UnityEngine.Object,string,object[])
UnityEngine.Logger:Log (UnityEngine.LogType,object)
UnityEngine.Debug:Log (object)
THStartupSceneFixer:ApplyMainMenuStartScene () (at Assets/Editor/THStartupSceneFixer.cs:30)
THStartupSceneFixer:.cctor () (at Assets/Editor/THStartupSceneFixer.cs:15)
System.Runtime.CompilerServices.RuntimeHelpers:RunClassConstructor (System.RuntimeTypeHandle)
UnityEditor.EditorAssemblies:ProcessInitializeOnLoadAttributes (System.Type[])

(Filename: Assets/Editor/THStartupSceneFixer.cs Line: 30)

Refreshing native plugins compatible for Editor in 14.83 ms, found 7 plugins.
Duplicate assembly 'System.Runtime.CompilerServices.Unsafe.dll' with different versions detected, using 'Packages/com.unity.ai.assistant/Plugins/Shared/System.Runtime.CompilerServices.Unsafe.dll, AssemblyName=System.Runtime.CompilerServices.Unsafe, Version=6.0.3.0, Culture=neutral, PublicKeyToken=b03f5f7f11d50a3a' and ignoring 'Packages/com.unity.collections/Unity.Collections.Tests/System.Runtime.CompilerServices.Unsafe/System.Runtime.CompilerServices.Unsafe.dll, AssemblyName=System.Runtime.CompilerServices.Unsafe, Version=6.0.0.0, Culture=neutral, PublicKeyToken=b03f5f7f11d50a3a'.Refreshing native plugins compatible for Editor in 12.30 ms, found 7 plugins.
[Licensing::Client] Error: Code 404 while processing request (status: Found 0 entitlement groups and 0 free entitlements matching requested entitlement ids)
[Licensing::Client] Error: Code 404 while processing request (status: Found 0 entitlement groups and 0 free entitlements matching requested entitlement ids)
[Licensing::Client] Error: Code 404 while processing request (status: Found 0 entitlement groups and 0 free entitlements matching requested entitlement ids)
ScheduleIndexationOnStartup MainProcess:True IndexOnStartup:True
Mono: successfully reloaded assembly
- Finished resetting the current domain, in  4.844 seconds
Domain Reload Profiling: 6821ms
	BeginReloadAssembly (270ms)
		DisableScriptedObjects (10ms)
		CreateAndSetChildDomain (140ms)
	RebuildCommonClasses (29ms)
	RebuildNativeTypeToScriptingClass (10ms)
	initialDomainReloadingComplete (752ms)
	LoadAllAssembliesAndSetupDomain (916ms)
		LoadAssemblies (464ms)
		AnalyzeDomain (532ms)
			TypeCache.Refresh (371ms)
				TypeCache.ScanAssembly (352ms)
			BuildScriptInfoCaches (142ms)
			ResolveRequiredComponents (16ms)
	FinalizeReload (4844ms)
		SetupLoadedEditorAssemblies (0ms)
			InitializePlatformSupportModulesInManaged (21ms)
			BeforeProcessingInitializeOnLoad (219ms)
			ProcessInitializeOnLoadAttributes (4016ms)
			ProcessInitializeOnLoadMethodAttributes (404ms)
			AfterProcessingInitializeOnLoad (4ms)
		AwakeInstancesAfterBackupRestoration (9ms)
Refreshing native plugins compatible for Editor in 15.06 ms, found 7 plugins.
(Values over 0.050ms)
Asset Pipeline Refresh (id=4d12ee63ccddfcb46a0d63d70bcd2bca): Total: 17.971 seconds - Initiated by InitialRefreshV2(ForceSynchronousImport)
	Summary:
		Imports: total=0 (actual=0, local cache=0, cache server=0)
		Asset DB Process Time: managed=0 ms, native=5666 ms
		Asset DB Callback time: managed=1178 ms, native=45 ms
		Scripting: domain reloads=1, domain reload time=1982 ms, compile time=8999 ms, other=96 ms
		Project Asset Count: scripts=3059, non-scripts=8092
		Asset File Changes: new=1, changed=2, moved=0, deleted=0
		Scan Filter Count: 0
	InvokePackagesCallback: 25.535ms
	ApplyChangesToAssetFolders: 0.774ms
	Scan: 199.061ms
	OnSourceAssetsModified: 0.991ms
	CategorizeScriptCompilationAssets: 103.221ms
	ProcessAssetsWithTransientArtifactChanges: 150.113ms
	CategorizeAssets: 115.669ms
	CompileScripts: 8998.712ms
	ImportOutOfDateAssets: 4883.164ms (4880.419ms without children)
		UnloadImportedAssets: 0.220ms
		EnsureUptoDateAssetsAreRegisteredWithGuidPM: 1.583ms
		OnDemandSchedulerStart: 0.932ms
	PostProcessAllAssets: 1180.601ms
		XRBuildSystem.XRAssetImported 2.368ms
		VCAutoAddAssetPostprocess 0.971ms
		VersionControlSettings.HiddenFilePostprocess 0.063ms
		MonoPostProcessAllAssets: 1176.731ms
			SyncVS.PostprocessSyncProject 625.479ms
			AssetPostprocessor.OnPostprocessAllAssets 172.923ms
			UniversalRenderPipelineGlobalSettingsPostprocessor.OnPostprocessAllAssets 52.841ms
			AssetReferenceReimportMonitor.OnPostprocessAllAssets 31.228ms
			StyleCatalogPostProcessor.OnPostprocessAllAssets 22.528ms
			BuilderAssetPostprocessor.OnPostprocessAllAssets 6.795ms
			GraphRefreshPostprocessor.OnPostprocessAllAssets 2.516ms
			VersionHandlerImpl.OnPostprocessAllAssets 2.351ms
			WindowAssetPostprocessingWatcher.OnPostprocessAllAssets 2.296ms
			SpeedTree9Postprocessor.OnPostprocessAllAssets 1.946ms
			ShaderGraphAssetPostProcessor.OnPostprocessAllAssets 1.736ms
			PackageManagerResolver.OnPostprocessAllAssets 1.306ms
			AssetChangedListener.OnPostprocessAllAssets 1.165ms
			RetainedModeAssetPostprocessor.OnPostprocessAllAssets 1.052ms
			MaterialPostprocessor.OnPostprocessAllAssets 1.000ms
			AssetChangeDetector.OnPostprocessAllAssets 0.815ms
			SkillsProjectAssetPostprocessor.OnPostprocessAllAssets 0.799ms
			IOSResolver.OnPostprocessAllAssets 0.593ms
			SpriteEditorTexturePostprocessor.OnPostprocessAllAssets 0.552ms
			ArtifactBrowserPostProcessor.OnPostprocessAllAssets 0.519ms
			AssetProcessor.OnPostprocessAllAssets 0.504ms
			InputActionAssetPostprocessor.OnPostprocessAllAssets 0.494ms
			SpriteShapeAssetPostProcessor.OnPostprocessAllAssets 0.430ms
			TextAssetPostProcessor.OnPostprocessAllAssets 0.382ms
			PlayServicesResolver.OnPostprocessAllAssets 0.367ms
			ReferencedClipsPostProcessor.OnPostprocessAllAssets 0.364ms
			InputActionJsonNameModifierAssetProcessor.OnPostprocessAllAssets 0.359ms
			UVCSAssetPostprocessor.OnPostprocessAllAssets 0.335ms
			ModelAssetProcessor.OnPostprocessAllAssets 0.318ms
			GdkAssemblyAssetProcessor.OnPostprocessAllAssets 0.295ms
			TMPro_TexturePostProcessor.OnPostprocessAllAssets 0.276ms
			PostProcessor.OnPostprocessAllAssets 0.261ms
			AudioMixerPostprocessor.OnPostprocessAllAssets 0.261ms
			SamplePostprocessor.OnPostprocessAllAssets 0.230ms
			SpriteLibraryAssetPostprocessor.OnPostprocessAllAssets 0.222ms
			AssetEvents.OnPostprocessAllAssets 0.215ms
			SpeedTreePostProcessor.OnPostprocessAllAssets 0.193ms
			TerrainToolbarOverlayPostProcessor.OnPostprocessAllAssets 0.190ms
			ProjectSettingsPostprocessor.OnPostprocessAllAssets 0.169ms
			AssetDatabaseCallbacks.OnPostprocessAllAssets 0.146ms
			PSDImportPostProcessor.OnPostprocessAllAssets 0.134ms
			ScenarioDriftAssetsTracker.OnPostprocessAllAssets 0.132ms
			ConfigAssetsTracker.OnPostprocessAllAssets 0.126ms
			TrackSelectedAssetsProcessor.OnPostprocessAllAssets 0.119ms
			PSDImporterAssetPostProcessor.OnPostprocessAllAssets 0.083ms
			AudioContainerPostProcessor.OnPostprocessAllAssets 0.070ms
			RenderPipelineGlobalSettingsPostprocessor.OnPostprocessAllAssets 0.068ms
	PostAssetChangesProfiler: 19.078ms
	UnloadStreamsBegin: 3.653ms
	PersistCurrentRevisions: 0.372ms
	GenerateScriptTypeHashes: 3.943ms
	GenerateScriptTypeSerializationHashes: 7.014ms
	Untracked: 2286.452ms

Application.AssetDatabase Initial Refresh End
Scanning for USB devices : 3.998ms
Initializing Unity extensions:
[MODES] ModeService[none].Initialize
[MODES] ModeService[none].LoadModes
[MODES] Loading mode Default (0) for mode-current-id-The Hero
Unloading 181 Unused Serialized files (Serialized files now loaded: 0)
Unloading 13027 unused Assets / (5.1 MB). Loaded Objects now: 13823.
Memory consumption went from 333.1 MB to 327.9 MB.
Total: 20.569800 ms (FindLiveObjects: 0.804500 ms CreateObjectMapping: 0.890100 ms MarkObjects: 15.349200 ms  DeleteObjects: 3.523700 ms)

Opening scene 'Assets/Scenes/Map.unity'
Unloading 4 Unused Serialized files (Serialized files now loaded: 0)
Loaded scene 'Assets/Scenes/Map.unity'
	Deserialize:            144.965 ms
	Integration:            329.218 ms
	Integration of assets:  0.043 ms
	Thread Wait Time:       0.002 ms
	Total Operation Time:   474.228 ms
Unloading 2 unused Assets / (1.1 KB). Loaded Objects now: 19060.
Memory consumption went from 306.8 MB to 306.8 MB.
Total: 18.543300 ms (FindLiveObjects: 1.268800 ms CreateObjectMapping: 0.734400 ms MarkObjects: 16.469900 ms  DeleteObjects: 0.068800 ms)

[TheHeroPatch] Added THStrictGridHeroMovement to Hero
UnityEngine.Debug:ExtractStackTraceNoAlloc (byte*,int,string)
UnityEngine.StackTraceUtility:ExtractStackTrace ()
UnityEngine.DebugLogHandler:Internal_Log (UnityEngine.LogType,UnityEngine.LogOption,string,UnityEngine.Object)
UnityEngine.DebugLogHandler:LogFormat (UnityEngine.LogType,UnityEngine.Object,string,object[])
UnityEngine.Logger:Log (UnityEngine.LogType,object)
UnityEngine.Debug:Log (object)
TheHeroPatchMovementAndCamera:Patch () (at Assets/Editor/TheHeroPatchMovementAndCamera.cs:38)
TheHeroPlayableBatch:PatchAndValidate () (at Assets/Editor/TheHeroPlayableBatch.cs:47)

(Filename: Assets/Editor/TheHeroPatchMovementAndCamera.cs Line: 38)

Start importing ProjectSettings/EditorBuildSettings.asset using Guid(0000000000000000b000000000000000) (LibraryAssetImporter) -> (Import Result ID: 'a8e4eb4aa975cd688f756d5133caf018') in 0.0106564 seconds [static dependencies only]. Details - ImportResultOutputID=d777934f36c664454d62eda103573334 DependenciesID=5ae3df728d6e0ca4c8216d6539371702 StaticDependenciesID=9750a39729df08f8f4b2afd1e2c1aabf 
Refreshing native plugins compatible for Editor in 14.81 ms, found 7 plugins.
(Values over 0.050ms)
Asset Pipeline Refresh (id=33930bcaac9c81c4fafd45a34eb4c21a): Total: 0.442 seconds - Initiated by StopAssetImportingV2(NoUpdateAssetOptions)
	Summary:
		Imports: total=1 (actual=1, local cache=0, cache server=0)
		Asset DB Process Time: managed=5 ms, native=130 ms
		Asset DB Callback time: managed=264 ms, native=41 ms
		Scripting: domain reloads=0, domain reload time=0 ms, compile time=0 ms, other=0 ms
		Project Asset Count: scripts=3059, non-scripts=8092
		Asset File Changes: new=0, changed=0, moved=0, deleted=0
		Scan Filter Count: 1
	ApplyChangesToAssetFolders: 0.145ms
	Scan: 19.317ms
	ProcessAssetsWithTransientArtifactChanges: 0.133ms
	CategorizeAssets: 88.964ms
	ImportOutOfDateAssets: 15.769ms (0.757ms without children)
		ImportManagerImport: 12.194ms (1.234ms without children)
		UnloadImportedAssets: 0.273ms
		EnsureUptoDateAssetsAreRegisteredWithGuidPM: 1.743ms
		OnDemandSchedulerStart: 0.769ms
	PostProcessAllAssets: 289.262ms
		XRBuildSystem.XRAssetImported 24.440ms
		MonoPostProcessAllAssets: 264.712ms
			VersionHandlerImpl.OnPostprocessAllAssets 258.768ms
			SpriteShapeAssetPostProcessor.OnPostprocessAllAssets 2.809ms
			AssetPostprocessor.OnPostprocessAllAssets 1.100ms
			SyncVS.PostprocessSyncProject 0.573ms
			ModelAssetProcessor.OnPostprocessAllAssets 0.271ms
			PackageManagerResolver.OnPostprocessAllAssets 0.269ms
			SpriteEditorTexturePostprocessor.OnPostprocessAllAssets 0.246ms
			ShaderGraphAssetPostProcessor.OnPostprocessAllAssets 0.070ms
			GraphRefreshPostprocessor.OnPostprocessAllAssets 0.055ms
	PostAssetChangesProfiler: 16.543ms
	GatherAllCurrentPrimaryImportResultRevisions: 0.581ms
	UnloadStreamsBegin: 0.079ms
	PersistCurrentRevisions: 0.643ms
	Untracked: 10.901ms

Start importing Assets/Scenes/Map.unity using Guid(da3978d33114ad24f80626786b253bde) (DefaultImporter) -> (Import Result ID: 'c239972c79f731a8f4bb8cc3e0967c57') in 0.0009254 seconds [static dependencies only]. Details - ImportResultOutputID=d949174f9816b137f0bc0117a2b6642b DependenciesID=4d6faa3d778f5a30a3212579541d50c6 StaticDependenciesID=bc69376460a143a2625228c0b4083f7c 
Refreshing native plugins compatible for Editor in 13.33 ms, found 7 plugins.
Asset Pipeline Refresh (id=2b99b6683723f504a8c2b8ab31482a53): Total: 0.094 seconds - Initiated by StopAssetImportingV2(NoUpdateAssetOptions)
[TheHeroPatch] Saved Map.unity
UnityEngine.Debug:ExtractStackTraceNoAlloc (byte*,int,string)
UnityEngine.StackTraceUtility:ExtractStackTrace ()
UnityEngine.DebugLogHandler:Internal_Log (UnityEngine.LogType,UnityEngine.LogOption,string,UnityEngine.Object)
UnityEngine.DebugLogHandler:LogFormat (UnityEngine.LogType,UnityEngine.Object,string,object[])
UnityEngine.Logger:Log (UnityEngine.LogType,object)
UnityEngine.Debug:Log (object)
TheHeroPatchMovementAndCamera:Patch () (at Assets/Editor/TheHeroPatchMovementAndCamera.cs:75)
TheHeroPlayableBatch:PatchAndValidate () (at Assets/Editor/TheHeroPlayableBatch.cs:47)

(Filename: Assets/Editor/TheHeroPatchMovementAndCamera.cs Line: 75)

[TheHeroFinalValidation] PASS Scene exists: Assets/Scenes/MainMenu.unity
UnityEngine.Debug:ExtractStackTraceNoAlloc (byte*,int,string)
UnityEngine.StackTraceUtility:ExtractStackTrace ()
UnityEngine.DebugLogHandler:Internal_Log (UnityEngine.LogType,UnityEngine.LogOption,string,UnityEngine.Object)
UnityEngine.DebugLogHandler:LogFormat (UnityEngine.LogType,UnityEngine.Object,string,object[])
UnityEngine.Logger:Log (UnityEngine.LogType,object)
UnityEngine.Debug:Log (object)
TheHeroFinalGameValidation:RunAllChecks () (at Assets/Editor/TheHeroFinalGameValidation.cs:47)
TheHeroPlayableBatch:PatchAndValidate () (at Assets/Editor/TheHeroPlayableBatch.cs:48)

(Filename: Assets/Editor/TheHeroFinalGameValidation.cs Line: 47)

[TheHeroFinalValidation] PASS Scene exists: Assets/Scenes/Map.unity
UnityEngine.Debug:ExtractStackTraceNoAlloc (byte*,int,string)
UnityEngine.StackTraceUtility:ExtractStackTrace ()
UnityEngine.DebugLogHandler:Internal_Log (UnityEngine.LogType,UnityEngine.LogOption,string,UnityEngine.Object)
UnityEngine.DebugLogHandler:LogFormat (UnityEngine.LogType,UnityEngine.Object,string,object[])
UnityEngine.Logger:Log (UnityEngine.LogType,object)
UnityEngine.Debug:Log (object)
TheHeroFinalGameValidation:RunAllChecks () (at Assets/Editor/TheHeroFinalGameValidation.cs:47)
TheHeroPlayableBatch:PatchAndValidate () (at Assets/Editor/TheHeroPlayableBatch.cs:48)

(Filename: Assets/Editor/TheHeroFinalGameValidation.cs Line: 47)

[TheHeroFinalValidation] PASS Scene exists: Assets/Scenes/Combat.unity
UnityEngine.Debug:ExtractStackTraceNoAlloc (byte*,int,string)
UnityEngine.StackTraceUtility:ExtractStackTrace ()
UnityEngine.DebugLogHandler:Internal_Log (UnityEngine.LogType,UnityEngine.LogOption,string,UnityEngine.Object)
UnityEngine.DebugLogHandler:LogFormat (UnityEngine.LogType,UnityEngine.Object,string,object[])
UnityEngine.Logger:Log (UnityEngine.LogType,object)
UnityEngine.Debug:Log (object)
TheHeroFinalGameValidation:RunAllChecks () (at Assets/Editor/TheHeroFinalGameValidation.cs:47)
TheHeroPlayableBatch:PatchAndValidate () (at Assets/Editor/TheHeroPlayableBatch.cs:48)

(Filename: Assets/Editor/TheHeroFinalGameValidation.cs Line: 47)

[TheHeroFinalValidation] PASS Scene exists: Assets/Scenes/Base.unity
UnityEngine.Debug:ExtractStackTraceNoAlloc (byte*,int,string)
UnityEngine.StackTraceUtility:ExtractStackTrace ()
UnityEngine.DebugLogHandler:Internal_Log (UnityEngine.LogType,UnityEngine.LogOption,string,UnityEngine.Object)
UnityEngine.DebugLogHandler:LogFormat (UnityEngine.LogType,UnityEngine.Object,string,object[])
UnityEngine.Logger:Log (UnityEngine.LogType,object)
UnityEngine.Debug:Log (object)
TheHeroFinalGameValidation:RunAllChecks () (at Assets/Editor/TheHeroFinalGameValidation.cs:47)
TheHeroPlayableBatch:PatchAndValidate () (at Assets/Editor/TheHeroPlayableBatch.cs:48)

(Filename: Assets/Editor/TheHeroFinalGameValidation.cs Line: 47)

Opening scene 'Assets/Scenes/Map.unity'
Unloading 30 Unused Serialized files (Serialized files now loaded: 0)
Loaded scene 'Assets/Scenes/Map.unity'
	Deserialize:            62.389 ms
	Integration:            293.174 ms
	Integration of assets:  0.012 ms
	Thread Wait Time:       0.035 ms
	Total Operation Time:   355.609 ms
Unloading 274 unused Assets / (9.0 MB). Loaded Objects now: 19070.
Memory consumption went from 324.5 MB to 315.5 MB.
Total: 18.989400 ms (FindLiveObjects: 1.104300 ms CreateObjectMapping: 0.801700 ms MarkObjects: 16.819200 ms  DeleteObjects: 0.262900 ms)

[TheHeroFinalValidation] PASS CHECK 5: Hero found
UnityEngine.Debug:ExtractStackTraceNoAlloc (byte*,int,string)
UnityEngine.StackTraceUtility:ExtractStackTrace ()
UnityEngine.DebugLogHandler:Internal_Log (UnityEngine.LogType,UnityEngine.LogOption,string,UnityEngine.Object)
UnityEngine.DebugLogHandler:LogFormat (UnityEngine.LogType,UnityEngine.Object,string,object[])
UnityEngine.Logger:Log (UnityEngine.LogType,object)
UnityEngine.Debug:Log (object)
TheHeroFinalGameValidation:RunAllChecks () (at Assets/Editor/TheHeroFinalGameValidation.cs:65)
TheHeroPlayableBatch:PatchAndValidate () (at Assets/Editor/TheHeroPlayableBatch.cs:48)

(Filename: Assets/Editor/TheHeroFinalGameValidation.cs Line: 65)

[TheHeroFinalValidation] PASS CHECK 6: Hero active with sprite
UnityEngine.Debug:ExtractStackTraceNoAlloc (byte*,int,string)
UnityEngine.StackTraceUtility:ExtractStackTrace ()
UnityEngine.DebugLogHandler:Internal_Log (UnityEngine.LogType,UnityEngine.LogOption,string,UnityEngine.Object)
UnityEngine.DebugLogHandler:LogFormat (UnityEngine.LogType,UnityEngine.Object,string,object[])
UnityEngine.Logger:Log (UnityEngine.LogType,object)
UnityEngine.Debug:Log (object)
TheHeroFinalGameValidation:RunAllChecks () (at Assets/Editor/TheHeroFinalGameValidation.cs:78)
TheHeroPlayableBatch:PatchAndValidate () (at Assets/Editor/TheHeroPlayableBatch.cs:48)

(Filename: Assets/Editor/TheHeroFinalGameValidation.cs Line: 78)

[TheHeroFinalValidation] PASS CHECK 7: Hero has Movement component
UnityEngine.Debug:ExtractStackTraceNoAlloc (byte*,int,string)
UnityEngine.StackTraceUtility:ExtractStackTrace ()
UnityEngine.DebugLogHandler:Internal_Log (UnityEngine.LogType,UnityEngine.LogOption,string,UnityEngine.Object)
UnityEngine.DebugLogHandler:LogFormat (UnityEngine.LogType,UnityEngine.Object,string,object[])
UnityEngine.Logger:Log (UnityEngine.LogType,object)
UnityEngine.Debug:Log (object)
TheHeroFinalGameValidation:RunAllChecks () (at Assets/Editor/TheHeroFinalGameValidation.cs:94)
TheHeroPlayableBatch:PatchAndValidate () (at Assets/Editor/TheHeroPlayableBatch.cs:48)

(Filename: Assets/Editor/TheHeroFinalGameValidation.cs Line: 94)

[TheHeroFinalValidation] PASS CHECK 8: Camera has THCameraFollow with Target
UnityEngine.Debug:ExtractStackTraceNoAlloc (byte*,int,string)
UnityEngine.StackTraceUtility:ExtractStackTrace ()
UnityEngine.DebugLogHandler:Internal_Log (UnityEngine.LogType,UnityEngine.LogOption,string,UnityEngine.Object)
UnityEngine.DebugLogHandler:LogFormat (UnityEngine.LogType,UnityEngine.Object,string,object[])
UnityEngine.Logger:Log (UnityEngine.LogType,object)
UnityEngine.Debug:Log (object)
TheHeroFinalGameValidation:RunAllChecks () (at Assets/Editor/TheHeroFinalGameValidation.cs:111)
TheHeroPlayableBatch:PatchAndValidate () (at Assets/Editor/TheHeroPlayableBatch.cs:48)

(Filename: Assets/Editor/TheHeroFinalGameValidation.cs Line: 111)

[TheHeroFinalValidation] PASS CHECK 9: Castle_Player found at (2,3)
UnityEngine.Debug:ExtractStackTraceNoAlloc (byte*,int,string)
UnityEngine.StackTraceUtility:ExtractStackTrace ()
UnityEngine.DebugLogHandler:Internal_Log (UnityEngine.LogType,UnityEngine.LogOption,string,UnityEngine.Object)
UnityEngine.DebugLogHandler:LogFormat (UnityEngine.LogType,UnityEngine.Object,string,object[])
UnityEngine.Logger:Log (UnityEngine.LogType,object)
UnityEngine.Debug:Log (object)
TheHeroFinalGameValidation:RunAllChecks () (at Assets/Editor/TheHeroFinalGameValidation.cs:123)
TheHeroPlayableBatch:PatchAndValidate () (at Assets/Editor/TheHeroPlayableBatch.cs:48)

(Filename: Assets/Editor/TheHeroFinalGameValidation.cs Line: 123)

[TheHeroFinalValidation] PASS CHECK 10: Castle_Player type=Base
UnityEngine.Debug:ExtractStackTraceNoAlloc (byte*,int,string)
UnityEngine.StackTraceUtility:ExtractStackTrace ()
UnityEngine.DebugLogHandler:Internal_Log (UnityEngine.LogType,UnityEngine.LogOption,string,UnityEngine.Object)
UnityEngine.DebugLogHandler:LogFormat (UnityEngine.LogType,UnityEngine.Object,string,object[])
UnityEngine.Logger:Log (UnityEngine.LogType,object)
UnityEngine.Debug:Log (object)
TheHeroFinalGameValidation:RunAllChecks () (at Assets/Editor/TheHeroFinalGameValidation.cs:133)
TheHeroPlayableBatch:PatchAndValidate () (at Assets/Editor/TheHeroPlayableBatch.cs:48)

(Filename: Assets/Editor/TheHeroFinalGameValidation.cs Line: 133)

[TheHeroFinalValidation] PASS CHECK 11: 8 enemies found
UnityEngine.Debug:ExtractStackTraceNoAlloc (byte*,int,string)
UnityEngine.StackTraceUtility:ExtractStackTrace ()
UnityEngine.DebugLogHandler:Internal_Log (UnityEngine.LogType,UnityEngine.LogOption,string,UnityEngine.Object)
UnityEngine.DebugLogHandler:LogFormat (UnityEngine.LogType,UnityEngine.Object,string,object[])
UnityEngine.Logger:Log (UnityEngine.LogType,object)
UnityEngine.Debug:Log (object)
TheHeroFinalGameValidation:RunAllChecks () (at Assets/Editor/TheHeroFinalGameValidation.cs:143)
TheHeroPlayableBatch:PatchAndValidate () (at Assets/Editor/TheHeroPlayableBatch.cs:48)

(Filename: Assets/Editor/TheHeroFinalGameValidation.cs Line: 143)

[TheHeroFinalValidation] PASS CHECK 12: All enemies have sprite
UnityEngine.Debug:ExtractStackTraceNoAlloc (byte*,int,string)
UnityEngine.StackTraceUtility:ExtractStackTrace ()
UnityEngine.DebugLogHandler:Internal_Log (UnityEngine.LogType,UnityEngine.LogOption,string,UnityEngine.Object)
UnityEngine.DebugLogHandler:LogFormat (UnityEngine.LogType,UnityEngine.Object,string,object[])
UnityEngine.Logger:Log (UnityEngine.LogType,object)
UnityEngine.Debug:Log (object)
TheHeroFinalGameValidation:RunAllChecks () (at Assets/Editor/TheHeroFinalGameValidation.cs:152)
TheHeroPlayableBatch:PatchAndValidate () (at Assets/Editor/TheHeroPlayableBatch.cs:48)

(Filename: Assets/Editor/TheHeroFinalGameValidation.cs Line: 152)

[TheHeroFinalValidation] PASS CHECK 13: All enemies startsCombat=true
UnityEngine.Debug:ExtractStackTraceNoAlloc (byte*,int,string)
UnityEngine.StackTraceUtility:ExtractStackTrace ()
UnityEngine.DebugLogHandler:Internal_Log (UnityEngine.LogType,UnityEngine.LogOption,string,UnityEngine.Object)
UnityEngine.DebugLogHandler:LogFormat (UnityEngine.LogType,UnityEngine.Object,string,object[])
UnityEngine.Logger:Log (UnityEngine.LogType,object)
UnityEngine.Debug:Log (object)
TheHeroFinalGameValidation:RunAllChecks () (at Assets/Editor/TheHeroFinalGameValidation.cs:161)
TheHeroPlayableBatch:PatchAndValidate () (at Assets/Editor/TheHeroPlayableBatch.cs:48)

(Filename: Assets/Editor/TheHeroFinalGameValidation.cs Line: 161)

[TheHeroFinalValidation] PASS CHECK 14: All enemies blocksMovement=true
UnityEngine.Debug:ExtractStackTraceNoAlloc (byte*,int,string)
UnityEngine.StackTraceUtility:ExtractStackTrace ()
UnityEngine.DebugLogHandler:Internal_Log (UnityEngine.LogType,UnityEngine.LogOption,string,UnityEngine.Object)
UnityEngine.DebugLogHandler:LogFormat (UnityEngine.LogType,UnityEngine.Object,string,object[])
UnityEngine.Logger:Log (UnityEngine.LogType,object)
UnityEngine.Debug:Log (object)
TheHeroFinalGameValidation:RunAllChecks () (at Assets/Editor/TheHeroFinalGameValidation.cs:170)
TheHeroPlayableBatch:PatchAndValidate () (at Assets/Editor/TheHeroPlayableBatch.cs:48)

(Filename: Assets/Editor/TheHeroFinalGameValidation.cs Line: 170)

[TheHeroFinalValidation] PASS CHECK 15: DarkLord found: Enemy_DarkLord_Final
UnityEngine.Debug:ExtractStackTraceNoAlloc (byte*,int,string)
UnityEngine.StackTraceUtility:ExtractStackTrace ()
UnityEngine.DebugLogHandler:Internal_Log (UnityEngine.LogType,UnityEngine.LogOption,string,UnityEngine.Object)
UnityEngine.DebugLogHandler:LogFormat (UnityEngine.LogType,UnityEngine.Object,string,object[])
UnityEngine.Logger:Log (UnityEngine.LogType,object)
UnityEngine.Debug:Log (object)
TheHeroFinalGameValidation:RunAllChecks () (at Assets/Editor/TheHeroFinalGameValidation.cs:180)
TheHeroPlayableBatch:PatchAndValidate () (at Assets/Editor/TheHeroPlayableBatch.cs:48)

(Filename: Assets/Editor/TheHeroFinalGameValidation.cs Line: 180)

[TheHeroFinalValidation] PASS CHECK 16: DarkLord isFinalBoss=true
UnityEngine.Debug:ExtractStackTraceNoAlloc (byte*,int,string)
UnityEngine.StackTraceUtility:ExtractStackTrace ()
UnityEngine.DebugLogHandler:Internal_Log (UnityEngine.LogType,UnityEngine.LogOption,string,UnityEngine.Object)
UnityEngine.DebugLogHandler:LogFormat (UnityEngine.LogType,UnityEngine.Object,string,object[])
UnityEngine.Logger:Log (UnityEngine.LogType,object)
UnityEngine.Debug:Log (object)
TheHeroFinalGameValidation:RunAllChecks () (at Assets/Editor/TheHeroFinalGameValidation.cs:188)
TheHeroPlayableBatch:PatchAndValidate () (at Assets/Editor/TheHeroPlayableBatch.cs:48)

(Filename: Assets/Editor/TheHeroFinalGameValidation.cs Line: 188)

[TheHeroFinalValidation] PASS CHECK 17: DarkLord type=Enemy
UnityEngine.Debug:ExtractStackTraceNoAlloc (byte*,int,string)
UnityEngine.StackTraceUtility:ExtractStackTrace ()
UnityEngine.DebugLogHandler:Internal_Log (UnityEngine.LogType,UnityEngine.LogOption,string,UnityEngine.Object)
UnityEngine.DebugLogHandler:LogFormat (UnityEngine.LogType,UnityEngine.Object,string,object[])
UnityEngine.Logger:Log (UnityEngine.LogType,object)
UnityEngine.Debug:Log (object)
TheHeroFinalGameValidation:RunAllChecks () (at Assets/Editor/TheHeroFinalGameValidation.cs:196)
TheHeroPlayableBatch:PatchAndValidate () (at Assets/Editor/TheHeroPlayableBatch.cs:48)

(Filename: Assets/Editor/TheHeroFinalGameValidation.cs Line: 196)

[TheHeroFinalValidation] PASS CHECK 18: 7 resources found
UnityEngine.Debug:ExtractStackTraceNoAlloc (byte*,int,string)
UnityEngine.StackTraceUtility:ExtractStackTrace ()
UnityEngine.DebugLogHandler:Internal_Log (UnityEngine.LogType,UnityEngine.LogOption,string,UnityEngine.Object)
UnityEngine.DebugLogHandler:LogFormat (UnityEngine.LogType,UnityEngine.Object,string,object[])
UnityEngine.Logger:Log (UnityEngine.LogType,object)
UnityEngine.Debug:Log (object)
TheHeroFinalGameValidation:RunAllChecks () (at Assets/Editor/TheHeroFinalGameValidation.cs:211)
TheHeroPlayableBatch:PatchAndValidate () (at Assets/Editor/TheHeroPlayableBatch.cs:48)

(Filename: Assets/Editor/TheHeroFinalGameValidation.cs Line: 211)

[TheHeroFinalValidation] PASS CHECK 19: Artifact found (Artifact_DarkRelic)
UnityEngine.Debug:ExtractStackTraceNoAlloc (byte*,int,string)
UnityEngine.StackTraceUtility:ExtractStackTrace ()
UnityEngine.DebugLogHandler:Internal_Log (UnityEngine.LogType,UnityEngine.LogOption,string,UnityEngine.Object)
UnityEngine.DebugLogHandler:LogFormat (UnityEngine.LogType,UnityEngine.Object,string,object[])
UnityEngine.Logger:Log (UnityEngine.LogType,object)
UnityEngine.Debug:Log (object)
TheHeroFinalGameValidation:RunAllChecks () (at Assets/Editor/TheHeroFinalGameValidation.cs:221)
TheHeroPlayableBatch:PatchAndValidate () (at Assets/Editor/TheHeroPlayableBatch.cs:48)

(Filename: Assets/Editor/TheHeroFinalGameValidation.cs Line: 221)

[TheHeroFinalValidation] PASS CHECK 20: Combat runtime class found in assemblies
UnityEngine.Debug:ExtractStackTraceNoAlloc (byte*,int,string)
UnityEngine.StackTraceUtility:ExtractStackTrace ()
UnityEngine.DebugLogHandler:Internal_Log (UnityEngine.LogType,UnityEngine.LogOption,string,UnityEngine.Object)
UnityEngine.DebugLogHandler:LogFormat (UnityEngine.LogType,UnityEngine.Object,string,object[])
UnityEngine.Logger:Log (UnityEngine.LogType,object)
UnityEngine.Debug:Log (object)
TheHeroFinalGameValidation:RunAllChecks () (at Assets/Editor/TheHeroFinalGameValidation.cs:242)
TheHeroPlayableBatch:PatchAndValidate () (at Assets/Editor/TheHeroPlayableBatch.cs:48)

(Filename: Assets/Editor/TheHeroFinalGameValidation.cs Line: 242)

[TheHeroFinalValidation] INFO CHECK 21: path check skipped (requires runtime grid)
UnityEngine.Debug:ExtractStackTraceNoAlloc (byte*,int,string)
UnityEngine.StackTraceUtility:ExtractStackTrace ()
UnityEngine.DebugLogHandler:Internal_Log (UnityEngine.LogType,UnityEngine.LogOption,string,UnityEngine.Object)
UnityEngine.DebugLogHandler:LogFormat (UnityEngine.LogType,UnityEngine.Object,string,object[])
UnityEngine.Logger:Log (UnityEngine.LogType,object)
UnityEngine.Debug:Log (object)
TheHeroFinalGameValidation:RunAllChecks () (at Assets/Editor/TheHeroFinalGameValidation.cs:245)
TheHeroPlayableBatch:PatchAndValidate () (at Assets/Editor/TheHeroPlayableBatch.cs:48)

(Filename: Assets/Editor/TheHeroFinalGameValidation.cs Line: 245)

[TheHeroFinalValidation] INFO CHECK 22: path check skipped (requires runtime grid)
UnityEngine.Debug:ExtractStackTraceNoAlloc (byte*,int,string)
UnityEngine.StackTraceUtility:ExtractStackTrace ()
UnityEngine.DebugLogHandler:Internal_Log (UnityEngine.LogType,UnityEngine.LogOption,string,UnityEngine.Object)
UnityEngine.DebugLogHandler:LogFormat (UnityEngine.LogType,UnityEngine.Object,string,object[])
UnityEngine.Logger:Log (UnityEngine.LogType,object)
UnityEngine.Debug:Log (object)
TheHeroFinalGameValidation:RunAllChecks () (at Assets/Editor/TheHeroFinalGameValidation.cs:246)
TheHeroPlayableBatch:PatchAndValidate () (at Assets/Editor/TheHeroPlayableBatch.cs:48)

(Filename: Assets/Editor/TheHeroFinalGameValidation.cs Line: 246)

[TheHeroFinalValidation] INFO CHECK 23: path check skipped (requires runtime grid)
UnityEngine.Debug:ExtractStackTraceNoAlloc (byte*,int,string)
UnityEngine.StackTraceUtility:ExtractStackTrace ()
UnityEngine.DebugLogHandler:Internal_Log (UnityEngine.LogType,UnityEngine.LogOption,string,UnityEngine.Object)
UnityEngine.DebugLogHandler:LogFormat (UnityEngine.LogType,UnityEngine.Object,string,object[])
UnityEngine.Logger:Log (UnityEngine.LogType,object)
UnityEngine.Debug:Log (object)
TheHeroFinalGameValidation:RunAllChecks () (at Assets/Editor/TheHeroFinalGameValidation.cs:247)
TheHeroPlayableBatch:PatchAndValidate () (at Assets/Editor/TheHeroPlayableBatch.cs:48)

(Filename: Assets/Editor/TheHeroFinalGameValidation.cs Line: 247)

[TheHeroFinalValidation] PASS CHECK 24: No oversized sprites
UnityEngine.Debug:ExtractStackTraceNoAlloc (byte*,int,string)
UnityEngine.StackTraceUtility:ExtractStackTrace ()
UnityEngine.DebugLogHandler:Internal_Log (UnityEngine.LogType,UnityEngine.LogOption,string,UnityEngine.Object)
UnityEngine.DebugLogHandler:LogFormat (UnityEngine.LogType,UnityEngine.Object,string,object[])
UnityEngine.Logger:Log (UnityEngine.LogType,object)
UnityEngine.Debug:Log (object)
TheHeroFinalGameValidation:RunAllChecks () (at Assets/Editor/TheHeroFinalGameValidation.cs:259)
TheHeroPlayableBatch:PatchAndValidate () (at Assets/Editor/TheHeroPlayableBatch.cs:48)

(Filename: Assets/Editor/TheHeroFinalGameValidation.cs Line: 259)

[TheHeroFinalValidation] PASS CHECK 25: Exactly one GameObject named Hero
UnityEngine.Debug:ExtractStackTraceNoAlloc (byte*,int,string)
UnityEngine.StackTraceUtility:ExtractStackTrace ()
UnityEngine.DebugLogHandler:Internal_Log (UnityEngine.LogType,UnityEngine.LogOption,string,UnityEngine.Object)
UnityEngine.DebugLogHandler:LogFormat (UnityEngine.LogType,UnityEngine.Object,string,object[])
UnityEngine.Logger:Log (UnityEngine.LogType,object)
UnityEngine.Debug:Log (object)
TheHeroFinalGameValidation:RunAllChecks () (at Assets/Editor/TheHeroFinalGameValidation.cs:270)
TheHeroPlayableBatch:PatchAndValidate () (at Assets/Editor/TheHeroPlayableBatch.cs:48)

(Filename: Assets/Editor/TheHeroFinalGameValidation.cs Line: 270)

[TheHeroFinalValidation] PASS CHECK 26: Exactly one EventSystem
UnityEngine.Debug:ExtractStackTraceNoAlloc (byte*,int,string)
UnityEngine.StackTraceUtility:ExtractStackTrace ()
UnityEngine.DebugLogHandler:Internal_Log (UnityEngine.LogType,UnityEngine.LogOption,string,UnityEngine.Object)
UnityEngine.DebugLogHandler:LogFormat (UnityEngine.LogType,UnityEngine.Object,string,object[])
UnityEngine.Logger:Log (UnityEngine.LogType,object)
UnityEngine.Debug:Log (object)
TheHeroFinalGameValidation:RunAllChecks () (at Assets/Editor/TheHeroFinalGameValidation.cs:280)
TheHeroPlayableBatch:PatchAndValidate () (at Assets/Editor/TheHeroPlayableBatch.cs:48)

(Filename: Assets/Editor/TheHeroFinalGameValidation.cs Line: 280)

[TheHeroFinalValidation] PASS CHECK 27: Canvas count = 1
UnityEngine.Debug:ExtractStackTraceNoAlloc (byte*,int,string)
UnityEngine.StackTraceUtility:ExtractStackTrace ()
UnityEngine.DebugLogHandler:Internal_Log (UnityEngine.LogType,UnityEngine.LogOption,string,UnityEngine.Object)
UnityEngine.DebugLogHandler:LogFormat (UnityEngine.LogType,UnityEngine.Object,string,object[])
UnityEngine.Logger:Log (UnityEngine.LogType,object)
UnityEngine.Debug:Log (object)
TheHeroFinalGameValidation:RunAllChecks () (at Assets/Editor/TheHeroFinalGameValidation.cs:290)
TheHeroPlayableBatch:PatchAndValidate () (at Assets/Editor/TheHeroPlayableBatch.cs:48)

(Filename: Assets/Editor/TheHeroFinalGameValidation.cs Line: 290)

[TheHeroFinalValidation] Summary: 0 issue(s) found.
UnityEngine.Debug:ExtractStackTraceNoAlloc (byte*,int,string)
UnityEngine.StackTraceUtility:ExtractStackTrace ()
UnityEngine.DebugLogHandler:Internal_Log (UnityEngine.LogType,UnityEngine.LogOption,string,UnityEngine.Object)
UnityEngine.DebugLogHandler:LogFormat (UnityEngine.LogType,UnityEngine.Object,string,object[])
UnityEngine.Logger:Log (UnityEngine.LogType,object)
UnityEngine.Debug:Log (object)
TheHeroFinalGameValidation:RunAllChecks () (at Assets/Editor/TheHeroFinalGameValidation.cs:292)
TheHeroPlayableBatch:PatchAndValidate () (at Assets/Editor/TheHeroPlayableBatch.cs:48)

(Filename: Assets/Editor/TheHeroFinalGameValidation.cs Line: 292)

[Physics::Module] Cleanup current backend.
[Physics::Module] Id: 0xf2b8ea05
Input System module state changed to: ShutdownInProgress.
Input Polling Thread exited.
Input System module state changed to: Shutdown.
[Licensing::IpcConnector] LicenseClient-HYPERPC-6000.4.1-notifications channel disconnected successfully.
[Licensing::IpcConnector] LicenseClient-HYPERPC-6000.4.1 channel disconnected successfully.
AcceleratorClientConnectionCallback - disconnected - :0
Shut down.
Cleanup mono
CodeReloadManager destroyed
abort_threads: Failed aborting id: 00000000000080EC, mono_thread_manage will ignore it

abort_threads: Failed aborting id: 0000000000001248, mono_thread_manage will ignore it

abort_threads: Failed aborting id: 00000000000080EC, mono_thread_manage will ignore it

abort_threads: Failed aborting id: 0000000000001248, mono_thread_manage will ignore it

debugger-agent: Unable to listen on 3296
Checking for leaked weakptr:
  Found no leaked weakptrs.
[Package Manager] Server process was shutdown
##utp:{"type":"MemoryLeaks","version":2,"phase":"Immediate","time":1778801688731,"processId":32268,"allocatedMemory":28451115,"memoryLabels":[{"Default":220403},{"Permanent":15276},{"NewDelete":64867},{"Thread":4230344},{"Manager":36749},{"VertexData":8},{"Geometry":816},{"Texture":24},{"Shader":853146},{"Material":24},{"GfxDevice":55313},{"Animation":392},{"Audio":3008},{"FreeType":8},{"FontEngine":736},{"Physics":2090},{"Physics2D":16},{"Serialization":320},{"Input":9880},{"JobScheduler":33024},{"TextLib":216},{"Mono":32},{"MonoCode":320},{"ScriptingNativeRuntime":155052},{"BaseObject":1620368},{"Resource":1184},{"Renderer":3008},{"Transform":4685},{"File":42070},{"WebCam":616},{"Culling":32},{"Terrain":11394},{"Wind":24},{"STL":40},{"String":18948},{"StaticString":6718},{"Utility":2672774},{"Curl":2559},{"PoolAlloc":2888},{"AI":80},{"TypeTree":5341},{"ScriptManager":448},{"RuntimeInitializeOnLoadManager":64},{"SpriteAtlas":120},{"GI":7792},{"Director":8320},{"CloudService":9104},{"WebRequest":808},{"VR":48050},{"SceneManager":504},{"Video":64},{"LazyScriptCache":32},{"Camera":17},{"Secure":2113},{"SerializationCache":1576},{"APIUpdating":10320},{"Subsystems":336},{"VirtualTexturing":57888},{"StaticSafetyDebugInfo":278528},{"Analytics":464},{"Hierarchy":608},{"CoreStats":13032},{"Identifiers":12960},{"Gui":128},{"EditorUtility":127579},{"VersionControl":4},{"Undo":931},{"AssetDatabase":17740472},{"EditorGi":328},{"UnityConnect":37753},{"Upm":1912},{"UpmDiagnostics":8},{"AssetCompliance":64},{"DrivenProperties":72},{"LocalIPC":213},{"ProfilerEditor":9746},{"CoreBusinessMetrics":2884},{"Windowing":456},{"Licensing":664},{"AssetReference":32},{"IPCStream":32}]}
~StackAllocator(ALLOC_TEMP_MAIN) m_LastAlloc not NULL. Did you forget to call FreeAllStackAllocations()? To get more information, run app with -diag-temp-memory-leak-validation cmd line argument
